INFO: 10/12/2020 03:01:28 AM MESSAGE: Created Site SITE_NEWYORK.
INFO: 10/12/2020 03:01:28 AM MESSAGE:  Created waninterface Circuit to At&T.
INFO: 10/12/2020 03:01:29 AM MESSAGE:  Created waninterface Circuit to BSNL.
ERROR: 10/12/2020 03:01:29 AM ERROR: Element SPOKE_01(4210b512-5243-d410-01cb-e8bd6e482e14) is already assigned to site BLR_SITE
INFO: 10/12/2020 03:01:37 AM MESSAGE: No Change for Site SITE_NEWYORK.
INFO: 10/12/2020 03:01:37 AM MESSAGE:  No Change for Waninterface Circuit to At&T.
INFO: 10/12/2020 03:01:37 AM MESSAGE:  No Change for Waninterface Circuit to BSNL.
ERROR: 10/12/2020 03:01:37 AM ERROR: Element SPOKE_01(4210b512-5243-d410-01cb-e8bd6e482e14) is already assigned to site BLR_SITE
INFO: 10/12/2020 03:01:44 AM MESSAGE: No Change for Site SITE_NEWYORK.
INFO: 10/12/2020 03:01:44 AM MESSAGE:  No Change for Waninterface Circuit to At&T.
INFO: 10/12/2020 03:01:44 AM MESSAGE:  No Change for Waninterface Circuit to BSNL.
ERROR: 10/12/2020 03:01:44 AM ERROR: Element SPOKE_01(4210b512-5243-d410-01cb-e8bd6e482e14) is already assigned to site BLR_SITE
INFO: 10/12/2020 03:01:51 AM MESSAGE: No Change for Site SITE_NEWYORK.
INFO: 10/12/2020 03:01:51 AM MESSAGE:  No Change for Waninterface Circuit to At&T.
INFO: 10/12/2020 03:01:51 AM MESSAGE:  No Change for Waninterface Circuit to BSNL.
ERROR: 10/12/2020 03:01:51 AM ERROR: Element SPOKE_01(4210b512-5243-d410-01cb-e8bd6e482e14) is already assigned to site BLR_SITE
INFO: 10/12/2020 03:02:01 AM MESSAGE: No Change for Site SITE_NEWYORK.
INFO: 10/12/2020 03:02:01 AM MESSAGE:  No Change for Waninterface Circuit to At&T.
INFO: 10/12/2020 03:02:01 AM MESSAGE:  No Change for Waninterface Circuit to BSNL.
ERROR: 10/12/2020 03:02:01 AM ERROR: Element SPOKE_01(4210b512-5243-d410-01cb-e8bd6e482e14) is already assigned to site BLR_SITE
INFO: 10/12/2020 03:05:42 AM MESSAGE: No Change for Site SITE_NEWYORK.
INFO: 10/12/2020 03:05:42 AM MESSAGE:  No Change for Waninterface Circuit to At&T.
INFO: 10/12/2020 03:05:42 AM MESSAGE:  No Change for Waninterface Circuit to BSNL.
ERROR: 10/12/2020 03:05:42 AM ERROR: Element SPOKE_01(4210b512-5243-d410-01cb-e8bd6e482e14) is already assigned to site BLR_SITE
