INFO: 10/08/2020 05:40:42 AM MESSAGE: Created Site BLR_SITE.
INFO: 10/08/2020 05:40:42 AM MESSAGE:  Created waninterface Circuit to Airtel.
INFO: 10/08/2020 05:40:42 AM MESSAGE:  Created waninterface Circuit to Verizon.
INFO: 10/08/2020 05:40:43 AM MESSAGE:  Created Spoke Cluster BLR_OFFICE_HA.
INFO: 10/08/2020 05:40:43 AM MESSAGE:  Element: Code is at correct version 5.4.1-b12.
INFO: 10/08/2020 05:40:43 AM MESSAGE:   Assigning Element SPOKE_01.
INFO: 10/08/2020 05:40:43 AM MESSAGE:   Element SPOKE_01 not yet in requested state(s): bound (is bound_in_progress). Waited so far 0 seconds out of 600.
INFO: 10/08/2020 05:40:53 AM MESSAGE:   Element SPOKE_01 not yet in requested state(s): bound (is bound_in_progress). Waited so far 10 seconds out of 600.
INFO: 10/08/2020 05:41:04 AM MESSAGE:   Element SPOKE_01 not yet in requested state(s): bound (is bound_in_progress). Waited so far 20 seconds out of 600.
INFO: 10/08/2020 05:41:14 AM MESSAGE:   Element SPOKE_01 not yet in requested state(s): bound (is bound_in_progress). Waited so far 30 seconds out of 600.
INFO: 10/08/2020 05:41:24 AM MESSAGE:   Element SPOKE_01 not yet in requested state(s): bound (is bound_in_progress). Waited so far 40 seconds out of 600.
INFO: 10/08/2020 05:41:34 AM MESSAGE:   Element SPOKE_01 not yet in requested state(s): bound (is bound_in_progress). Waited so far 50 seconds out of 600.
INFO: 10/08/2020 05:41:44 AM MESSAGE:   Element SPOKE_01 not yet in requested state(s): bound (is bound_in_progress). Waited so far 60 seconds out of 600.
INFO: 10/08/2020 05:41:54 AM MESSAGE:   Element SPOKE_01 not yet in requested state(s): bound (is bound_in_progress). Waited so far 70 seconds out of 600.
INFO: 10/08/2020 05:42:05 AM MESSAGE:    No Change for Interface 1.
INFO: 10/08/2020 05:42:05 AM MESSAGE:    No Change for Interface 2.
INFO: 10/08/2020 05:42:06 AM MESSAGE:    No Change for Interface controller 1.
INFO: 10/08/2020 05:42:06 AM MESSAGE:    No Change for Interface 3.
INFO: 10/08/2020 05:42:06 AM MESSAGE:    No Change for Interface 4.
INFO: 10/08/2020 05:42:06 AM MESSAGE:    No Change for Interface 5.
INFO: 10/08/2020 05:42:07 AM MESSAGE:    No Change for Interface 6.
INFO: 10/08/2020 05:42:07 AM MESSAGE:    No Change for Interface 7.
INFO: 10/08/2020 05:42:07 AM MESSAGE:    No Change for Interface 8.
INFO: 10/08/2020 05:42:08 AM MESSAGE:    No Change for Interface 9.
INFO: 10/08/2020 05:42:08 AM MESSAGE:    No Change for Spoke HA in Element SPOKE_01.
INFO: 10/08/2020 05:42:08 AM MESSAGE:    No Change for BGP Global Config 16021357184190177.
INFO: 10/08/2020 05:42:09 AM MESSAGE:    No Change for NTP 16021344124090132.
INFO: 10/08/2020 05:42:09 AM MESSAGE:    Created dnsservices BLRDnsService01.
INFO: 10/08/2020 05:42:10 AM MESSAGE:    No Change for Toolkit 16021344293930234.
INFO: 10/08/2020 05:42:10 AM MESSAGE: No Change for Site BLR_SITE state (monitor).
INFO: 10/08/2020 05:42:11 AM MESSAGE: DONE
INFO: 10/08/2020 05:42:19 AM MESSAGE: No Change for Site BLR_SITE.
INFO: 10/08/2020 05:42:19 AM MESSAGE:  No Change for Waninterface Circuit to Airtel.
INFO: 10/08/2020 05:42:19 AM MESSAGE:  No Change for Waninterface Circuit to Verizon.
INFO: 10/08/2020 05:42:20 AM MESSAGE:  No Change for Spoke Cluster BLR_OFFICE_HA.
INFO: 10/08/2020 05:42:20 AM MESSAGE:  Element: Code is at correct version 5.4.1-b12.
INFO: 10/08/2020 05:42:20 AM MESSAGE:   No Change for Element SPOKE_01.
INFO: 10/08/2020 05:42:20 AM MESSAGE:    No Change for Interface 1.
INFO: 10/08/2020 05:42:20 AM MESSAGE:    No Change for Interface 2.
INFO: 10/08/2020 05:42:20 AM MESSAGE:    No Change for Interface controller 1.
INFO: 10/08/2020 05:42:20 AM MESSAGE:    No Change for Interface 3.
INFO: 10/08/2020 05:42:20 AM MESSAGE:    No Change for Interface 4.
INFO: 10/08/2020 05:42:20 AM MESSAGE:    No Change for Interface 5.
INFO: 10/08/2020 05:42:21 AM MESSAGE:    No Change for Interface 6.
INFO: 10/08/2020 05:42:21 AM MESSAGE:    No Change for Interface 7.
INFO: 10/08/2020 05:42:21 AM MESSAGE:    No Change for Interface 8.
INFO: 10/08/2020 05:42:21 AM MESSAGE:    No Change for Interface 9.
INFO: 10/08/2020 05:42:21 AM MESSAGE:    No Change for Spoke HA in Element SPOKE_01.
INFO: 10/08/2020 05:42:21 AM MESSAGE:    No Change for BGP Global Config 16021357184190177.
INFO: 10/08/2020 05:42:21 AM MESSAGE:    No Change for NTP 16021344124090132.
INFO: 10/08/2020 05:42:21 AM MESSAGE:    No Change for dnsservices BLRDnsService01.
INFO: 10/08/2020 05:42:21 AM MESSAGE:    No Change for Toolkit 16021344293930234.
INFO: 10/08/2020 05:42:21 AM MESSAGE: No Change for Site BLR_SITE state (monitor).
INFO: 10/08/2020 05:42:21 AM MESSAGE: DONE
