INFO: 10/15/2020 12:25:52 PM MESSAGE: Created Site SITE_Madagascar.
INFO: 10/15/2020 12:25:53 PM MESSAGE:  Created waninterface Circuit to Airtel.
INFO: 10/15/2020 12:25:53 PM MESSAGE:  Created waninterface Circuit to Vodafone.
INFO: 10/15/2020 12:25:53 PM MESSAGE:  Machine 4210b512-5243-d410-01cb-e8bd6e482e14 is not CLAIMED, attempting to claim..
INFO: 10/15/2020 12:25:53 PM MESSAGE:  Checking Machine 4210b512-5243-d410-01cb-e8bd6e482e14..
INFO: 10/15/2020 12:25:53 PM MESSAGE:   Unclaimed(allocated). Beginning Claim process..
INFO: 10/15/2020 12:25:53 PM MESSAGE:   Machine 4210b512-5243-d410-01cb-e8bd6e482e14 still claiming, waited so far 0 seconds out of 10.
INFO: 10/15/2020 12:26:04 PM MESSAGE:   Machine 4210b512-5243-d410-01cb-e8bd6e482e14 still claiming, waited so far 10 seconds out of 10.
ERROR: 10/15/2020 12:26:14 PM ERROR: Machine 4210b512-5243-d410-01cb-e8bd6e482e14 Claim took longer than 10 seconds. Exiting.
INFO: 10/15/2020 02:08:34 PM MESSAGE: Created Site SITE_Madagascar.
INFO: 10/15/2020 02:08:34 PM MESSAGE:  Created waninterface Circuit to Airtel.
INFO: 10/15/2020 02:08:35 PM MESSAGE:  Created waninterface Circuit to Vodafone.
INFO: 10/15/2020 02:08:35 PM MESSAGE:  Element: Code is at correct version 5.4.3-a8.
INFO: 10/15/2020 02:08:35 PM MESSAGE:   Assigning Element Serial: 4210b512-5243-d410-01cb-e8bd6e482e14.
INFO: 10/15/2020 02:08:35 PM MESSAGE:   Element Serial: 4210b512-5243-d410-01cb-e8bd6e482e14 not yet in requested state(s): bound (is bound_in_progress). Waited so far 0 seconds out of 10.
INFO: 10/15/2020 02:08:46 PM MESSAGE:    Updated Interface 1 (Etag 3 -> 4).
INFO: 10/15/2020 02:08:46 PM MESSAGE:    No Change for Interface 2.
INFO: 10/15/2020 02:08:46 PM MESSAGE:    No Change for Interface controller 1.
INFO: 10/15/2020 02:08:46 PM MESSAGE:    No Change for Interface 3.
INFO: 10/15/2020 02:08:46 PM MESSAGE:    No Change for Interface 4.
INFO: 10/15/2020 02:08:46 PM MESSAGE:    No Change for Interface 5.
INFO: 10/15/2020 02:08:46 PM MESSAGE:    No Change for Interface 6.
INFO: 10/15/2020 02:08:46 PM MESSAGE:    No Change for Interface 7.
INFO: 10/15/2020 02:08:46 PM MESSAGE:    No Change for Interface 8.
INFO: 10/15/2020 02:08:47 PM MESSAGE:    No Change for Interface 9.
INFO: 10/15/2020 02:08:47 PM MESSAGE:    No Change for Spoke HA in Element ION_MADAGASCAR.
INFO: 10/15/2020 02:08:47 PM MESSAGE:    No Change for BGP Global Config 16027709177540098.
INFO: 10/15/2020 02:08:47 PM MESSAGE:    No Change for NTP 16027647539160149.
INFO: 10/15/2020 02:08:48 PM MESSAGE:    Created dnsservices dns_madagascar.
INFO: 10/15/2020 02:08:48 PM MESSAGE:    No Change for Toolkit 16027647705420117.
INFO: 10/15/2020 02:08:49 PM MESSAGE: No Change for Site SITE_Madagascar state (active).
INFO: 10/15/2020 02:08:49 PM MESSAGE: DONE
INFO: 10/15/2020 02:50:46 PM MESSAGE: Created Site SITE_Madagascar.
INFO: 10/15/2020 02:50:48 PM MESSAGE:  Created waninterface Circuit to Airtel.
INFO: 10/15/2020 02:50:49 PM MESSAGE:  Created waninterface Circuit to Vodafone.
INFO: 10/15/2020 02:50:50 PM MESSAGE:  Machine 4210b512-5243-d410-01cb-e8bd6e482e14 is not CLAIMED, attempting to claim..
INFO: 10/15/2020 02:50:50 PM MESSAGE:  Checking Machine 4210b512-5243-d410-01cb-e8bd6e482e14..
INFO: 10/15/2020 02:50:50 PM MESSAGE:   Unclaimed(allocated). Beginning Claim process..
INFO: 10/15/2020 02:50:51 PM MESSAGE:   Machine 4210b512-5243-d410-01cb-e8bd6e482e14 still claiming, waited so far 0 seconds out of 10.
INFO: 10/15/2020 02:51:01 PM MESSAGE:   Machine 4210b512-5243-d410-01cb-e8bd6e482e14 still claiming, waited so far 10 seconds out of 10.
ERROR: 10/15/2020 02:51:11 PM ERROR: Machine 4210b512-5243-d410-01cb-e8bd6e482e14 Claim took longer than 10 seconds. Exiting.
INFO: 10/15/2020 02:58:29 PM MESSAGE: No Change for Site SITE_Madagascar.
INFO: 10/15/2020 02:58:29 PM MESSAGE:  No Change for Waninterface Circuit to Airtel.
INFO: 10/15/2020 02:58:29 PM MESSAGE:  No Change for Waninterface Circuit to Vodafone.
INFO: 10/15/2020 02:58:30 PM MESSAGE:  Element: Code is at correct version 5.4.3-a8.
INFO: 10/15/2020 02:58:30 PM MESSAGE:   Assigning Element Serial: 4210b512-5243-d410-01cb-e8bd6e482e14.
INFO: 10/15/2020 02:58:30 PM MESSAGE:   Element Serial: 4210b512-5243-d410-01cb-e8bd6e482e14 not yet in requested state(s): bound (is bound_in_progress). Waited so far 0 seconds out of 10.
INFO: 10/15/2020 02:58:41 PM MESSAGE:    Updated Interface 1 (Etag 3 -> 4).
INFO: 10/15/2020 02:58:41 PM MESSAGE:    No Change for Interface 2.
INFO: 10/15/2020 02:58:41 PM MESSAGE:    No Change for Interface controller 1.
INFO: 10/15/2020 02:58:41 PM MESSAGE:    No Change for Interface 3.
INFO: 10/15/2020 02:58:41 PM MESSAGE:    No Change for Interface 4.
INFO: 10/15/2020 02:58:41 PM MESSAGE:    No Change for Interface 5.
INFO: 10/15/2020 02:58:41 PM MESSAGE:    No Change for Interface 6.
INFO: 10/15/2020 02:58:41 PM MESSAGE:    No Change for Interface 7.
INFO: 10/15/2020 02:58:41 PM MESSAGE:    No Change for Interface 8.
INFO: 10/15/2020 02:58:41 PM MESSAGE:    No Change for Interface 9.
INFO: 10/15/2020 02:58:41 PM MESSAGE:    No Change for Spoke HA in Element ION_MADAGASCAR.
INFO: 10/15/2020 02:58:42 PM MESSAGE:    No Change for BGP Global Config 16027739130330100.
INFO: 10/15/2020 02:58:42 PM MESSAGE:    No Change for NTP 16027734514220139.
INFO: 10/15/2020 02:58:42 PM MESSAGE:    Created dnsservices dns_madagascar.
INFO: 10/15/2020 02:58:42 PM MESSAGE:    No Change for Toolkit 16027734654740241.
INFO: 10/15/2020 02:58:42 PM MESSAGE: No Change for Site SITE_Madagascar state (active).
INFO: 10/15/2020 02:58:42 PM MESSAGE: DONE
INFO: 10/15/2020 02:59:09 PM MESSAGE: No Change for Site SITE_Madagascar.
INFO: 10/15/2020 02:59:09 PM MESSAGE:  No Change for Waninterface Circuit to Airtel.
INFO: 10/15/2020 02:59:10 PM MESSAGE:  No Change for Waninterface Circuit to Vodafone.
INFO: 10/15/2020 02:59:10 PM MESSAGE:  Element: Code is at correct version 5.4.3-a8.
INFO: 10/15/2020 02:59:10 PM MESSAGE:   No Change for Element ION_MADAGASCAR.
INFO: 10/15/2020 02:59:10 PM MESSAGE:    No Change for Interface 1.
INFO: 10/15/2020 02:59:10 PM MESSAGE:    No Change for Interface 2.
INFO: 10/15/2020 02:59:10 PM MESSAGE:    No Change for Interface controller 1.
INFO: 10/15/2020 02:59:11 PM MESSAGE:    No Change for Interface 3.
INFO: 10/15/2020 02:59:11 PM MESSAGE:    No Change for Interface 4.
INFO: 10/15/2020 02:59:11 PM MESSAGE:    No Change for Interface 5.
INFO: 10/15/2020 02:59:11 PM MESSAGE:    No Change for Interface 6.
INFO: 10/15/2020 02:59:11 PM MESSAGE:    No Change for Interface 7.
INFO: 10/15/2020 02:59:11 PM MESSAGE:    No Change for Interface 8.
INFO: 10/15/2020 02:59:11 PM MESSAGE:    No Change for Interface 9.
INFO: 10/15/2020 02:59:11 PM MESSAGE:    No Change for Spoke HA in Element ION_MADAGASCAR.
INFO: 10/15/2020 02:59:12 PM MESSAGE:    No Change for BGP Global Config 16027739130330100.
INFO: 10/15/2020 02:59:12 PM MESSAGE:    No Change for NTP 16027734514220139.
INFO: 10/15/2020 02:59:12 PM MESSAGE:    No Change for dnsservices dns_madagascar.
INFO: 10/15/2020 02:59:12 PM MESSAGE:    No Change for Toolkit 16027734654740241.
INFO: 10/15/2020 02:59:12 PM MESSAGE: No Change for Site SITE_Madagascar state (active).
INFO: 10/15/2020 02:59:12 PM MESSAGE: DONE
INFO: 10/15/2020 04:16:24 PM MESSAGE: Created Site SITE_Madagascar.
INFO: 10/15/2020 04:16:24 PM MESSAGE:  Created waninterface Circuit to Airtel.
INFO: 10/15/2020 04:16:24 PM MESSAGE:  Created waninterface Circuit to Vodafone.
INFO: 10/15/2020 04:16:24 PM MESSAGE:  Machine 4210b512-5243-d410-01cb-e8bd6e482e14 is not CLAIMED, attempting to claim..
INFO: 10/15/2020 04:16:25 PM MESSAGE:  Checking Machine 4210b512-5243-d410-01cb-e8bd6e482e14..
INFO: 10/15/2020 04:16:25 PM MESSAGE:   Unclaimed(allocated). Beginning Claim process..
INFO: 10/15/2020 04:16:25 PM MESSAGE:   Machine 4210b512-5243-d410-01cb-e8bd6e482e14 still claiming, waited so far 0 seconds out of 10.
INFO: 10/15/2020 04:16:35 PM MESSAGE:   Machine 4210b512-5243-d410-01cb-e8bd6e482e14 still claiming, waited so far 10 seconds out of 10.
ERROR: 10/15/2020 04:16:45 PM ERROR: Machine 4210b512-5243-d410-01cb-e8bd6e482e14 Claim took longer than 10 seconds. Exiting.
INFO: 10/15/2020 04:26:01 PM MESSAGE: No Change for Site SITE_Madagascar.
INFO: 10/15/2020 04:26:02 PM MESSAGE:  No Change for Waninterface Circuit to Airtel.
INFO: 10/15/2020 04:26:02 PM MESSAGE:  No Change for Waninterface Circuit to Vodafone.
INFO: 10/15/2020 04:26:02 PM MESSAGE:   Element Serial: 4210b512-5243-d410-01cb-e8bd6e482e14 not yet in requested state(s): ready, bound (is init). Waited so far 0 seconds out of 10.
INFO: 10/15/2020 04:26:12 PM MESSAGE:   Element Serial: 4210b512-5243-d410-01cb-e8bd6e482e14 not yet in requested state(s): ready, bound (is init). Waited so far 10 seconds out of 10.
ERROR: 10/15/2020 04:26:22 PM ERROR: Element Serial: 4210b512-5243-d410-01cb-e8bd6e482e14 state transition took longer than 10 seconds. Exiting.
INFO: 10/15/2020 04:26:32 PM MESSAGE: No Change for Site SITE_Madagascar.
INFO: 10/15/2020 04:26:32 PM MESSAGE:  No Change for Waninterface Circuit to Airtel.
INFO: 10/15/2020 04:26:32 PM MESSAGE:  No Change for Waninterface Circuit to Vodafone.
INFO: 10/15/2020 04:26:33 PM MESSAGE:   Element Serial: 4210b512-5243-d410-01cb-e8bd6e482e14 not yet in requested state(s): ready, bound (is init). Waited so far 0 seconds out of 10.
INFO: 10/15/2020 04:26:43 PM MESSAGE:   Element Serial: 4210b512-5243-d410-01cb-e8bd6e482e14 not yet in requested state(s): ready, bound (is init). Waited so far 10 seconds out of 10.
ERROR: 10/15/2020 04:26:53 PM ERROR: Element Serial: 4210b512-5243-d410-01cb-e8bd6e482e14 state transition took longer than 10 seconds. Exiting.
INFO: 10/15/2020 04:27:05 PM MESSAGE: No Change for Site SITE_Madagascar.
INFO: 10/15/2020 04:27:05 PM MESSAGE:  No Change for Waninterface Circuit to Airtel.
INFO: 10/15/2020 04:27:05 PM MESSAGE:  No Change for Waninterface Circuit to Vodafone.
INFO: 10/15/2020 04:27:06 PM MESSAGE:   Element Serial: 4210b512-5243-d410-01cb-e8bd6e482e14 not yet in requested state(s): ready, bound (is init). Waited so far 0 seconds out of 10.
INFO: 10/15/2020 04:27:16 PM MESSAGE:   Element Serial: 4210b512-5243-d410-01cb-e8bd6e482e14 not yet in requested state(s): ready, bound (is init). Waited so far 10 seconds out of 10.
ERROR: 10/15/2020 04:27:26 PM ERROR: Element Serial: 4210b512-5243-d410-01cb-e8bd6e482e14 state transition took longer than 10 seconds. Exiting.
INFO: 10/15/2020 04:27:36 PM MESSAGE: No Change for Site SITE_Madagascar.
INFO: 10/15/2020 04:27:36 PM MESSAGE:  No Change for Waninterface Circuit to Airtel.
INFO: 10/15/2020 04:27:37 PM MESSAGE:  No Change for Waninterface Circuit to Vodafone.
INFO: 10/15/2020 04:27:37 PM MESSAGE:   Element Serial: 4210b512-5243-d410-01cb-e8bd6e482e14 not yet in requested state(s): ready, bound (is init). Waited so far 0 seconds out of 10.
INFO: 10/15/2020 04:27:47 PM MESSAGE:   Element Serial: 4210b512-5243-d410-01cb-e8bd6e482e14 not yet in requested state(s): ready, bound (is init). Waited so far 10 seconds out of 10.
ERROR: 10/15/2020 04:27:57 PM ERROR: Element Serial: 4210b512-5243-d410-01cb-e8bd6e482e14 state transition took longer than 10 seconds. Exiting.
INFO: 10/16/2020 02:03:36 AM MESSAGE: Created Site SITE_Madagascar.
INFO: 10/16/2020 02:03:36 AM MESSAGE:  Created waninterface Circuit to Airtel.
INFO: 10/16/2020 02:03:36 AM MESSAGE:  Created waninterface Circuit to Vodafone.
INFO: 10/16/2020 02:03:36 AM MESSAGE:  Machine 4210b512-5243-d410-01cb-e8bd6e482e14 is not CLAIMED, attempting to claim..
INFO: 10/16/2020 02:03:36 AM MESSAGE:  Checking Machine 4210b512-5243-d410-01cb-e8bd6e482e14..
INFO: 10/16/2020 02:03:36 AM MESSAGE:   Unclaimed(allocated). Beginning Claim process..
INFO: 10/16/2020 02:03:37 AM MESSAGE:   Machine 4210b512-5243-d410-01cb-e8bd6e482e14 still claiming, waited so far 0 seconds out of 10.
INFO: 10/16/2020 02:03:47 AM MESSAGE:   Machine 4210b512-5243-d410-01cb-e8bd6e482e14 still claiming, waited so far 10 seconds out of 10.
ERROR: 10/16/2020 02:03:57 AM ERROR: Machine 4210b512-5243-d410-01cb-e8bd6e482e14 Claim took longer than 10 seconds. Exiting.
INFO: 10/16/2020 02:10:59 AM MESSAGE: No Change for Site SITE_Madagascar.
INFO: 10/16/2020 02:10:59 AM MESSAGE:  No Change for Waninterface Circuit to Airtel.
INFO: 10/16/2020 02:10:59 AM MESSAGE:  No Change for Waninterface Circuit to Vodafone.
INFO: 10/16/2020 02:10:59 AM MESSAGE:  Element: Code is at correct version 5.4.3-a8.
INFO: 10/16/2020 02:11:00 AM MESSAGE:   Assigning Element Serial: 4210b512-5243-d410-01cb-e8bd6e482e14.
INFO: 10/16/2020 02:11:00 AM MESSAGE:   Element Serial: 4210b512-5243-d410-01cb-e8bd6e482e14 not yet in requested state(s): bound (is bound_in_progress). Waited so far 0 seconds out of 10.
INFO: 10/16/2020 02:11:10 AM MESSAGE:    Updated Interface 1 (Etag 3 -> 4).
INFO: 10/16/2020 02:11:10 AM MESSAGE:    No Change for Interface 2.
INFO: 10/16/2020 02:11:11 AM MESSAGE:    No Change for Interface controller 1.
INFO: 10/16/2020 02:11:11 AM MESSAGE:    No Change for Interface 3.
INFO: 10/16/2020 02:11:11 AM MESSAGE:    No Change for Interface 4.
INFO: 10/16/2020 02:11:11 AM MESSAGE:    No Change for Interface 5.
INFO: 10/16/2020 02:11:11 AM MESSAGE:    No Change for Interface 6.
INFO: 10/16/2020 02:11:11 AM MESSAGE:    No Change for Interface 7.
INFO: 10/16/2020 02:11:11 AM MESSAGE:    No Change for Interface 8.
INFO: 10/16/2020 02:11:11 AM MESSAGE:    No Change for Interface 9.
INFO: 10/16/2020 02:11:11 AM MESSAGE:    No Change for Spoke HA in Element ION_MADAGASCAR.
INFO: 10/16/2020 02:11:11 AM MESSAGE:    No Change for BGP Global Config 16028142623220190.
INFO: 10/16/2020 02:11:12 AM MESSAGE:    No Change for NTP 16028138172130109.
INFO: 10/16/2020 02:11:12 AM MESSAGE:    Created dnsservices dns_madagascar.
INFO: 10/16/2020 02:11:12 AM MESSAGE:    No Change for Toolkit 16028138306830139.
INFO: 10/16/2020 02:11:12 AM MESSAGE: No Change for Site SITE_Madagascar state (active).
INFO: 10/16/2020 02:11:12 AM MESSAGE: DONE
INFO: 10/16/2020 02:11:39 AM MESSAGE: No Change for Site SITE_Madagascar.
INFO: 10/16/2020 02:11:39 AM MESSAGE:  No Change for Waninterface Circuit to Airtel.
INFO: 10/16/2020 02:11:39 AM MESSAGE:  No Change for Waninterface Circuit to Vodafone.
INFO: 10/16/2020 02:11:39 AM MESSAGE:  Element: Code is at correct version 5.4.3-a8.
INFO: 10/16/2020 02:11:39 AM MESSAGE:   No Change for Element ION_MADAGASCAR.
INFO: 10/16/2020 02:11:40 AM MESSAGE:    No Change for Interface 1.
INFO: 10/16/2020 02:11:40 AM MESSAGE:    No Change for Interface 2.
INFO: 10/16/2020 02:11:40 AM MESSAGE:    No Change for Interface controller 1.
INFO: 10/16/2020 02:11:40 AM MESSAGE:    No Change for Interface 3.
INFO: 10/16/2020 02:11:40 AM MESSAGE:    No Change for Interface 4.
INFO: 10/16/2020 02:11:40 AM MESSAGE:    No Change for Interface 5.
INFO: 10/16/2020 02:11:40 AM MESSAGE:    No Change for Interface 6.
INFO: 10/16/2020 02:11:40 AM MESSAGE:    No Change for Interface 7.
INFO: 10/16/2020 02:11:40 AM MESSAGE:    No Change for Interface 8.
INFO: 10/16/2020 02:11:40 AM MESSAGE:    No Change for Interface 9.
INFO: 10/16/2020 02:11:40 AM MESSAGE:    No Change for Spoke HA in Element ION_MADAGASCAR.
INFO: 10/16/2020 02:11:41 AM MESSAGE:    No Change for BGP Global Config 16028142623220190.
INFO: 10/16/2020 02:11:41 AM MESSAGE:    No Change for NTP 16028138172130109.
INFO: 10/16/2020 02:11:41 AM MESSAGE:    No Change for dnsservices dns_madagascar.
INFO: 10/16/2020 02:11:41 AM MESSAGE:    No Change for Toolkit 16028138306830139.
INFO: 10/16/2020 02:11:41 AM MESSAGE: No Change for Site SITE_Madagascar state (active).
INFO: 10/16/2020 02:11:41 AM MESSAGE: DONE
INFO: 10/16/2020 03:04:49 AM MESSAGE: Created Site SITE_Madagascar.
INFO: 10/16/2020 03:04:49 AM MESSAGE:  Created waninterface Circuit to Airtel.
INFO: 10/16/2020 03:04:49 AM MESSAGE:  Created waninterface Circuit to Vodafone.
INFO: 10/16/2020 03:04:49 AM MESSAGE:  Machine 4210b512-5243-d410-01cb-e8bd6e482e14 is not CLAIMED, attempting to claim..
INFO: 10/16/2020 03:04:49 AM MESSAGE:  Checking Machine 4210b512-5243-d410-01cb-e8bd6e482e14..
INFO: 10/16/2020 03:04:50 AM MESSAGE:   Unclaimed(allocated). Beginning Claim process..
INFO: 10/16/2020 03:04:50 AM MESSAGE:   Machine 4210b512-5243-d410-01cb-e8bd6e482e14 still claiming, waited so far 0 seconds out of 10.
INFO: 10/16/2020 03:05:00 AM MESSAGE:   Machine 4210b512-5243-d410-01cb-e8bd6e482e14 still claiming, waited so far 10 seconds out of 10.
ERROR: 10/16/2020 03:05:10 AM ERROR: Machine 4210b512-5243-d410-01cb-e8bd6e482e14 Claim took longer than 10 seconds. Exiting.
INFO: 10/16/2020 03:12:07 AM MESSAGE: No Change for Site SITE_Madagascar.
INFO: 10/16/2020 03:12:07 AM MESSAGE:  No Change for Waninterface Circuit to Airtel.
INFO: 10/16/2020 03:12:07 AM MESSAGE:  No Change for Waninterface Circuit to Vodafone.
INFO: 10/16/2020 03:12:08 AM MESSAGE:  Element: Code is at correct version 5.4.3-a8.
INFO: 10/16/2020 03:12:08 AM MESSAGE:   Assigning Element Serial: 4210b512-5243-d410-01cb-e8bd6e482e14.
INFO: 10/16/2020 03:12:10 AM MESSAGE:   Element Serial: 4210b512-5243-d410-01cb-e8bd6e482e14 not yet in requested state(s): bound (is bound_in_progress). Waited so far 0 seconds out of 10.
INFO: 10/16/2020 03:12:20 AM MESSAGE:    Updated Interface 1 (Etag 3 -> 4).
INFO: 10/16/2020 03:12:20 AM MESSAGE:    No Change for Interface 2.
INFO: 10/16/2020 03:12:20 AM MESSAGE:    No Change for Interface controller 1.
INFO: 10/16/2020 03:12:20 AM MESSAGE:    No Change for Interface 3.
INFO: 10/16/2020 03:12:20 AM MESSAGE:    No Change for Interface 4.
INFO: 10/16/2020 03:12:20 AM MESSAGE:    No Change for Interface 5.
INFO: 10/16/2020 03:12:20 AM MESSAGE:    No Change for Interface 6.
INFO: 10/16/2020 03:12:20 AM MESSAGE:    No Change for Interface 7.
INFO: 10/16/2020 03:12:20 AM MESSAGE:    No Change for Interface 8.
INFO: 10/16/2020 03:12:20 AM MESSAGE:    No Change for Interface 9.
INFO: 10/16/2020 03:12:21 AM MESSAGE:    No Change for Spoke HA in Element ION_MADAGASCAR.
INFO: 10/16/2020 03:12:21 AM MESSAGE:    No Change for BGP Global Config 16028179316850240.
INFO: 10/16/2020 03:12:21 AM MESSAGE:    No Change for NTP 16028174901940177.
INFO: 10/16/2020 03:12:21 AM MESSAGE:    Created dnsservices dns_madagascar.
INFO: 10/16/2020 03:12:21 AM MESSAGE:    No Change for Toolkit 16028175038750102.
INFO: 10/16/2020 03:12:21 AM MESSAGE: No Change for Site SITE_Madagascar state (active).
INFO: 10/16/2020 03:12:21 AM MESSAGE: DONE
INFO: 10/16/2020 03:12:48 AM MESSAGE: No Change for Site SITE_Madagascar.
INFO: 10/16/2020 03:12:48 AM MESSAGE:  No Change for Waninterface Circuit to Airtel.
INFO: 10/16/2020 03:12:48 AM MESSAGE:  No Change for Waninterface Circuit to Vodafone.
INFO: 10/16/2020 03:12:48 AM MESSAGE:  Element: Code is at correct version 5.4.3-a8.
INFO: 10/16/2020 03:12:49 AM MESSAGE:   No Change for Element ION_MADAGASCAR.
INFO: 10/16/2020 03:12:49 AM MESSAGE:    No Change for Interface 1.
INFO: 10/16/2020 03:12:49 AM MESSAGE:    No Change for Interface 2.
INFO: 10/16/2020 03:12:49 AM MESSAGE:    No Change for Interface controller 1.
INFO: 10/16/2020 03:12:49 AM MESSAGE:    No Change for Interface 3.
INFO: 10/16/2020 03:12:49 AM MESSAGE:    No Change for Interface 4.
INFO: 10/16/2020 03:12:49 AM MESSAGE:    No Change for Interface 5.
INFO: 10/16/2020 03:12:49 AM MESSAGE:    No Change for Interface 6.
INFO: 10/16/2020 03:12:49 AM MESSAGE:    No Change for Interface 7.
INFO: 10/16/2020 03:12:49 AM MESSAGE:    No Change for Interface 8.
INFO: 10/16/2020 03:12:49 AM MESSAGE:    No Change for Interface 9.
INFO: 10/16/2020 03:12:49 AM MESSAGE:    No Change for Spoke HA in Element ION_MADAGASCAR.
INFO: 10/16/2020 03:12:50 AM MESSAGE:    No Change for BGP Global Config 16028179316850240.
INFO: 10/16/2020 03:12:50 AM MESSAGE:    No Change for NTP 16028174901940177.
INFO: 10/16/2020 03:12:50 AM MESSAGE:    No Change for dnsservices dns_madagascar.
INFO: 10/16/2020 03:12:50 AM MESSAGE:    No Change for Toolkit 16028175038750102.
INFO: 10/16/2020 03:12:50 AM MESSAGE: No Change for Site SITE_Madagascar state (active).
INFO: 10/16/2020 03:12:50 AM MESSAGE: DONE
INFO: 10/16/2020 04:18:03 AM MESSAGE: Created Site SITE_Madagascar.
INFO: 10/16/2020 04:18:04 AM MESSAGE:  Created waninterface Circuit to Airtel.
INFO: 10/16/2020 04:18:05 AM MESSAGE:  Created waninterface Circuit to Vodafone.
INFO: 10/16/2020 04:18:06 AM MESSAGE:  Machine 4210b512-5243-d410-01cb-e8bd6e482e14 is not CLAIMED, attempting to claim..
INFO: 10/16/2020 04:18:06 AM MESSAGE:  Checking Machine 4210b512-5243-d410-01cb-e8bd6e482e14..
INFO: 10/16/2020 04:18:07 AM MESSAGE:   Unclaimed(allocated). Beginning Claim process..
INFO: 10/16/2020 04:18:08 AM MESSAGE:   Machine 4210b512-5243-d410-01cb-e8bd6e482e14 still claiming, waited so far 0 seconds out of 10.
INFO: 10/16/2020 04:18:18 AM MESSAGE:   Machine 4210b512-5243-d410-01cb-e8bd6e482e14 still claiming, waited so far 10 seconds out of 10.
ERROR: 10/16/2020 04:18:28 AM ERROR: Machine 4210b512-5243-d410-01cb-e8bd6e482e14 Claim took longer than 10 seconds. Exiting.
INFO: 10/16/2020 04:25:52 AM MESSAGE: No Change for Site SITE_Madagascar.
INFO: 10/16/2020 04:25:52 AM MESSAGE:  No Change for Waninterface Circuit to Airtel.
INFO: 10/16/2020 04:25:52 AM MESSAGE:  No Change for Waninterface Circuit to Vodafone.
INFO: 10/16/2020 04:25:53 AM MESSAGE:  Element: Code is at correct version 5.4.3-a8.
INFO: 10/16/2020 04:25:53 AM MESSAGE:   Assigning Element Serial: 4210b512-5243-d410-01cb-e8bd6e482e14.
INFO: 10/16/2020 04:25:53 AM MESSAGE:   Element Serial: 4210b512-5243-d410-01cb-e8bd6e482e14 not yet in requested state(s): bound (is bound_in_progress). Waited so far 0 seconds out of 10.
INFO: 10/16/2020 04:26:03 AM MESSAGE:    Updated Interface 1 (Etag 3 -> 4).
INFO: 10/16/2020 04:26:03 AM MESSAGE:    No Change for Interface 2.
INFO: 10/16/2020 04:26:03 AM MESSAGE:    No Change for Interface controller 1.
INFO: 10/16/2020 04:26:03 AM MESSAGE:    No Change for Interface 3.
INFO: 10/16/2020 04:26:04 AM MESSAGE:    No Change for Interface 4.
INFO: 10/16/2020 04:26:04 AM MESSAGE:    No Change for Interface 5.
INFO: 10/16/2020 04:26:04 AM MESSAGE:    No Change for Interface 6.
INFO: 10/16/2020 04:26:04 AM MESSAGE:    No Change for Interface 7.
INFO: 10/16/2020 04:26:04 AM MESSAGE:    No Change for Interface 8.
INFO: 10/16/2020 04:26:04 AM MESSAGE:    No Change for Interface 9.
INFO: 10/16/2020 04:26:04 AM MESSAGE:    No Change for Spoke HA in Element ION_MADAGASCAR.
INFO: 10/16/2020 04:26:04 AM MESSAGE:    No Change for BGP Global Config 16028223557760030.
INFO: 10/16/2020 04:26:04 AM MESSAGE:    No Change for NTP 16028218881450061.
INFO: 10/16/2020 04:26:04 AM MESSAGE:    Created dnsservices dns_madagascar.
INFO: 10/16/2020 04:26:04 AM MESSAGE:    No Change for Toolkit 16028219022320200.
INFO: 10/16/2020 04:26:05 AM MESSAGE: No Change for Site SITE_Madagascar state (active).
INFO: 10/16/2020 04:26:05 AM MESSAGE: DONE
INFO: 10/16/2020 06:44:43 AM MESSAGE: Created Site SITE_Madagascar.
INFO: 10/16/2020 06:44:44 AM MESSAGE:  Created waninterface Circuit to Airtel.
INFO: 10/16/2020 06:44:44 AM MESSAGE:  Created waninterface Circuit to Vodafone.
INFO: 10/16/2020 06:44:44 AM MESSAGE:  Machine 4210b512-5243-d410-01cb-e8bd6e482e14 is not CLAIMED, attempting to claim..
INFO: 10/16/2020 06:44:44 AM MESSAGE:  Checking Machine 4210b512-5243-d410-01cb-e8bd6e482e14..
INFO: 10/16/2020 06:44:44 AM MESSAGE:   Unclaimed(allocated). Beginning Claim process..
INFO: 10/16/2020 06:44:45 AM MESSAGE:   Machine 4210b512-5243-d410-01cb-e8bd6e482e14 still claiming, waited so far 0 seconds out of 10.
INFO: 10/16/2020 06:44:55 AM MESSAGE:   Machine 4210b512-5243-d410-01cb-e8bd6e482e14 still claiming, waited so far 10 seconds out of 10.
ERROR: 10/16/2020 06:45:05 AM ERROR: Machine 4210b512-5243-d410-01cb-e8bd6e482e14 Claim took longer than 10 seconds. Exiting.
INFO: 10/16/2020 06:52:55 AM MESSAGE: No Change for Site SITE_Madagascar.
INFO: 10/16/2020 06:52:55 AM MESSAGE:  No Change for Waninterface Circuit to Airtel.
INFO: 10/16/2020 06:52:55 AM MESSAGE:  No Change for Waninterface Circuit to Vodafone.
INFO: 10/16/2020 06:52:56 AM MESSAGE:  Element: Code is at correct version 5.4.3-a8.
INFO: 10/16/2020 06:52:56 AM MESSAGE:   Assigning Element Serial: 4210b512-5243-d410-01cb-e8bd6e482e14.
INFO: 10/16/2020 06:52:56 AM MESSAGE:   Element Serial: 4210b512-5243-d410-01cb-e8bd6e482e14 not yet in requested state(s): bound (is bound_in_progress). Waited so far 0 seconds out of 10.
INFO: 10/16/2020 06:53:07 AM MESSAGE:    Updated Interface 1 (Etag 3 -> 4).
INFO: 10/16/2020 06:53:08 AM MESSAGE:    No Change for Interface 2.
INFO: 10/16/2020 06:53:09 AM MESSAGE:    No Change for Interface controller 1.
INFO: 10/16/2020 06:53:09 AM MESSAGE:    No Change for Interface 3.
INFO: 10/16/2020 06:53:10 AM MESSAGE:    No Change for Interface 4.
INFO: 10/16/2020 06:53:10 AM MESSAGE:    No Change for Interface 5.
INFO: 10/16/2020 06:53:11 AM MESSAGE:    No Change for Interface 6.
INFO: 10/16/2020 06:53:12 AM MESSAGE:    No Change for Interface 7.
INFO: 10/16/2020 06:53:12 AM MESSAGE:    No Change for Interface 8.
INFO: 10/16/2020 06:53:12 AM MESSAGE:    No Change for Interface 9.
INFO: 10/16/2020 06:53:13 AM MESSAGE:    No Change for Spoke HA in Element ION_MADAGASCAR.
INFO: 10/16/2020 06:53:13 AM MESSAGE:    No Change for BGP Global Config 16028311792850168.
INFO: 10/16/2020 06:53:13 AM MESSAGE:    No Change for NTP 16028306849850013.
INFO: 10/16/2020 06:53:14 AM MESSAGE:    Created dnsservices dns_madagascar.
INFO: 10/16/2020 06:53:14 AM MESSAGE:    No Change for Toolkit 16028306989730255.
INFO: 10/16/2020 06:53:14 AM MESSAGE: No Change for Site SITE_Madagascar state (active).
INFO: 10/16/2020 06:53:14 AM MESSAGE: DONE
INFO: 10/16/2020 06:53:25 AM MESSAGE: No Change for Site SITE_Madagascar.
INFO: 10/16/2020 06:53:25 AM MESSAGE:  No Change for Waninterface Circuit to Airtel.
INFO: 10/16/2020 06:53:25 AM MESSAGE:  No Change for Waninterface Circuit to Vodafone.
INFO: 10/16/2020 06:53:25 AM MESSAGE:  Element: Code is at correct version 5.4.3-a8.
INFO: 10/16/2020 06:53:25 AM MESSAGE:   No Change for Element ION_MADAGASCAR.
INFO: 10/16/2020 06:53:26 AM MESSAGE:    No Change for Interface 1.
INFO: 10/16/2020 06:53:26 AM MESSAGE:    No Change for Interface 2.
INFO: 10/16/2020 06:53:26 AM MESSAGE:    No Change for Interface controller 1.
INFO: 10/16/2020 06:53:26 AM MESSAGE:    No Change for Interface 3.
INFO: 10/16/2020 06:53:26 AM MESSAGE:    No Change for Interface 4.
INFO: 10/16/2020 06:53:26 AM MESSAGE:    No Change for Interface 5.
INFO: 10/16/2020 06:53:26 AM MESSAGE:    No Change for Interface 6.
INFO: 10/16/2020 06:53:26 AM MESSAGE:    No Change for Interface 7.
INFO: 10/16/2020 06:53:26 AM MESSAGE:    No Change for Interface 8.
INFO: 10/16/2020 06:53:26 AM MESSAGE:    No Change for Interface 9.
INFO: 10/16/2020 06:53:26 AM MESSAGE:    No Change for Spoke HA in Element ION_MADAGASCAR.
INFO: 10/16/2020 06:53:27 AM MESSAGE:    No Change for BGP Global Config 16028311792850168.
INFO: 10/16/2020 06:53:27 AM MESSAGE:    No Change for NTP 16028306849850013.
INFO: 10/16/2020 06:53:27 AM MESSAGE:    No Change for dnsservices dns_madagascar.
INFO: 10/16/2020 06:53:27 AM MESSAGE:    No Change for Toolkit 16028306989730255.
INFO: 10/16/2020 06:53:27 AM MESSAGE: No Change for Site SITE_Madagascar state (active).
INFO: 10/16/2020 06:53:27 AM MESSAGE: DONE
INFO: 10/16/2020 06:56:16 AM MESSAGE: No Change for Site SITE_Madagascar.
INFO: 10/16/2020 06:56:16 AM MESSAGE:  No Change for Waninterface Circuit to Airtel.
INFO: 10/16/2020 06:56:17 AM MESSAGE:  No Change for Waninterface Circuit to Vodafone.
INFO: 10/16/2020 06:56:17 AM MESSAGE:  Element: Code is at correct version 5.4.3-a8.
INFO: 10/16/2020 06:56:17 AM MESSAGE:   No Change for Element ION_MADAGASCAR.
INFO: 10/16/2020 06:56:17 AM MESSAGE:    No Change for Interface 1.
INFO: 10/16/2020 06:56:17 AM MESSAGE:    No Change for Interface 2.
INFO: 10/16/2020 06:56:17 AM MESSAGE:    No Change for Interface controller 1.
INFO: 10/16/2020 06:56:17 AM MESSAGE:    No Change for Interface 3.
INFO: 10/16/2020 06:56:17 AM MESSAGE:    No Change for Interface 4.
INFO: 10/16/2020 06:56:18 AM MESSAGE:    No Change for Interface 5.
INFO: 10/16/2020 06:56:18 AM MESSAGE:    No Change for Interface 6.
INFO: 10/16/2020 06:56:18 AM MESSAGE:    No Change for Interface 7.
INFO: 10/16/2020 06:56:18 AM MESSAGE:    No Change for Interface 8.
INFO: 10/16/2020 06:56:18 AM MESSAGE:    No Change for Interface 9.
INFO: 10/16/2020 06:56:18 AM MESSAGE:    No Change for Spoke HA in Element ION_MADAGASCAR.
INFO: 10/16/2020 06:56:18 AM MESSAGE:    No Change for BGP Global Config 16028311792850168.
INFO: 10/16/2020 06:56:18 AM MESSAGE:    No Change for NTP 16028306849850013.
INFO: 10/16/2020 06:56:18 AM MESSAGE:    No Change for dnsservices dns_madagascar.
INFO: 10/16/2020 06:56:18 AM MESSAGE:    No Change for Toolkit 16028306989730255.
INFO: 10/16/2020 06:56:18 AM MESSAGE: No Change for Site SITE_Madagascar state (active).
INFO: 10/16/2020 06:56:19 AM MESSAGE: DONE
INFO: 10/16/2020 06:58:58 AM MESSAGE: No Change for Site SITE_Madagascar.
INFO: 10/16/2020 06:58:58 AM MESSAGE:  No Change for Waninterface Circuit to Airtel.
INFO: 10/16/2020 06:58:58 AM MESSAGE:  No Change for Waninterface Circuit to Vodafone.
INFO: 10/16/2020 06:58:58 AM MESSAGE:  Element: Code is at correct version 5.4.3-a8.
INFO: 10/16/2020 06:58:59 AM MESSAGE:   No Change for Element ION_MADAGASCAR.
INFO: 10/16/2020 06:58:59 AM MESSAGE:    No Change for Interface 1.
INFO: 10/16/2020 06:58:59 AM MESSAGE:    No Change for Interface 2.
INFO: 10/16/2020 06:58:59 AM MESSAGE:    No Change for Interface controller 1.
INFO: 10/16/2020 06:58:59 AM MESSAGE:    No Change for Interface 3.
INFO: 10/16/2020 06:58:59 AM MESSAGE:    No Change for Interface 4.
INFO: 10/16/2020 06:58:59 AM MESSAGE:    No Change for Interface 5.
INFO: 10/16/2020 06:58:59 AM MESSAGE:    No Change for Interface 6.
INFO: 10/16/2020 06:58:59 AM MESSAGE:    No Change for Interface 7.
INFO: 10/16/2020 06:58:59 AM MESSAGE:    No Change for Interface 8.
INFO: 10/16/2020 06:58:59 AM MESSAGE:    No Change for Interface 9.
INFO: 10/16/2020 06:58:59 AM MESSAGE:    No Change for Spoke HA in Element ION_MADAGASCAR.
INFO: 10/16/2020 06:59:01 AM MESSAGE:    No Change for BGP Global Config 16028311792850168.
INFO: 10/16/2020 06:59:01 AM MESSAGE:    No Change for NTP 16028306849850013.
INFO: 10/16/2020 06:59:02 AM MESSAGE:    No Change for dnsservices dns_madagascar.
INFO: 10/16/2020 06:59:02 AM MESSAGE:    No Change for Toolkit 16028306989730255.
INFO: 10/16/2020 06:59:02 AM MESSAGE: No Change for Site SITE_Madagascar state (active).
INFO: 10/16/2020 06:59:02 AM MESSAGE: DONE
INFO: 10/16/2020 07:55:03 AM MESSAGE: Created Site SITE_Madagascar.
INFO: 10/16/2020 07:55:03 AM MESSAGE:  Created waninterface Circuit to Airtel.
INFO: 10/16/2020 07:55:04 AM MESSAGE:  Created waninterface Circuit to Vodafone.
INFO: 10/16/2020 07:55:04 AM MESSAGE:  Machine 4210b512-5243-d410-01cb-e8bd6e482e14 is not CLAIMED, attempting to claim..
INFO: 10/16/2020 07:55:04 AM MESSAGE:  Checking Machine 4210b512-5243-d410-01cb-e8bd6e482e14..
INFO: 10/16/2020 07:55:04 AM MESSAGE:   Unclaimed(allocated). Beginning Claim process..
INFO: 10/16/2020 07:55:04 AM MESSAGE:   Machine 4210b512-5243-d410-01cb-e8bd6e482e14 still claiming, waited so far 0 seconds out of 10.
INFO: 10/16/2020 07:55:14 AM MESSAGE:   Machine 4210b512-5243-d410-01cb-e8bd6e482e14 still claiming, waited so far 10 seconds out of 10.
ERROR: 10/16/2020 07:55:24 AM ERROR: Machine 4210b512-5243-d410-01cb-e8bd6e482e14 Claim took longer than 10 seconds. Exiting.
INFO: 10/16/2020 08:06:02 AM MESSAGE: No Change for Site SITE_Madagascar.
INFO: 10/16/2020 08:06:02 AM MESSAGE:  No Change for Waninterface Circuit to Airtel.
INFO: 10/16/2020 08:06:02 AM MESSAGE:  No Change for Waninterface Circuit to Vodafone.
INFO: 10/16/2020 08:06:02 AM MESSAGE:  Element: Code is at correct version 5.4.3-a8.
INFO: 10/16/2020 08:06:02 AM MESSAGE:   Assigning Element Serial: 4210b512-5243-d410-01cb-e8bd6e482e14.
INFO: 10/16/2020 08:06:03 AM MESSAGE:   Element Serial: 4210b512-5243-d410-01cb-e8bd6e482e14 not yet in requested state(s): bound (is bound_in_progress). Waited so far 0 seconds out of 10.
INFO: 10/16/2020 08:06:13 AM MESSAGE:    Updated Interface 1 (Etag 3 -> 4).
INFO: 10/16/2020 08:06:13 AM MESSAGE:    No Change for Interface 2.
INFO: 10/16/2020 08:06:13 AM MESSAGE:    No Change for Interface controller 1.
INFO: 10/16/2020 08:06:13 AM MESSAGE:    No Change for Interface 3.
INFO: 10/16/2020 08:06:13 AM MESSAGE:    No Change for Interface 4.
INFO: 10/16/2020 08:06:13 AM MESSAGE:    No Change for Interface 5.
INFO: 10/16/2020 08:06:13 AM MESSAGE:    No Change for Interface 6.
INFO: 10/16/2020 08:06:13 AM MESSAGE:    No Change for Interface 7.
INFO: 10/16/2020 08:06:14 AM MESSAGE:    No Change for Interface 8.
INFO: 10/16/2020 08:06:14 AM MESSAGE:    No Change for Interface 9.
INFO: 10/16/2020 08:06:14 AM MESSAGE:    No Change for Spoke HA in Element ION_MADAGASCAR.
INFO: 10/16/2020 08:06:14 AM MESSAGE:    No Change for BGP Global Config 16028355652690149.
INFO: 10/16/2020 08:06:14 AM MESSAGE:    No Change for NTP 16028349045810112.
INFO: 10/16/2020 08:06:14 AM MESSAGE:    Created dnsservices dns_madagascar.
INFO: 10/16/2020 08:06:14 AM MESSAGE:    No Change for Toolkit 16028349187680236.
INFO: 10/16/2020 08:06:14 AM MESSAGE: No Change for Site SITE_Madagascar state (active).
INFO: 10/16/2020 08:06:15 AM MESSAGE: DONE
INFO: 10/16/2020 08:06:40 AM MESSAGE: No Change for Site SITE_Madagascar.
INFO: 10/16/2020 08:06:40 AM MESSAGE:  No Change for Waninterface Circuit to Airtel.
INFO: 10/16/2020 08:06:40 AM MESSAGE:  No Change for Waninterface Circuit to Vodafone.
INFO: 10/16/2020 08:06:41 AM MESSAGE:  Element: Code is at correct version 5.4.3-a8.
INFO: 10/16/2020 08:06:41 AM MESSAGE:   No Change for Element ION_MADAGASCAR.
INFO: 10/16/2020 08:06:41 AM MESSAGE:    No Change for Interface 1.
INFO: 10/16/2020 08:06:41 AM MESSAGE:    No Change for Interface 2.
INFO: 10/16/2020 08:06:41 AM MESSAGE:    No Change for Interface controller 1.
INFO: 10/16/2020 08:06:41 AM MESSAGE:    No Change for Interface 3.
INFO: 10/16/2020 08:06:41 AM MESSAGE:    No Change for Interface 4.
INFO: 10/16/2020 08:06:41 AM MESSAGE:    No Change for Interface 5.
INFO: 10/16/2020 08:06:42 AM MESSAGE:    No Change for Interface 6.
INFO: 10/16/2020 08:06:42 AM MESSAGE:    No Change for Interface 7.
INFO: 10/16/2020 08:06:42 AM MESSAGE:    No Change for Interface 8.
INFO: 10/16/2020 08:06:42 AM MESSAGE:    No Change for Interface 9.
INFO: 10/16/2020 08:06:42 AM MESSAGE:    No Change for Spoke HA in Element ION_MADAGASCAR.
INFO: 10/16/2020 08:06:42 AM MESSAGE:    No Change for BGP Global Config 16028355652690149.
INFO: 10/16/2020 08:06:42 AM MESSAGE:    No Change for NTP 16028349045810112.
INFO: 10/16/2020 08:06:42 AM MESSAGE:    No Change for dnsservices dns_madagascar.
INFO: 10/16/2020 08:06:42 AM MESSAGE:    No Change for Toolkit 16028349187680236.
INFO: 10/16/2020 08:06:42 AM MESSAGE: No Change for Site SITE_Madagascar state (active).
INFO: 10/16/2020 08:06:42 AM MESSAGE: DONE
INFO: 10/16/2020 09:26:06 AM MESSAGE: Created Site SITE_Madagascar.
INFO: 10/16/2020 09:26:07 AM MESSAGE:  Created waninterface Circuit to Airtel.
INFO: 10/16/2020 09:26:08 AM MESSAGE:  Created waninterface Circuit to Vodafone.
INFO: 10/16/2020 09:26:08 AM MESSAGE:  Machine 4210b512-5243-d410-01cb-e8bd6e482e14 is not CLAIMED, attempting to claim..
INFO: 10/16/2020 09:26:09 AM MESSAGE:  Checking Machine 4210b512-5243-d410-01cb-e8bd6e482e14..
INFO: 10/16/2020 09:26:09 AM MESSAGE:   Unclaimed(allocated). Beginning Claim process..
INFO: 10/16/2020 09:26:09 AM MESSAGE:   Machine 4210b512-5243-d410-01cb-e8bd6e482e14 still claiming, waited so far 0 seconds out of 10.
INFO: 10/16/2020 09:26:20 AM MESSAGE:   Machine 4210b512-5243-d410-01cb-e8bd6e482e14 still claiming, waited so far 10 seconds out of 10.
ERROR: 10/16/2020 09:26:30 AM ERROR: Machine 4210b512-5243-d410-01cb-e8bd6e482e14 Claim took longer than 10 seconds. Exiting.
