INFO: 10/14/2020 12:15:28 PM MESSAGE: Beginning to DESTROY site SITE_NEWYORK(16025842216850164)..
INFO: 10/14/2020 12:15:28 PM MESSAGE: Un-assigning and de-claiming Element SPOKE_02(4210024d-4f88-0811-bbea-40503cf61773) bound to 16025842216850164.
INFO: 10/14/2020 12:15:29 PM MESSAGE:  Removing LAN Networks/WAN Interfaces from 7.
INFO: 10/14/2020 12:15:29 PM MESSAGE:  Removing LAN Networks/WAN Interfaces from 5.
INFO: 10/14/2020 12:15:29 PM MESSAGE:  Removing LAN Networks/WAN Interfaces from 8.
INFO: 10/14/2020 12:15:29 PM MESSAGE:  Removing LAN Networks/WAN Interfaces from 6.
INFO: 10/14/2020 12:15:29 PM MESSAGE:  Removing LAN Networks/WAN Interfaces from 4.
INFO: 10/14/2020 12:15:29 PM MESSAGE:  Removing LAN Networks/WAN Interfaces from 3.
INFO: 10/14/2020 12:15:29 PM MESSAGE:  Removing LAN Networks/WAN Interfaces from 1.
INFO: 10/14/2020 12:15:29 PM MESSAGE:  Removing LAN Networks/WAN Interfaces from 9.
INFO: 10/14/2020 12:15:29 PM MESSAGE:  Removing LAN Networks/WAN Interfaces from controller 1.
INFO: 10/14/2020 12:15:30 PM MESSAGE:  Removing LAN Networks/WAN Interfaces from 2.
INFO: 10/14/2020 12:15:30 PM MESSAGE:  Removing any leftover Element Security Zones and Spoke HA from SPOKE_02:
INFO: 10/14/2020 12:15:30 PM MESSAGE:    No Change for Spoke HA in Element SPOKE_02.
INFO: 10/14/2020 12:15:31 PM MESSAGE:  Deleting Unconfigured Waninterface Circuit to At&T.
INFO: 10/14/2020 12:15:31 PM MESSAGE:  Deleting Unconfigured Waninterface Circuit to BSNL.
INFO: 10/14/2020 12:15:32 PM MESSAGE: Disabling site..
INFO: 10/14/2020 12:15:32 PM MESSAGE: Updated Site SITE_NEWYORK to state disabled.
INFO: 10/14/2020 12:15:32 PM MESSAGE: Deleting Site SITE_NEWYORK..
INFO: 10/14/2020 12:15:32 PM MESSAGE: DONE
