INFO: 10/15/2020 12:24:05 PM MESSAGE: Created Site SITE_MADRID.
INFO: 10/15/2020 12:24:06 PM MESSAGE:  Created waninterface Circuit to T-Mobile.
INFO: 10/15/2020 12:24:06 PM MESSAGE:  Created waninterface Circuit to Vodafone.
INFO: 10/15/2020 12:24:06 PM MESSAGE:  Machine 42155366-ed15-5343-0c8e-5c8ffb1631e4 is not CLAIMED, attempting to claim..
INFO: 10/15/2020 12:24:06 PM MESSAGE:  Checking Machine 42155366-ed15-5343-0c8e-5c8ffb1631e4..
INFO: 10/15/2020 12:24:07 PM MESSAGE:   Unclaimed(allocated). Beginning Claim process..
INFO: 10/15/2020 12:24:07 PM MESSAGE:   Machine 42155366-ed15-5343-0c8e-5c8ffb1631e4 still claiming, waited so far 0 seconds out of 10.
INFO: 10/15/2020 12:24:17 PM MESSAGE:  Claimed. Continuing..
INFO: 10/15/2020 12:24:17 PM MESSAGE:   Element Serial: 42155366-ed15-5343-0c8e-5c8ffb1631e4 not yet in requested state(s): ready, bound (is inventory_get_pending). Waited so far 0 seconds out of 10.
INFO: 10/15/2020 12:24:27 PM MESSAGE:  Element: Code is at correct version 5.4.1-b14.
INFO: 10/15/2020 12:24:27 PM MESSAGE:   Assigning Element Serial: 42155366-ed15-5343-0c8e-5c8ffb1631e4.
INFO: 10/15/2020 12:24:28 PM MESSAGE:   Element Serial: 42155366-ed15-5343-0c8e-5c8ffb1631e4 not yet in requested state(s): bound (is bound_in_progress). Waited so far 0 seconds out of 10.
INFO: 10/15/2020 12:24:38 PM MESSAGE:    Updated Interface 1 (Etag 3 -> 4).
INFO: 10/15/2020 12:24:38 PM MESSAGE:    No Change for Interface 2.
INFO: 10/15/2020 12:24:38 PM MESSAGE:    No Change for Interface controller 1.
INFO: 10/15/2020 12:24:38 PM MESSAGE:    No Change for Interface 3.
INFO: 10/15/2020 12:24:38 PM MESSAGE:    No Change for Spoke HA in Element ION_SPAIN.
INFO: 10/15/2020 12:24:38 PM MESSAGE:    No Change for BGP Global Config 16027646691580188.
INFO: 10/15/2020 12:24:39 PM MESSAGE:    No Change for NTP 16027646472670203.
INFO: 10/15/2020 12:24:39 PM MESSAGE:    Created dnsservices dns_spain.
INFO: 10/15/2020 12:24:39 PM MESSAGE:    No Change for Toolkit 16027646546570249.
INFO: 10/15/2020 12:24:39 PM MESSAGE: No Change for Site SITE_MADRID state (active).
INFO: 10/15/2020 12:24:39 PM MESSAGE: DONE
INFO: 10/15/2020 02:07:27 PM MESSAGE: Created Site SITE_MADRID.
INFO: 10/15/2020 02:07:28 PM MESSAGE:  Created waninterface Circuit to T-Mobile.
INFO: 10/15/2020 02:07:29 PM MESSAGE:  Created waninterface Circuit to Vodafone.
INFO: 10/15/2020 02:07:29 PM MESSAGE:  Element: Code is at correct version 5.4.1-b14.
INFO: 10/15/2020 02:07:30 PM MESSAGE:   Assigning Element Serial: 42155366-ed15-5343-0c8e-5c8ffb1631e4.
INFO: 10/15/2020 02:07:31 PM MESSAGE:   Element Serial: 42155366-ed15-5343-0c8e-5c8ffb1631e4 not yet in requested state(s): bound (is bound_in_progress). Waited so far 0 seconds out of 10.
INFO: 10/15/2020 02:07:42 PM MESSAGE:    Updated Interface 1 (Etag 3 -> 4).
INFO: 10/15/2020 02:07:42 PM MESSAGE:    No Change for Interface 2.
INFO: 10/15/2020 02:07:43 PM MESSAGE:    No Change for Interface controller 1.
INFO: 10/15/2020 02:07:43 PM MESSAGE:    No Change for Interface 3.
INFO: 10/15/2020 02:07:43 PM MESSAGE:    No Change for Spoke HA in Element ION_SPAIN.
INFO: 10/15/2020 02:07:44 PM MESSAGE:    No Change for BGP Global Config 16027708523310216.
INFO: 10/15/2020 02:07:44 PM MESSAGE:    No Change for NTP 16027664429190153.
INFO: 10/15/2020 02:07:45 PM MESSAGE:    Created dnsservices dns_spain.
INFO: 10/15/2020 02:07:45 PM MESSAGE:    No Change for Toolkit 16027664548650040.
INFO: 10/15/2020 02:07:46 PM MESSAGE: No Change for Site SITE_MADRID state (active).
INFO: 10/15/2020 02:07:46 PM MESSAGE: DONE
INFO: 10/15/2020 02:09:46 PM MESSAGE: No Change for Site SITE_MADRID.
INFO: 10/15/2020 02:09:46 PM MESSAGE:  No Change for Waninterface Circuit to T-Mobile.
INFO: 10/15/2020 02:09:46 PM MESSAGE:  No Change for Waninterface Circuit to Vodafone.
INFO: 10/15/2020 02:09:46 PM MESSAGE:  Element: Code is at correct version 5.4.1-b14.
INFO: 10/15/2020 02:09:46 PM MESSAGE:   No Change for Element ION_SPAIN.
INFO: 10/15/2020 02:09:46 PM MESSAGE:    No Change for Interface 1.
INFO: 10/15/2020 02:09:46 PM MESSAGE:    No Change for Interface 2.
INFO: 10/15/2020 02:09:46 PM MESSAGE:    No Change for Interface controller 1.
INFO: 10/15/2020 02:09:46 PM MESSAGE:    No Change for Interface 3.
INFO: 10/15/2020 02:09:47 PM MESSAGE:    No Change for Spoke HA in Element ION_SPAIN.
INFO: 10/15/2020 02:09:47 PM MESSAGE:    No Change for BGP Global Config 16027708523310216.
INFO: 10/15/2020 02:09:47 PM MESSAGE:    No Change for NTP 16027664429190153.
INFO: 10/15/2020 02:09:47 PM MESSAGE:    No Change for dnsservices dns_spain.
INFO: 10/15/2020 02:09:47 PM MESSAGE:    No Change for Toolkit 16027664548650040.
INFO: 10/15/2020 02:09:47 PM MESSAGE: No Change for Site SITE_MADRID state (active).
INFO: 10/15/2020 02:09:47 PM MESSAGE: DONE
INFO: 10/15/2020 02:48:59 PM MESSAGE: Created Site SITE_MADRID.
INFO: 10/15/2020 02:48:59 PM MESSAGE:  Created waninterface Circuit to T-Mobile.
INFO: 10/15/2020 02:48:59 PM MESSAGE:  Created waninterface Circuit to Vodafone.
INFO: 10/15/2020 02:48:59 PM MESSAGE:  Machine 42155366-ed15-5343-0c8e-5c8ffb1631e4 is not CLAIMED, attempting to claim..
INFO: 10/15/2020 02:48:59 PM MESSAGE:  Checking Machine 42155366-ed15-5343-0c8e-5c8ffb1631e4..
INFO: 10/15/2020 02:49:00 PM MESSAGE:   Unclaimed(allocated). Beginning Claim process..
INFO: 10/15/2020 02:49:00 PM MESSAGE:   Machine 42155366-ed15-5343-0c8e-5c8ffb1631e4 still claiming, waited so far 0 seconds out of 10.
INFO: 10/15/2020 02:49:10 PM MESSAGE:  Claimed. Continuing..
INFO: 10/15/2020 02:49:11 PM MESSAGE:   Element Serial: 42155366-ed15-5343-0c8e-5c8ffb1631e4 not yet in requested state(s): ready, bound (is inventory_get_pending). Waited so far 0 seconds out of 10.
INFO: 10/15/2020 02:49:21 PM MESSAGE:  Element: Code is at correct version 5.4.1-b14.
INFO: 10/15/2020 02:49:21 PM MESSAGE:   Assigning Element Serial: 42155366-ed15-5343-0c8e-5c8ffb1631e4.
INFO: 10/15/2020 02:49:23 PM MESSAGE:   Element Serial: 42155366-ed15-5343-0c8e-5c8ffb1631e4 not yet in requested state(s): bound (is bound_in_progress). Waited so far 0 seconds out of 10.
INFO: 10/15/2020 02:49:34 PM MESSAGE:    Updated Interface 1 (Etag 3 -> 4).
INFO: 10/15/2020 02:49:34 PM MESSAGE:    No Change for Interface 2.
INFO: 10/15/2020 02:49:34 PM MESSAGE:    No Change for Interface controller 1.
INFO: 10/15/2020 02:49:34 PM MESSAGE:    No Change for Interface 3.
INFO: 10/15/2020 02:49:34 PM MESSAGE:    No Change for Spoke HA in Element ION_SPAIN.
INFO: 10/15/2020 02:49:34 PM MESSAGE:    No Change for BGP Global Config 16027733644450082.
INFO: 10/15/2020 02:49:34 PM MESSAGE:    No Change for NTP 16027733401950136.
INFO: 10/15/2020 02:49:34 PM MESSAGE:    Created dnsservices dns_spain.
INFO: 10/15/2020 02:49:34 PM MESSAGE:    No Change for Toolkit 16027733479960159.
INFO: 10/15/2020 02:49:34 PM MESSAGE: No Change for Site SITE_MADRID state (active).
INFO: 10/15/2020 02:49:34 PM MESSAGE: DONE
