INFO: 10/23/2020 02:06:11 AM MESSAGE: Beginning to DESTROY site SITE_BLR(16034149697120080)..
INFO: 10/23/2020 02:06:11 AM MESSAGE: Un-assigning and de-claiming Element BLR_HA_ION_01(42108316-62af-0a63-0ed5-9ef9888ec291) bound to 16034149697120080.
INFO: 10/23/2020 02:06:11 AM MESSAGE:  Removing LAN Networks/WAN Interfaces from 5.
INFO: 10/23/2020 02:06:11 AM MESSAGE:  Removing LAN Networks/WAN Interfaces from 1.
INFO: 10/23/2020 02:06:11 AM MESSAGE:  Removing LAN Networks/WAN Interfaces from 9.
INFO: 10/23/2020 02:06:11 AM MESSAGE:  Removing LAN Networks/WAN Interfaces from 7.
INFO: 10/23/2020 02:06:12 AM MESSAGE:  Removing LAN Networks/WAN Interfaces from 3.
INFO: 10/23/2020 02:06:12 AM MESSAGE:  Removing LAN Networks/WAN Interfaces from 4.
INFO: 10/23/2020 02:06:12 AM MESSAGE:  Removing LAN Networks/WAN Interfaces from 2.
INFO: 10/23/2020 02:06:12 AM MESSAGE:  Removing LAN Networks/WAN Interfaces from 8.
INFO: 10/23/2020 02:06:12 AM MESSAGE:  Removing LAN Networks/WAN Interfaces from 6.
INFO: 10/23/2020 02:06:12 AM MESSAGE:  Removing LAN Networks/WAN Interfaces from controller 1.
INFO: 10/23/2020 02:06:12 AM MESSAGE:  Removing any leftover Element Security Zones and Spoke HA from BLR_HA_ION_01:
INFO: 10/23/2020 02:06:12 AM MESSAGE:    Updating Spoke HA for Element BLR_HA_ION_01.
INFO: 10/23/2020 02:06:13 AM MESSAGE: Un-assigning and de-claiming Element BLR_HA_ION_02(4210fff5-706e-5c8c-7e74-85f94d992ea1) bound to 16034149697120080.
INFO: 10/23/2020 02:06:14 AM MESSAGE:  Removing LAN Networks/WAN Interfaces from controller 1.
INFO: 10/23/2020 02:06:14 AM MESSAGE:  Removing LAN Networks/WAN Interfaces from 7.
INFO: 10/23/2020 02:06:14 AM MESSAGE:  Removing LAN Networks/WAN Interfaces from 3.
INFO: 10/23/2020 02:06:14 AM MESSAGE:  Removing LAN Networks/WAN Interfaces from 2.
INFO: 10/23/2020 02:06:15 AM MESSAGE:  Removing LAN Networks/WAN Interfaces from 4.
INFO: 10/23/2020 02:06:15 AM MESSAGE:  Removing LAN Networks/WAN Interfaces from 8.
INFO: 10/23/2020 02:06:15 AM MESSAGE:  Removing LAN Networks/WAN Interfaces from 9.
INFO: 10/23/2020 02:06:15 AM MESSAGE:  Removing LAN Networks/WAN Interfaces from 1.
INFO: 10/23/2020 02:06:16 AM MESSAGE:  Removing LAN Networks/WAN Interfaces from 5.
INFO: 10/23/2020 02:06:16 AM MESSAGE:  Removing LAN Networks/WAN Interfaces from 6.
INFO: 10/23/2020 02:06:16 AM MESSAGE:  Removing any leftover Element Security Zones and Spoke HA from BLR_HA_ION_02:
INFO: 10/23/2020 02:06:16 AM MESSAGE:    Updating Spoke HA for Element BLR_HA_ION_02.
INFO: 10/23/2020 02:06:18 AM MESSAGE:  Deleting Unconfigured Waninterface 16034153740530136.
INFO: 10/23/2020 02:06:18 AM MESSAGE:  Deleting Unconfigured Waninterface 16034153828110208.
INFO: 10/23/2020 02:06:19 AM MESSAGE: Disabling site..
INFO: 10/23/2020 02:06:19 AM MESSAGE: Updated Site SITE_BLR to state disabled.
INFO: 10/23/2020 02:06:19 AM MESSAGE: Deleting Site SITE_BLR..
INFO: 10/23/2020 02:06:20 AM MESSAGE: DONE
INFO: 10/23/2020 02:13:27 AM MESSAGE: Beginning to DESTROY site SITE_BLR(16034188565610129)..
INFO: 10/23/2020 02:13:27 AM MESSAGE:  Deleting Unconfigured Waninterface Circuit to Airtel.
INFO: 10/23/2020 02:13:28 AM MESSAGE:  Deleting Unconfigured Waninterface Circuit to Verizon.
INFO: 10/23/2020 02:13:28 AM MESSAGE: Disabling site..
INFO: 10/23/2020 02:13:28 AM MESSAGE: Updated Site SITE_BLR to state disabled.
INFO: 10/23/2020 02:13:28 AM MESSAGE: Deleting Site SITE_BLR..
INFO: 10/23/2020 02:13:28 AM MESSAGE: DONE
INFO: 10/23/2020 02:50:13 AM MESSAGE: Beginning to DESTROY site SITE_BLR(16034197493030189)..
INFO: 10/23/2020 02:50:13 AM MESSAGE: Un-assigning and de-claiming Element BLR_HA_ION_01(42108316-62af-0a63-0ed5-9ef9888ec291) bound to 16034197493030189.
INFO: 10/23/2020 02:50:13 AM MESSAGE:  Removing LAN Networks/WAN Interfaces from controller 1.
INFO: 10/23/2020 02:50:13 AM MESSAGE:  Removing LAN Networks/WAN Interfaces from 8.
INFO: 10/23/2020 02:50:13 AM MESSAGE:  Removing LAN Networks/WAN Interfaces from 5.
INFO: 10/23/2020 02:50:13 AM MESSAGE:  Removing LAN Networks/WAN Interfaces from 1.
INFO: 10/23/2020 02:50:13 AM MESSAGE:  Removing LAN Networks/WAN Interfaces from 2.
INFO: 10/23/2020 02:50:14 AM MESSAGE:  Removing LAN Networks/WAN Interfaces from 3.
INFO: 10/23/2020 02:50:14 AM MESSAGE:  Removing LAN Networks/WAN Interfaces from 7.
INFO: 10/23/2020 02:50:14 AM MESSAGE:  Removing LAN Networks/WAN Interfaces from 4.
INFO: 10/23/2020 02:50:14 AM MESSAGE:  Removing LAN Networks/WAN Interfaces from 6.
INFO: 10/23/2020 02:50:14 AM MESSAGE:  Removing LAN Networks/WAN Interfaces from 9.
INFO: 10/23/2020 02:50:14 AM MESSAGE:  Removing any leftover Element Security Zones and Spoke HA from BLR_HA_ION_01:
INFO: 10/23/2020 02:50:14 AM MESSAGE:    Updating Spoke HA for Element BLR_HA_ION_01.
INFO: 10/23/2020 02:50:16 AM MESSAGE: Un-assigning and de-claiming Element BLR_HA_ION_02(4210fff5-706e-5c8c-7e74-85f94d992ea1) bound to 16034197493030189.
INFO: 10/23/2020 02:50:16 AM MESSAGE:  Removing LAN Networks/WAN Interfaces from 7.
INFO: 10/23/2020 02:50:16 AM MESSAGE:  Removing LAN Networks/WAN Interfaces from 9.
INFO: 10/23/2020 02:50:16 AM MESSAGE:  Removing LAN Networks/WAN Interfaces from 3.
INFO: 10/23/2020 02:50:17 AM MESSAGE:  Removing LAN Networks/WAN Interfaces from 8.
INFO: 10/23/2020 02:50:17 AM MESSAGE:  Removing LAN Networks/WAN Interfaces from 1.
INFO: 10/23/2020 02:50:17 AM MESSAGE:  Removing LAN Networks/WAN Interfaces from controller 1.
INFO: 10/23/2020 02:50:17 AM MESSAGE:  Removing LAN Networks/WAN Interfaces from 5.
INFO: 10/23/2020 02:50:17 AM MESSAGE:  Removing LAN Networks/WAN Interfaces from 6.
INFO: 10/23/2020 02:50:18 AM MESSAGE:  Removing LAN Networks/WAN Interfaces from 4.
INFO: 10/23/2020 02:50:18 AM MESSAGE:  Removing LAN Networks/WAN Interfaces from 2.
INFO: 10/23/2020 02:50:18 AM MESSAGE:  Removing any leftover Element Security Zones and Spoke HA from BLR_HA_ION_02:
INFO: 10/23/2020 02:50:18 AM MESSAGE:    Updating Spoke HA for Element BLR_HA_ION_02.
INFO: 10/23/2020 02:50:20 AM MESSAGE:  Deleting Unconfigured Waninterface Circuit to Airtel.
INFO: 10/23/2020 02:50:20 AM MESSAGE:  Deleting Unconfigured Waninterface Circuit to Verizon.
INFO: 10/23/2020 02:50:21 AM MESSAGE: Disabling site..
INFO: 10/23/2020 02:50:21 AM MESSAGE: Updated Site SITE_BLR to state disabled.
INFO: 10/23/2020 02:50:21 AM MESSAGE: Deleting Site SITE_BLR..
INFO: 10/23/2020 02:50:22 AM MESSAGE: DONE
INFO: 10/24/2020 07:15:38 AM MESSAGE: Beginning to DESTROY site SITE_BLR(16035050290390234)..
INFO: 10/24/2020 07:15:38 AM MESSAGE: Un-assigning and de-claiming Element BLR_HA_ION_01(42108316-62af-0a63-0ed5-9ef9888ec291) bound to 16035050290390234.
INFO: 10/24/2020 07:15:38 AM MESSAGE:  Removing LAN Networks/WAN Interfaces from 5.
INFO: 10/24/2020 07:15:38 AM MESSAGE:  Removing LAN Networks/WAN Interfaces from 1.
INFO: 10/24/2020 07:15:39 AM MESSAGE:  Removing LAN Networks/WAN Interfaces from 9.
INFO: 10/24/2020 07:15:39 AM MESSAGE:  Removing LAN Networks/WAN Interfaces from 4.
INFO: 10/24/2020 07:15:39 AM MESSAGE:  Removing LAN Networks/WAN Interfaces from 8.
INFO: 10/24/2020 07:15:39 AM MESSAGE:  Removing LAN Networks/WAN Interfaces from controller 1.
INFO: 10/24/2020 07:15:39 AM MESSAGE:  Removing LAN Networks/WAN Interfaces from 7.
INFO: 10/24/2020 07:15:39 AM MESSAGE:  Removing LAN Networks/WAN Interfaces from 6.
INFO: 10/24/2020 07:15:39 AM MESSAGE:  Removing LAN Networks/WAN Interfaces from 2.
INFO: 10/24/2020 07:15:40 AM MESSAGE:  Removing LAN Networks/WAN Interfaces from 3.
INFO: 10/24/2020 07:15:40 AM MESSAGE:  Removing any leftover Element Security Zones and Spoke HA from BLR_HA_ION_01:
INFO: 10/24/2020 07:15:40 AM MESSAGE:    Updating Spoke HA for Element BLR_HA_ION_01.
INFO: 10/24/2020 07:15:41 AM MESSAGE: Un-assigning and de-claiming Element BLR_HA_ION_02(4210fff5-706e-5c8c-7e74-85f94d992ea1) bound to 16035050290390234.
INFO: 10/24/2020 07:15:41 AM MESSAGE:  Removing LAN Networks/WAN Interfaces from controller 1.
INFO: 10/24/2020 07:15:42 AM MESSAGE:  Removing LAN Networks/WAN Interfaces from 9.
INFO: 10/24/2020 07:15:42 AM MESSAGE:  Removing LAN Networks/WAN Interfaces from 5.
INFO: 10/24/2020 07:15:42 AM MESSAGE:  Removing LAN Networks/WAN Interfaces from 6.
INFO: 10/24/2020 07:15:42 AM MESSAGE:  Removing LAN Networks/WAN Interfaces from 3.
INFO: 10/24/2020 07:15:42 AM MESSAGE:  Removing LAN Networks/WAN Interfaces from 4.
INFO: 10/24/2020 07:15:43 AM MESSAGE:  Removing LAN Networks/WAN Interfaces from 1.
INFO: 10/24/2020 07:15:43 AM MESSAGE:  Removing LAN Networks/WAN Interfaces from 8.
INFO: 10/24/2020 07:15:43 AM MESSAGE:  Removing LAN Networks/WAN Interfaces from 7.
INFO: 10/24/2020 07:15:43 AM MESSAGE:  Removing LAN Networks/WAN Interfaces from 2.
INFO: 10/24/2020 07:15:43 AM MESSAGE:  Removing any leftover Element Security Zones and Spoke HA from BLR_HA_ION_02:
INFO: 10/24/2020 07:15:43 AM MESSAGE:    Updating Spoke HA for Element BLR_HA_ION_02.
INFO: 10/24/2020 07:15:45 AM MESSAGE:  Deleting Unconfigured Waninterface Circuit to Airtel.
INFO: 10/24/2020 07:15:46 AM MESSAGE:  Deleting Unconfigured Waninterface Circuit to Verizon.
INFO: 10/24/2020 07:15:46 AM MESSAGE: Disabling site..
INFO: 10/24/2020 07:15:46 AM MESSAGE: Updated Site SITE_BLR to state disabled.
INFO: 10/24/2020 07:15:46 AM MESSAGE: Deleting Site SITE_BLR..
INFO: 10/24/2020 07:15:47 AM MESSAGE: DONE
INFO: 10/24/2020 07:58:25 AM MESSAGE: Beginning to DESTROY site SITE_BLR(16035240084010018)..
INFO: 10/24/2020 07:58:26 AM MESSAGE:  Deleting Unconfigured Waninterface Circuit to Airtel.
INFO: 10/24/2020 07:58:26 AM MESSAGE:  Deleting Unconfigured Waninterface Circuit to Verizon.
INFO: 10/24/2020 07:58:27 AM MESSAGE: Disabling site..
INFO: 10/24/2020 07:58:28 AM MESSAGE: Updated Site SITE_BLR to state disabled.
INFO: 10/24/2020 07:58:28 AM MESSAGE: Deleting Site SITE_BLR..
INFO: 10/24/2020 07:58:30 AM MESSAGE: DONE
INFO: 10/27/2020 07:30:44 AM MESSAGE: Beginning to DESTROY site SITE_BLR(16035271133750217)..
INFO: 10/27/2020 07:30:44 AM MESSAGE: Un-assigning and de-claiming Element BLR_HA_ION_01(42108316-62af-0a63-0ed5-9ef9888ec291) bound to 16035271133750217.
INFO: 10/27/2020 07:30:44 AM MESSAGE:  Removing LAN Networks/WAN Interfaces from controller 1.
INFO: 10/27/2020 07:30:44 AM MESSAGE:  Removing LAN Networks/WAN Interfaces from 3.
INFO: 10/27/2020 07:30:44 AM MESSAGE:  Removing LAN Networks/WAN Interfaces from 6.
INFO: 10/27/2020 07:30:44 AM MESSAGE:  Removing LAN Networks/WAN Interfaces from 1.
INFO: 10/27/2020 07:30:45 AM MESSAGE:  Removing LAN Networks/WAN Interfaces from 5.
INFO: 10/27/2020 07:30:45 AM MESSAGE:  Removing LAN Networks/WAN Interfaces from 2.
INFO: 10/27/2020 07:30:45 AM MESSAGE:  Removing LAN Networks/WAN Interfaces from 9.
INFO: 10/27/2020 07:30:45 AM MESSAGE:  Removing LAN Networks/WAN Interfaces from 8.
INFO: 10/27/2020 07:30:45 AM MESSAGE:  Removing LAN Networks/WAN Interfaces from 4.
INFO: 10/27/2020 07:30:45 AM MESSAGE:  Removing LAN Networks/WAN Interfaces from 7.
INFO: 10/27/2020 07:30:45 AM MESSAGE:  Removing any leftover Element Security Zones and Spoke HA from BLR_HA_ION_01:
INFO: 10/27/2020 07:30:45 AM MESSAGE:    Updating Spoke HA for Element BLR_HA_ION_01.
INFO: 10/27/2020 07:30:47 AM MESSAGE: Un-assigning and de-claiming Element BLR_HA_ION_02(4210fff5-706e-5c8c-7e74-85f94d992ea1) bound to 16035271133750217.
INFO: 10/27/2020 07:30:48 AM MESSAGE:  Removing LAN Networks/WAN Interfaces from 2.
INFO: 10/27/2020 07:30:48 AM MESSAGE:  Removing LAN Networks/WAN Interfaces from 8.
INFO: 10/27/2020 07:30:48 AM MESSAGE:  Removing LAN Networks/WAN Interfaces from controller 1.
INFO: 10/27/2020 07:30:48 AM MESSAGE:  Removing LAN Networks/WAN Interfaces from 7.
INFO: 10/27/2020 07:30:48 AM MESSAGE:  Removing LAN Networks/WAN Interfaces from 3.
INFO: 10/27/2020 07:30:49 AM MESSAGE:  Removing LAN Networks/WAN Interfaces from 9.
INFO: 10/27/2020 07:30:49 AM MESSAGE:  Removing LAN Networks/WAN Interfaces from 4.
INFO: 10/27/2020 07:30:49 AM MESSAGE:  Removing LAN Networks/WAN Interfaces from 5.
INFO: 10/27/2020 07:30:49 AM MESSAGE:  Removing LAN Networks/WAN Interfaces from 6.
INFO: 10/27/2020 07:30:49 AM MESSAGE:  Removing LAN Networks/WAN Interfaces from 1.
INFO: 10/27/2020 07:30:50 AM MESSAGE:  Removing any leftover Element Security Zones and Spoke HA from BLR_HA_ION_02:
INFO: 10/27/2020 07:30:50 AM MESSAGE:    Updating Spoke HA for Element BLR_HA_ION_02.
INFO: 10/27/2020 07:30:51 AM MESSAGE:  Deleting Unconfigured Waninterface Circuit to Airtel.
INFO: 10/27/2020 07:30:52 AM MESSAGE:  Deleting Unconfigured Waninterface Circuit to Verizon.
INFO: 10/27/2020 07:30:52 AM MESSAGE: Disabling site..
INFO: 10/27/2020 07:30:52 AM MESSAGE: Updated Site SITE_BLR to state disabled.
INFO: 10/27/2020 07:30:52 AM MESSAGE: Deleting Site SITE_BLR..
INFO: 10/27/2020 07:30:53 AM MESSAGE: DONE
