INFO: 10/23/2020 02:05:30 AM MESSAGE: Beginning to DESTROY site SITE_Wellington(16034149683780196)..
INFO: 10/23/2020 02:05:30 AM MESSAGE: Un-assigning and de-claiming Element ION_NZ(4210b124-3b4a-78f6-5787-8b16141f625f) bound to 16034149683780196.
INFO: 10/23/2020 02:05:31 AM MESSAGE:  Removing LAN Networks/WAN Interfaces from 6.
INFO: 10/23/2020 02:05:31 AM MESSAGE:  Removing LAN Networks/WAN Interfaces from 2.
INFO: 10/23/2020 02:05:31 AM MESSAGE:  Removing LAN Networks/WAN Interfaces from 3.
INFO: 10/23/2020 02:05:31 AM MESSAGE:  Removing LAN Networks/WAN Interfaces from 7.
INFO: 10/23/2020 02:05:31 AM MESSAGE:  Removing LAN Networks/WAN Interfaces from 4.
INFO: 10/23/2020 02:05:31 AM MESSAGE:  Removing LAN Networks/WAN Interfaces from 8.
INFO: 10/23/2020 02:05:31 AM MESSAGE:  Removing LAN Networks/WAN Interfaces from 5.
INFO: 10/23/2020 02:05:31 AM MESSAGE:  Removing LAN Networks/WAN Interfaces from 1.
INFO: 10/23/2020 02:05:32 AM MESSAGE:  Removing LAN Networks/WAN Interfaces from controller 1.
INFO: 10/23/2020 02:05:32 AM MESSAGE:  Removing LAN Networks/WAN Interfaces from 9.
INFO: 10/23/2020 02:05:32 AM MESSAGE:  Removing any leftover Element Security Zones and Spoke HA from ION_NZ:
INFO: 10/23/2020 02:05:32 AM MESSAGE:    No Change for Spoke HA in Element ION_NZ.
INFO: 10/23/2020 02:05:33 AM MESSAGE:  Deleting Unconfigured Waninterface 16034155793820045.
INFO: 10/23/2020 02:05:33 AM MESSAGE:  Deleting Unconfigured Waninterface 16034155860050081.
INFO: 10/23/2020 02:05:34 AM MESSAGE: Disabling site..
INFO: 10/23/2020 02:05:34 AM MESSAGE: Updated Site SITE_Wellington to state disabled.
INFO: 10/23/2020 02:05:34 AM MESSAGE: Deleting Site SITE_Wellington..
INFO: 10/23/2020 02:05:35 AM MESSAGE: DONE
INFO: 10/23/2020 02:49:10 AM MESSAGE: Beginning to DESTROY site SITE_Wellington(16034196821800030)..
INFO: 10/23/2020 02:49:10 AM MESSAGE: Un-assigning and de-claiming Element ION_NZ(4210b124-3b4a-78f6-5787-8b16141f625f) bound to 16034196821800030.
INFO: 10/23/2020 02:49:10 AM MESSAGE:  Removing LAN Networks/WAN Interfaces from 9.
INFO: 10/23/2020 02:49:10 AM MESSAGE:  Removing LAN Networks/WAN Interfaces from 6.
INFO: 10/23/2020 02:49:10 AM MESSAGE:  Removing LAN Networks/WAN Interfaces from 8.
INFO: 10/23/2020 02:49:10 AM MESSAGE:  Removing LAN Networks/WAN Interfaces from 2.
INFO: 10/23/2020 02:49:11 AM MESSAGE:  Removing LAN Networks/WAN Interfaces from 7.
INFO: 10/23/2020 02:49:11 AM MESSAGE:  Removing LAN Networks/WAN Interfaces from 4.
INFO: 10/23/2020 02:49:11 AM MESSAGE:  Removing LAN Networks/WAN Interfaces from 3.
INFO: 10/23/2020 02:49:11 AM MESSAGE:  Removing LAN Networks/WAN Interfaces from 5.
INFO: 10/23/2020 02:49:11 AM MESSAGE:  Removing LAN Networks/WAN Interfaces from controller 1.
INFO: 10/23/2020 02:49:11 AM MESSAGE:  Removing LAN Networks/WAN Interfaces from 1.
INFO: 10/23/2020 02:49:12 AM MESSAGE:  Removing any leftover Element Security Zones and Spoke HA from ION_NZ:
INFO: 10/23/2020 02:49:12 AM MESSAGE:    No Change for Spoke HA in Element ION_NZ.
INFO: 10/23/2020 02:49:13 AM MESSAGE:  Deleting Unconfigured Waninterface Circuit to T-Mobile.
INFO: 10/23/2020 02:49:13 AM MESSAGE:  Deleting Unconfigured Waninterface Circuit to Vodafone.
INFO: 10/23/2020 02:49:13 AM MESSAGE: Disabling site..
INFO: 10/23/2020 02:49:14 AM MESSAGE: Updated Site SITE_Wellington to state disabled.
INFO: 10/23/2020 02:49:14 AM MESSAGE: Deleting Site SITE_Wellington..
INFO: 10/23/2020 02:49:14 AM MESSAGE: DONE
INFO: 10/24/2020 07:15:02 AM MESSAGE: Beginning to DESTROY site SITE_Wellington(16035049683460091)..
INFO: 10/24/2020 07:15:02 AM MESSAGE: Un-assigning and de-claiming Element ION_NZ(4210b124-3b4a-78f6-5787-8b16141f625f) bound to 16035049683460091.
INFO: 10/24/2020 07:15:03 AM MESSAGE:  Removing LAN Networks/WAN Interfaces from 5.
INFO: 10/24/2020 07:15:03 AM MESSAGE:  Removing LAN Networks/WAN Interfaces from 3.
INFO: 10/24/2020 07:15:03 AM MESSAGE:  Removing LAN Networks/WAN Interfaces from 2.
INFO: 10/24/2020 07:15:03 AM MESSAGE:  Removing LAN Networks/WAN Interfaces from 7.
INFO: 10/24/2020 07:15:03 AM MESSAGE:  Removing LAN Networks/WAN Interfaces from controller 1.
INFO: 10/24/2020 07:15:03 AM MESSAGE:  Removing LAN Networks/WAN Interfaces from 4.
INFO: 10/24/2020 07:15:03 AM MESSAGE:  Removing LAN Networks/WAN Interfaces from 8.
INFO: 10/24/2020 07:15:03 AM MESSAGE:  Removing LAN Networks/WAN Interfaces from 9.
INFO: 10/24/2020 07:15:03 AM MESSAGE:  Removing LAN Networks/WAN Interfaces from 6.
INFO: 10/24/2020 07:15:03 AM MESSAGE:  Removing LAN Networks/WAN Interfaces from 1.
INFO: 10/24/2020 07:15:04 AM MESSAGE:  Removing any leftover Element Security Zones and Spoke HA from ION_NZ:
INFO: 10/24/2020 07:15:04 AM MESSAGE:    No Change for Spoke HA in Element ION_NZ.
INFO: 10/24/2020 07:15:05 AM MESSAGE:  Deleting Unconfigured Waninterface Circuit to T-Mobile.
INFO: 10/24/2020 07:15:05 AM MESSAGE:  Deleting Unconfigured Waninterface Circuit to Vodafone.
INFO: 10/24/2020 07:15:06 AM MESSAGE: Disabling site..
INFO: 10/24/2020 07:15:06 AM MESSAGE: Updated Site SITE_Wellington to state disabled.
INFO: 10/24/2020 07:15:06 AM MESSAGE: Deleting Site SITE_Wellington..
INFO: 10/24/2020 07:15:07 AM MESSAGE: DONE
INFO: 10/24/2020 07:58:05 AM MESSAGE: Beginning to DESTROY site SITE_Wellington(16035239439870244)..
INFO: 10/24/2020 07:58:05 AM MESSAGE: Un-assigning and de-claiming Element ION_NZ(4210b124-3b4a-78f6-5787-8b16141f625f) bound to 16035239439870244.
INFO: 10/24/2020 07:58:05 AM MESSAGE:  Removing LAN Networks/WAN Interfaces from 2.
INFO: 10/24/2020 07:58:06 AM MESSAGE:  Removing LAN Networks/WAN Interfaces from 4.
INFO: 10/24/2020 07:58:06 AM MESSAGE:  Removing LAN Networks/WAN Interfaces from 6.
INFO: 10/24/2020 07:58:06 AM MESSAGE:  Removing LAN Networks/WAN Interfaces from 7.
INFO: 10/24/2020 07:58:06 AM MESSAGE:  Removing LAN Networks/WAN Interfaces from 5.
INFO: 10/24/2020 07:58:06 AM MESSAGE:  Removing LAN Networks/WAN Interfaces from 8.
INFO: 10/24/2020 07:58:06 AM MESSAGE:  Removing LAN Networks/WAN Interfaces from 9.
INFO: 10/24/2020 07:58:06 AM MESSAGE:  Removing LAN Networks/WAN Interfaces from 3.
INFO: 10/24/2020 07:58:06 AM MESSAGE:  Removing LAN Networks/WAN Interfaces from 1.
INFO: 10/24/2020 07:58:07 AM MESSAGE:  Removing LAN Networks/WAN Interfaces from controller 1.
INFO: 10/24/2020 07:58:07 AM MESSAGE:  Removing any leftover Element Security Zones and Spoke HA from ION_NZ:
INFO: 10/24/2020 07:58:07 AM MESSAGE:    No Change for Spoke HA in Element ION_NZ.
INFO: 10/24/2020 07:58:08 AM MESSAGE:  Deleting Unconfigured Waninterface Circuit to T-Mobile.
INFO: 10/24/2020 07:58:08 AM MESSAGE:  Deleting Unconfigured Waninterface Circuit to Vodafone.
INFO: 10/24/2020 07:58:08 AM MESSAGE: Disabling site..
INFO: 10/24/2020 07:58:08 AM MESSAGE: Updated Site SITE_Wellington to state disabled.
INFO: 10/24/2020 07:58:09 AM MESSAGE: Deleting Site SITE_Wellington..
INFO: 10/24/2020 07:58:09 AM MESSAGE: DONE
INFO: 10/27/2020 07:29:35 AM MESSAGE: Beginning to DESTROY site SITE_Wellington(16035270512230039)..
INFO: 10/27/2020 07:29:35 AM MESSAGE: Un-assigning and de-claiming Element ION_NZ(4210b124-3b4a-78f6-5787-8b16141f625f) bound to 16035270512230039.
INFO: 10/27/2020 07:29:35 AM MESSAGE:  Removing LAN Networks/WAN Interfaces from controller 1.
INFO: 10/27/2020 07:29:35 AM MESSAGE:  Removing LAN Networks/WAN Interfaces from 6.
INFO: 10/27/2020 07:29:35 AM MESSAGE:  Removing LAN Networks/WAN Interfaces from 1.
INFO: 10/27/2020 07:29:36 AM MESSAGE:  Removing LAN Networks/WAN Interfaces from 4.
INFO: 10/27/2020 07:29:36 AM MESSAGE:  Removing LAN Networks/WAN Interfaces from 9.
INFO: 10/27/2020 07:29:36 AM MESSAGE:  Removing LAN Networks/WAN Interfaces from 8.
INFO: 10/27/2020 07:29:36 AM MESSAGE:  Removing LAN Networks/WAN Interfaces from 3.
INFO: 10/27/2020 07:29:36 AM MESSAGE:  Removing LAN Networks/WAN Interfaces from 7.
INFO: 10/27/2020 07:29:36 AM MESSAGE:  Removing LAN Networks/WAN Interfaces from 5.
INFO: 10/27/2020 07:29:36 AM MESSAGE:  Removing LAN Networks/WAN Interfaces from 2.
INFO: 10/27/2020 07:29:36 AM MESSAGE:  Removing any leftover Element Security Zones and Spoke HA from ION_NZ:
INFO: 10/27/2020 07:29:36 AM MESSAGE:    No Change for Spoke HA in Element ION_NZ.
INFO: 10/27/2020 07:29:37 AM MESSAGE:  Deleting Unconfigured Waninterface Circuit to T-Mobile.
INFO: 10/27/2020 07:29:38 AM MESSAGE:  Deleting Unconfigured Waninterface Circuit to Vodafone.
INFO: 10/27/2020 07:29:38 AM MESSAGE: Disabling site..
INFO: 10/27/2020 07:29:39 AM MESSAGE: Updated Site SITE_Wellington to state disabled.
INFO: 10/27/2020 07:29:39 AM MESSAGE: Deleting Site SITE_Wellington..
INFO: 10/27/2020 07:29:40 AM MESSAGE: DONE
INFO: 10/28/2020 02:33:47 PM MESSAGE: Beginning to DESTROY site SITE_Wellington(16037842797380205)..
INFO: 10/28/2020 02:33:47 PM MESSAGE: Un-assigning and de-claiming Element ION_NZ(4210b124-3b4a-78f6-5787-8b16141f625f) bound to 16037842797380205.
INFO: 10/28/2020 02:33:48 PM MESSAGE:  Removing LAN Networks/WAN Interfaces from 4.
INFO: 10/28/2020 02:33:48 PM MESSAGE:  Removing LAN Networks/WAN Interfaces from 2.
INFO: 10/28/2020 02:33:48 PM MESSAGE:  Removing LAN Networks/WAN Interfaces from controller 1.
INFO: 10/28/2020 02:33:48 PM MESSAGE:  Removing LAN Networks/WAN Interfaces from 5.
INFO: 10/28/2020 02:33:48 PM MESSAGE:  Removing LAN Networks/WAN Interfaces from 8.
INFO: 10/28/2020 02:33:48 PM MESSAGE:  Removing LAN Networks/WAN Interfaces from 3.
INFO: 10/28/2020 02:33:48 PM MESSAGE:  Removing LAN Networks/WAN Interfaces from 9.
INFO: 10/28/2020 02:33:48 PM MESSAGE:  Removing LAN Networks/WAN Interfaces from 1.
INFO: 10/28/2020 02:33:48 PM MESSAGE:  Removing LAN Networks/WAN Interfaces from 6.
INFO: 10/28/2020 02:33:49 PM MESSAGE:  Removing LAN Networks/WAN Interfaces from 7.
INFO: 10/28/2020 02:33:49 PM MESSAGE:  Removing any leftover Element Security Zones and Spoke HA from ION_NZ:
INFO: 10/28/2020 02:33:49 PM MESSAGE:    No Change for Spoke HA in Element ION_NZ.
INFO: 10/28/2020 02:33:50 PM MESSAGE:  Deleting Unconfigured Waninterface Circuit to T-Mobile.
INFO: 10/28/2020 02:33:50 PM MESSAGE:  Deleting Unconfigured Waninterface Circuit to Vodafone.
INFO: 10/28/2020 02:33:50 PM MESSAGE: Disabling site..
INFO: 10/28/2020 02:33:51 PM MESSAGE: Updated Site SITE_Wellington to state disabled.
INFO: 10/28/2020 02:33:51 PM MESSAGE: Deleting Site SITE_Wellington..
INFO: 10/28/2020 02:33:52 PM MESSAGE: DONE
INFO: 11/23/2020 10:07:44 AM MESSAGE: Beginning to DESTROY site SITE_Wellington(16040529223660007)..
INFO: 11/23/2020 10:07:44 AM MESSAGE: Un-assigning and de-claiming Element ION_NZ(4210b124-3b4a-78f6-5787-8b16141f625f) bound to 16040529223660007.
INFO: 11/23/2020 10:07:44 AM MESSAGE:  Removing LAN Networks/WAN Interfaces from 6.
INFO: 11/23/2020 10:07:44 AM MESSAGE:  Removing LAN Networks/WAN Interfaces from 8.
INFO: 11/23/2020 10:07:44 AM MESSAGE:  Removing LAN Networks/WAN Interfaces from 3.
INFO: 11/23/2020 10:07:44 AM MESSAGE:  Removing LAN Networks/WAN Interfaces from 1.
INFO: 11/23/2020 10:07:44 AM MESSAGE:  Removing LAN Networks/WAN Interfaces from 5.
INFO: 11/23/2020 10:07:45 AM MESSAGE:  Removing LAN Networks/WAN Interfaces from controller 1.
INFO: 11/23/2020 10:07:45 AM MESSAGE:  Removing LAN Networks/WAN Interfaces from 7.
INFO: 11/23/2020 10:07:45 AM MESSAGE:  Removing LAN Networks/WAN Interfaces from 4.
INFO: 11/23/2020 10:07:45 AM MESSAGE:  Removing LAN Networks/WAN Interfaces from 2.
INFO: 11/23/2020 10:07:45 AM MESSAGE:  Removing LAN Networks/WAN Interfaces from 9.
INFO: 11/23/2020 10:07:45 AM MESSAGE:  Removing any leftover Element Security Zones and Spoke HA from ION_NZ:
INFO: 11/23/2020 10:07:45 AM MESSAGE:    No Change for Spoke HA in Element ION_NZ.
INFO: 11/23/2020 10:07:46 AM MESSAGE:  Deleting Unconfigured Waninterface Circuit to T-Mobile.
INFO: 11/23/2020 10:07:47 AM MESSAGE:  Deleting Unconfigured Waninterface Circuit to Vodafone.
INFO: 11/23/2020 10:07:47 AM MESSAGE: Disabling site..
INFO: 11/23/2020 10:07:48 AM MESSAGE: Updated Site SITE_Wellington to state disabled.
INFO: 11/23/2020 10:07:48 AM MESSAGE: Deleting Site SITE_Wellington..
INFO: 11/23/2020 10:07:49 AM MESSAGE: DONE
