INFO: 10/23/2020 02:05:47 AM MESSAGE: Beginning to DESTROY site SITE_BuenosAires(16034149717940098)..
INFO: 10/23/2020 02:05:47 AM MESSAGE: Un-assigning and de-claiming Element ION_ARGENTINA_01(4210024d-4f88-0811-bbea-40503cf61773) bound to 16034149717940098.
INFO: 10/23/2020 02:05:47 AM MESSAGE:  Removing LAN Networks/WAN Interfaces from 1.
INFO: 10/23/2020 02:05:48 AM MESSAGE:  Removing LAN Networks/WAN Interfaces from controller 1.
INFO: 10/23/2020 02:05:48 AM MESSAGE:  Removing LAN Networks/WAN Interfaces from 3.
INFO: 10/23/2020 02:05:48 AM MESSAGE:  Removing LAN Networks/WAN Interfaces from 2.
INFO: 10/23/2020 02:05:48 AM MESSAGE:  Removing LAN Networks/WAN Interfaces from 4.
INFO: 10/23/2020 02:05:48 AM MESSAGE:  Removing LAN Networks/WAN Interfaces from 9.
INFO: 10/23/2020 02:05:48 AM MESSAGE:  Removing LAN Networks/WAN Interfaces from 8.
INFO: 10/23/2020 02:05:49 AM MESSAGE:  Removing LAN Networks/WAN Interfaces from 7.
INFO: 10/23/2020 02:05:49 AM MESSAGE:  Removing LAN Networks/WAN Interfaces from 6.
INFO: 10/23/2020 02:05:49 AM MESSAGE:  Removing LAN Networks/WAN Interfaces from 5.
INFO: 10/23/2020 02:05:49 AM MESSAGE:  Removing any leftover Element Security Zones and Spoke HA from ION_ARGENTINA_01:
INFO: 10/23/2020 02:05:49 AM MESSAGE:    No Change for Spoke HA in Element ION_ARGENTINA_01.
INFO: 10/23/2020 02:05:50 AM MESSAGE:  Deleting Unconfigured Waninterface 16034154322670075.
INFO: 10/23/2020 02:05:50 AM MESSAGE:  Deleting Unconfigured Waninterface 16034154406840152.
INFO: 10/23/2020 02:05:51 AM MESSAGE: Disabling site..
INFO: 10/23/2020 02:05:51 AM MESSAGE: Updated Site SITE_BuenosAires to state disabled.
INFO: 10/23/2020 02:05:51 AM MESSAGE: Deleting Site SITE_BuenosAires..
INFO: 10/23/2020 02:05:52 AM MESSAGE: DONE
INFO: 10/23/2020 02:49:27 AM MESSAGE: Beginning to DESTROY site SITE_BuenosAires(16034197066590041)..
INFO: 10/23/2020 02:49:27 AM MESSAGE: Un-assigning and de-claiming Element ION_ARGENTINA_01(4210024d-4f88-0811-bbea-40503cf61773) bound to 16034197066590041.
INFO: 10/23/2020 02:49:27 AM MESSAGE:  Removing LAN Networks/WAN Interfaces from 5.
INFO: 10/23/2020 02:49:27 AM MESSAGE:  Removing LAN Networks/WAN Interfaces from 6.
INFO: 10/23/2020 02:49:27 AM MESSAGE:  Removing LAN Networks/WAN Interfaces from 7.
INFO: 10/23/2020 02:49:27 AM MESSAGE:  Removing LAN Networks/WAN Interfaces from 8.
INFO: 10/23/2020 02:49:27 AM MESSAGE:  Removing LAN Networks/WAN Interfaces from 2.
INFO: 10/23/2020 02:49:27 AM MESSAGE:  Removing LAN Networks/WAN Interfaces from 9.
INFO: 10/23/2020 02:49:28 AM MESSAGE:  Removing LAN Networks/WAN Interfaces from controller 1.
INFO: 10/23/2020 02:49:28 AM MESSAGE:  Removing LAN Networks/WAN Interfaces from 1.
INFO: 10/23/2020 02:49:28 AM MESSAGE:  Removing LAN Networks/WAN Interfaces from 4.
INFO: 10/23/2020 02:49:28 AM MESSAGE:  Removing LAN Networks/WAN Interfaces from 3.
INFO: 10/23/2020 02:49:29 AM MESSAGE:  Removing any leftover Element Security Zones and Spoke HA from ION_ARGENTINA_01:
INFO: 10/23/2020 02:49:29 AM MESSAGE:    No Change for Spoke HA in Element ION_ARGENTINA_01.
INFO: 10/23/2020 02:49:30 AM MESSAGE:  Deleting Unconfigured Waninterface Circuit to Airtel.
INFO: 10/23/2020 02:49:30 AM MESSAGE:  Deleting Unconfigured Waninterface Circuit to Jio.
INFO: 10/23/2020 02:49:31 AM MESSAGE: Disabling site..
INFO: 10/23/2020 02:49:31 AM MESSAGE: Updated Site SITE_BuenosAires to state disabled.
INFO: 10/23/2020 02:49:31 AM MESSAGE: Deleting Site SITE_BuenosAires..
INFO: 10/23/2020 02:49:32 AM MESSAGE: DONE
INFO: 10/24/2020 07:15:20 AM MESSAGE: Beginning to DESTROY site SITE_BuenosAires(16035049926400071)..
INFO: 10/24/2020 07:15:20 AM MESSAGE:  Deleting Unconfigured Waninterface Circuit to Airtel.
INFO: 10/24/2020 07:15:21 AM MESSAGE:  Deleting Unconfigured Waninterface Circuit to Jio.
INFO: 10/24/2020 07:15:21 AM MESSAGE: Disabling site..
INFO: 10/24/2020 07:15:21 AM MESSAGE: Updated Site SITE_BuenosAires to state disabled.
INFO: 10/24/2020 07:15:21 AM MESSAGE: Deleting Site SITE_BuenosAires..
INFO: 10/24/2020 07:15:21 AM MESSAGE: DONE
INFO: 10/24/2020 07:58:15 AM MESSAGE: Beginning to DESTROY site SITE_BuenosAires(16035239675160126)..
INFO: 10/24/2020 07:58:15 AM MESSAGE:  Deleting Unconfigured Waninterface Circuit to Airtel.
INFO: 10/24/2020 07:58:15 AM MESSAGE:  Deleting Unconfigured Waninterface Circuit to Jio.
INFO: 10/24/2020 07:58:15 AM MESSAGE: Disabling site..
INFO: 10/24/2020 07:58:15 AM MESSAGE: Updated Site SITE_BuenosAires to state disabled.
INFO: 10/24/2020 07:58:15 AM MESSAGE: Deleting Site SITE_BuenosAires..
INFO: 10/24/2020 07:58:16 AM MESSAGE: DONE
INFO: 10/27/2020 07:30:12 AM MESSAGE: Beginning to DESTROY site SITE_BuenosAires(16035270805830129)..
INFO: 10/27/2020 07:30:13 AM MESSAGE: Un-assigning and de-claiming Element ION_ARGENTINA_01(4210024d-4f88-0811-bbea-40503cf61773) bound to 16035270805830129.
INFO: 10/27/2020 07:30:14 AM MESSAGE:  Removing LAN Networks/WAN Interfaces from 3.
INFO: 10/27/2020 07:30:15 AM MESSAGE:  Removing LAN Networks/WAN Interfaces from 9.
INFO: 10/27/2020 07:30:16 AM MESSAGE:  Removing LAN Networks/WAN Interfaces from controller 1.
INFO: 10/27/2020 07:30:17 AM MESSAGE:  Removing LAN Networks/WAN Interfaces from 6.
INFO: 10/27/2020 07:30:18 AM MESSAGE:  Removing LAN Networks/WAN Interfaces from 7.
INFO: 10/27/2020 07:30:18 AM MESSAGE:  Removing LAN Networks/WAN Interfaces from 4.
INFO: 10/27/2020 07:30:19 AM MESSAGE:  Removing LAN Networks/WAN Interfaces from 5.
INFO: 10/27/2020 07:30:19 AM MESSAGE:  Removing LAN Networks/WAN Interfaces from 1.
INFO: 10/27/2020 07:30:21 AM MESSAGE:  Removing LAN Networks/WAN Interfaces from 8.
INFO: 10/27/2020 07:30:21 AM MESSAGE:  Removing LAN Networks/WAN Interfaces from 2.
INFO: 10/27/2020 07:30:21 AM MESSAGE:  Removing any leftover Element Security Zones and Spoke HA from ION_ARGENTINA_01:
INFO: 10/27/2020 07:30:21 AM MESSAGE:    No Change for Spoke HA in Element ION_ARGENTINA_01.
INFO: 10/27/2020 07:30:23 AM MESSAGE:  Deleting Unconfigured Waninterface Circuit to Airtel.
INFO: 10/27/2020 07:30:23 AM MESSAGE:  Deleting Unconfigured Waninterface Circuit to Jio.
INFO: 10/27/2020 07:30:24 AM MESSAGE: Disabling site..
INFO: 10/27/2020 07:30:24 AM MESSAGE: Updated Site SITE_BuenosAires to state disabled.
INFO: 10/27/2020 07:30:24 AM MESSAGE: Deleting Site SITE_BuenosAires..
INFO: 10/27/2020 07:30:25 AM MESSAGE: DONE
INFO: 10/28/2020 02:33:57 PM MESSAGE: Beginning to DESTROY site SITE_BuenosAires(16037843030850102)..
INFO: 10/28/2020 02:33:57 PM MESSAGE:  Deleting Unconfigured Waninterface Circuit to Airtel.
INFO: 10/28/2020 02:33:57 PM MESSAGE:  Deleting Unconfigured Waninterface Circuit to Jio.
INFO: 10/28/2020 02:33:58 PM MESSAGE: Disabling site..
INFO: 10/28/2020 02:33:58 PM MESSAGE: Updated Site SITE_BuenosAires to state disabled.
INFO: 10/28/2020 02:33:58 PM MESSAGE: Deleting Site SITE_BuenosAires..
INFO: 10/28/2020 02:33:58 PM MESSAGE: DONE
INFO: 11/23/2020 10:08:00 AM MESSAGE: Beginning to DESTROY site SITE_BuenosAires(16040529471610123)..
INFO: 11/23/2020 10:08:01 AM MESSAGE: Un-assigning and de-claiming Element ION_ARGENTINA_01(4210024d-4f88-0811-bbea-40503cf61773) bound to 16040529471610123.
INFO: 11/23/2020 10:08:01 AM MESSAGE:  Removing LAN Networks/WAN Interfaces from controller 1.
INFO: 11/23/2020 10:08:01 AM MESSAGE:  Removing LAN Networks/WAN Interfaces from 8.
INFO: 11/23/2020 10:08:01 AM MESSAGE:  Removing LAN Networks/WAN Interfaces from 7.
INFO: 11/23/2020 10:08:01 AM MESSAGE:  Removing LAN Networks/WAN Interfaces from 6.
INFO: 11/23/2020 10:08:01 AM MESSAGE:  Removing LAN Networks/WAN Interfaces from 4.
INFO: 11/23/2020 10:08:02 AM MESSAGE:  Removing LAN Networks/WAN Interfaces from 5.
INFO: 11/23/2020 10:08:02 AM MESSAGE:  Removing LAN Networks/WAN Interfaces from 1.
INFO: 11/23/2020 10:08:02 AM MESSAGE:  Removing LAN Networks/WAN Interfaces from 9.
INFO: 11/23/2020 10:08:02 AM MESSAGE:  Removing LAN Networks/WAN Interfaces from 3.
INFO: 11/23/2020 10:08:02 AM MESSAGE:  Removing LAN Networks/WAN Interfaces from 2.
INFO: 11/23/2020 10:08:02 AM MESSAGE:  Removing any leftover Element Security Zones and Spoke HA from ION_ARGENTINA_01:
INFO: 11/23/2020 10:08:02 AM MESSAGE:    No Change for Spoke HA in Element ION_ARGENTINA_01.
INFO: 11/23/2020 10:08:03 AM MESSAGE:  Deleting Unconfigured Waninterface Circuit to Airtel.
INFO: 11/23/2020 10:08:04 AM MESSAGE:  Deleting Unconfigured Waninterface Circuit to Jio.
INFO: 11/23/2020 10:08:04 AM MESSAGE: Disabling site..
INFO: 11/23/2020 10:08:04 AM MESSAGE: Updated Site SITE_BuenosAires to state disabled.
INFO: 11/23/2020 10:08:05 AM MESSAGE: Deleting Site SITE_BuenosAires..
INFO: 11/23/2020 10:08:05 AM MESSAGE: DONE
