INFO: 10/23/2020 02:05:52 AM MESSAGE: Beginning to DESTROY site SITE_Stockholm(16034149728290235)..
INFO: 10/23/2020 02:05:52 AM MESSAGE: Un-assigning and de-claiming Element ION_SWEDEN(4210c205-332d-3591-47ad-27689e5858ca) bound to 16034149728290235.
INFO: 10/23/2020 02:05:53 AM MESSAGE:  Removing LAN Networks/WAN Interfaces from 6.
INFO: 10/23/2020 02:05:53 AM MESSAGE:  Removing LAN Networks/WAN Interfaces from 5.
INFO: 10/23/2020 02:05:53 AM MESSAGE:  Removing LAN Networks/WAN Interfaces from 7.
INFO: 10/23/2020 02:05:53 AM MESSAGE:  Removing LAN Networks/WAN Interfaces from 3.
INFO: 10/23/2020 02:05:53 AM MESSAGE:  Removing LAN Networks/WAN Interfaces from 9.
INFO: 10/23/2020 02:05:53 AM MESSAGE:  Removing LAN Networks/WAN Interfaces from controller 1.
INFO: 10/23/2020 02:05:53 AM MESSAGE:  Removing LAN Networks/WAN Interfaces from 1.
INFO: 10/23/2020 02:05:54 AM MESSAGE:  Removing LAN Networks/WAN Interfaces from 4.
INFO: 10/23/2020 02:05:54 AM MESSAGE:  Removing LAN Networks/WAN Interfaces from 2.
INFO: 10/23/2020 02:05:54 AM MESSAGE:  Removing LAN Networks/WAN Interfaces from 8.
INFO: 10/23/2020 02:05:54 AM MESSAGE:  Removing any leftover Element Security Zones and Spoke HA from ION_SWEDEN:
INFO: 10/23/2020 02:05:54 AM MESSAGE:    No Change for Spoke HA in Element ION_SWEDEN.
INFO: 10/23/2020 02:05:55 AM MESSAGE:  Deleting Unconfigured Waninterface 16034155286520071.
INFO: 10/23/2020 02:05:56 AM MESSAGE:  Deleting Unconfigured Waninterface 16034155362590162.
INFO: 10/23/2020 02:05:56 AM MESSAGE: Disabling site..
INFO: 10/23/2020 02:05:56 AM MESSAGE: Updated Site SITE_Stockholm to state disabled.
INFO: 10/23/2020 02:05:57 AM MESSAGE: Deleting Site SITE_Stockholm..
INFO: 10/23/2020 02:05:57 AM MESSAGE: DONE
INFO: 10/23/2020 02:49:33 AM MESSAGE: Beginning to DESTROY site SITE_Stockholm(16034197203740252)..
INFO: 10/23/2020 02:49:33 AM MESSAGE: Un-assigning and de-claiming Element ION_SWEDEN(4210c205-332d-3591-47ad-27689e5858ca) bound to 16034197203740252.
INFO: 10/23/2020 02:49:33 AM MESSAGE:  Removing LAN Networks/WAN Interfaces from 7.
INFO: 10/23/2020 02:49:33 AM MESSAGE:  Removing LAN Networks/WAN Interfaces from 9.
INFO: 10/23/2020 02:49:33 AM MESSAGE:  Removing LAN Networks/WAN Interfaces from 5.
INFO: 10/23/2020 02:49:33 AM MESSAGE:  Removing LAN Networks/WAN Interfaces from controller 1.
INFO: 10/23/2020 02:49:34 AM MESSAGE:  Removing LAN Networks/WAN Interfaces from 2.
INFO: 10/23/2020 02:49:34 AM MESSAGE:  Removing LAN Networks/WAN Interfaces from 4.
INFO: 10/23/2020 02:49:34 AM MESSAGE:  Removing LAN Networks/WAN Interfaces from 3.
INFO: 10/23/2020 02:49:34 AM MESSAGE:  Removing LAN Networks/WAN Interfaces from 8.
INFO: 10/23/2020 02:49:34 AM MESSAGE:  Removing LAN Networks/WAN Interfaces from 1.
INFO: 10/23/2020 02:49:34 AM MESSAGE:  Removing LAN Networks/WAN Interfaces from 6.
INFO: 10/23/2020 02:49:35 AM MESSAGE:  Removing any leftover Element Security Zones and Spoke HA from ION_SWEDEN:
INFO: 10/23/2020 02:49:35 AM MESSAGE:    No Change for Spoke HA in Element ION_SWEDEN.
INFO: 10/23/2020 02:49:37 AM MESSAGE:  Deleting Unconfigured Waninterface Circuit to AT&T.
INFO: 10/23/2020 02:49:38 AM MESSAGE:  Deleting Unconfigured Waninterface Circuit to Vodafone.
INFO: 10/23/2020 02:49:40 AM MESSAGE: Disabling site..
INFO: 10/23/2020 02:49:40 AM MESSAGE: Updated Site SITE_Stockholm to state disabled.
INFO: 10/23/2020 02:49:41 AM MESSAGE: Deleting Site SITE_Stockholm..
INFO: 10/23/2020 02:49:42 AM MESSAGE: DONE
