INFO: 10/23/2020 02:05:58 AM MESSAGE: Beginning to DESTROY site SITE_SFO(16034149751020253)..
INFO: 10/23/2020 02:05:58 AM MESSAGE: Un-assigning and de-claiming Element ION_SFO(42105040-2306-707f-aaf4-2b273808c47b) bound to 16034149751020253.
INFO: 10/23/2020 02:05:58 AM MESSAGE:  Removing LAN Networks/WAN Interfaces from 7.
INFO: 10/23/2020 02:05:59 AM MESSAGE:  Removing LAN Networks/WAN Interfaces from 1.
INFO: 10/23/2020 02:05:59 AM MESSAGE:  Removing LAN Networks/WAN Interfaces from 9.
INFO: 10/23/2020 02:05:59 AM MESSAGE:  Removing LAN Networks/WAN Interfaces from 4.
INFO: 10/23/2020 02:05:59 AM MESSAGE:  Removing LAN Networks/WAN Interfaces from controller 1.
INFO: 10/23/2020 02:05:59 AM MESSAGE:  Removing LAN Networks/WAN Interfaces from 8.
INFO: 10/23/2020 02:06:00 AM MESSAGE:  Removing LAN Networks/WAN Interfaces from 3.
INFO: 10/23/2020 02:06:00 AM MESSAGE:  Removing LAN Networks/WAN Interfaces from 2.
INFO: 10/23/2020 02:06:00 AM MESSAGE:  Removing LAN Networks/WAN Interfaces from 5.
INFO: 10/23/2020 02:06:00 AM MESSAGE:  Removing LAN Networks/WAN Interfaces from 6.
INFO: 10/23/2020 02:06:00 AM MESSAGE:  Removing any leftover Element Security Zones and Spoke HA from ION_SFO:
INFO: 10/23/2020 02:06:00 AM MESSAGE:    No Change for Spoke HA in Element ION_SFO.
INFO: 10/23/2020 02:06:01 AM MESSAGE:  Deleting Unconfigured Waninterface 16034155528060206.
INFO: 10/23/2020 02:06:02 AM MESSAGE:  Deleting Unconfigured Waninterface 16034155605300112.
INFO: 10/23/2020 02:06:02 AM MESSAGE: Disabling site..
INFO: 10/23/2020 02:06:03 AM MESSAGE: Updated Site SITE_SFO to state disabled.
INFO: 10/23/2020 02:06:03 AM MESSAGE: Deleting Site SITE_SFO..
INFO: 10/23/2020 02:06:03 AM MESSAGE: DONE
