INFO: 10/23/2020 02:06:04 AM MESSAGE: Beginning to DESTROY site SITE_Ottawa(16034149706780217)..
INFO: 10/23/2020 02:06:05 AM MESSAGE: Un-assigning and de-claiming Element ION_CANADA(42104b4e-0494-1acd-04b3-5dd1b0e40bfc) bound to 16034149706780217.
INFO: 10/23/2020 02:06:05 AM MESSAGE:  Removing LAN Networks/WAN Interfaces from 3.
INFO: 10/23/2020 02:06:05 AM MESSAGE:  Removing LAN Networks/WAN Interfaces from controller 1.
INFO: 10/23/2020 02:06:05 AM MESSAGE:  Removing LAN Networks/WAN Interfaces from 2.
INFO: 10/23/2020 02:06:05 AM MESSAGE:  Removing LAN Networks/WAN Interfaces from 1.
INFO: 10/23/2020 02:06:05 AM MESSAGE:  Removing any leftover Element Security Zones and Spoke HA from ION_CANADA:
INFO: 10/23/2020 02:06:06 AM MESSAGE:    No Change for Spoke HA in Element ION_CANADA.
INFO: 10/23/2020 02:06:07 AM MESSAGE:  Deleting Unconfigured Waninterface 16034154984270171.
INFO: 10/23/2020 02:06:07 AM MESSAGE:  Deleting Unconfigured Waninterface 16034155047890229.
INFO: 10/23/2020 02:06:08 AM MESSAGE: Disabling site..
INFO: 10/23/2020 02:06:08 AM MESSAGE: Updated Site SITE_Ottawa to state disabled.
INFO: 10/23/2020 02:06:08 AM MESSAGE: Deleting Site SITE_Ottawa..
INFO: 10/23/2020 02:06:09 AM MESSAGE: DONE
INFO: 10/23/2020 02:50:06 AM MESSAGE: Beginning to DESTROY site SITE_Ottawa(16034197410560246)..
INFO: 10/23/2020 02:50:07 AM MESSAGE: Un-assigning and de-claiming Element ION_CANADA(42104b4e-0494-1acd-04b3-5dd1b0e40bfc) bound to 16034197410560246.
INFO: 10/23/2020 02:50:08 AM MESSAGE:  Removing LAN Networks/WAN Interfaces from controller 1.
INFO: 10/23/2020 02:50:08 AM MESSAGE:  Removing LAN Networks/WAN Interfaces from 1.
INFO: 10/23/2020 02:50:09 AM MESSAGE:  Removing LAN Networks/WAN Interfaces from 2.
INFO: 10/23/2020 02:50:09 AM MESSAGE:  Removing LAN Networks/WAN Interfaces from 3.
INFO: 10/23/2020 02:50:09 AM MESSAGE:  Removing any leftover Element Security Zones and Spoke HA from ION_CANADA:
INFO: 10/23/2020 02:50:09 AM MESSAGE:    No Change for Spoke HA in Element ION_CANADA.
INFO: 10/23/2020 02:50:10 AM MESSAGE:  Deleting Unconfigured Waninterface Circuit to BSNL.
INFO: 10/23/2020 02:50:10 AM MESSAGE:  Deleting Unconfigured Waninterface Circuit to Jio.
INFO: 10/23/2020 02:50:10 AM MESSAGE: Disabling site..
INFO: 10/23/2020 02:50:11 AM MESSAGE: Updated Site SITE_Ottawa to state disabled.
INFO: 10/23/2020 02:50:11 AM MESSAGE: Deleting Site SITE_Ottawa..
INFO: 10/23/2020 02:50:12 AM MESSAGE: DONE
INFO: 10/24/2020 07:15:34 AM MESSAGE: Beginning to DESTROY site SITE_Ottawa(16035050184030246)..
INFO: 10/24/2020 07:15:34 AM MESSAGE: Un-assigning and de-claiming Element ION_CANADA(42104b4e-0494-1acd-04b3-5dd1b0e40bfc) bound to 16035050184030246.
INFO: 10/24/2020 07:15:34 AM MESSAGE:  Removing LAN Networks/WAN Interfaces from controller 1.
INFO: 10/24/2020 07:15:34 AM MESSAGE:  Removing LAN Networks/WAN Interfaces from 3.
INFO: 10/24/2020 07:15:34 AM MESSAGE:  Removing LAN Networks/WAN Interfaces from 1.
INFO: 10/24/2020 07:15:34 AM MESSAGE:  Removing LAN Networks/WAN Interfaces from 2.
INFO: 10/24/2020 07:15:34 AM MESSAGE:  Removing any leftover Element Security Zones and Spoke HA from ION_CANADA:
INFO: 10/24/2020 07:15:35 AM MESSAGE:    No Change for Spoke HA in Element ION_CANADA.
INFO: 10/24/2020 07:15:35 AM MESSAGE:  Deleting Unconfigured Waninterface Circuit to BSNL.
INFO: 10/24/2020 07:15:36 AM MESSAGE:  Deleting Unconfigured Waninterface Circuit to Jio.
INFO: 10/24/2020 07:15:36 AM MESSAGE: Disabling site..
INFO: 10/24/2020 07:15:36 AM MESSAGE: Updated Site SITE_Ottawa to state disabled.
INFO: 10/24/2020 07:15:37 AM MESSAGE: Deleting Site SITE_Ottawa..
INFO: 10/24/2020 07:15:37 AM MESSAGE: DONE
INFO: 10/24/2020 07:58:21 AM MESSAGE: Beginning to DESTROY site SITE_Ottawa(16035239998900056)..
INFO: 10/24/2020 07:58:21 AM MESSAGE:  Deleting Unconfigured Waninterface Circuit to BSNL.
INFO: 10/24/2020 07:58:21 AM MESSAGE:  Deleting Unconfigured Waninterface Circuit to Jio.
INFO: 10/24/2020 07:58:22 AM MESSAGE: Disabling site..
INFO: 10/24/2020 07:58:22 AM MESSAGE: Updated Site SITE_Ottawa to state disabled.
INFO: 10/24/2020 07:58:23 AM MESSAGE: Deleting Site SITE_Ottawa..
INFO: 10/24/2020 07:58:24 AM MESSAGE: DONE
INFO: 10/27/2020 07:30:39 AM MESSAGE: Beginning to DESTROY site SITE_Ottawa(16035271052980224)..
INFO: 10/27/2020 07:30:39 AM MESSAGE: Un-assigning and de-claiming Element ION_CANADA(42104b4e-0494-1acd-04b3-5dd1b0e40bfc) bound to 16035271052980224.
INFO: 10/27/2020 07:30:39 AM MESSAGE:  Removing LAN Networks/WAN Interfaces from 1.
INFO: 10/27/2020 07:30:40 AM MESSAGE:  Removing LAN Networks/WAN Interfaces from 3.
INFO: 10/27/2020 07:30:40 AM MESSAGE:  Removing LAN Networks/WAN Interfaces from 2.
INFO: 10/27/2020 07:30:40 AM MESSAGE:  Removing LAN Networks/WAN Interfaces from controller 1.
INFO: 10/27/2020 07:30:40 AM MESSAGE:  Removing any leftover Element Security Zones and Spoke HA from ION_CANADA:
INFO: 10/27/2020 07:30:40 AM MESSAGE:    No Change for Spoke HA in Element ION_CANADA.
INFO: 10/27/2020 07:30:41 AM MESSAGE:  Deleting Unconfigured Waninterface Circuit to BSNL.
INFO: 10/27/2020 07:30:42 AM MESSAGE:  Deleting Unconfigured Waninterface Circuit to Jio.
INFO: 10/27/2020 07:30:42 AM MESSAGE: Disabling site..
INFO: 10/27/2020 07:30:42 AM MESSAGE: Updated Site SITE_Ottawa to state disabled.
INFO: 10/27/2020 07:30:42 AM MESSAGE: Deleting Site SITE_Ottawa..
INFO: 10/27/2020 07:30:43 AM MESSAGE: DONE
INFO: 10/28/2020 02:34:11 PM MESSAGE: Beginning to DESTROY site SITE_Ottawa(16037843363180089)..
INFO: 10/28/2020 02:34:12 PM MESSAGE: Un-assigning and de-claiming Element ION_CANADA(42104b4e-0494-1acd-04b3-5dd1b0e40bfc) bound to 16037843363180089.
INFO: 10/28/2020 02:34:12 PM MESSAGE:  Removing LAN Networks/WAN Interfaces from 1.
INFO: 10/28/2020 02:34:12 PM MESSAGE:  Removing LAN Networks/WAN Interfaces from 3.
INFO: 10/28/2020 02:34:12 PM MESSAGE:  Removing LAN Networks/WAN Interfaces from controller 1.
INFO: 10/28/2020 02:34:12 PM MESSAGE:  Removing LAN Networks/WAN Interfaces from 2.
INFO: 10/28/2020 02:34:12 PM MESSAGE:  Removing any leftover Element Security Zones and Spoke HA from ION_CANADA:
INFO: 10/28/2020 02:34:12 PM MESSAGE:    No Change for Spoke HA in Element ION_CANADA.
INFO: 10/28/2020 02:34:13 PM MESSAGE:  Deleting Unconfigured Waninterface Circuit to BSNL.
INFO: 10/28/2020 02:34:13 PM MESSAGE:  Deleting Unconfigured Waninterface Circuit to Jio.
INFO: 10/28/2020 02:34:14 PM MESSAGE: Disabling site..
INFO: 10/28/2020 02:34:14 PM MESSAGE: Updated Site SITE_Ottawa to state disabled.
INFO: 10/28/2020 02:34:14 PM MESSAGE: Deleting Site SITE_Ottawa..
INFO: 10/28/2020 02:34:15 PM MESSAGE: DONE
INFO: 11/23/2020 10:08:21 AM MESSAGE: Beginning to DESTROY site SITE_Ottawa(16040529742970125)..
INFO: 11/23/2020 10:08:22 AM MESSAGE: Un-assigning and de-claiming Element ION_CANADA(42104b4e-0494-1acd-04b3-5dd1b0e40bfc) bound to 16040529742970125.
INFO: 11/23/2020 10:08:22 AM MESSAGE:  Removing LAN Networks/WAN Interfaces from controller 1.
INFO: 11/23/2020 10:08:23 AM MESSAGE:  Removing LAN Networks/WAN Interfaces from 3.
INFO: 11/23/2020 10:08:24 AM MESSAGE:  Removing LAN Networks/WAN Interfaces from 1.
INFO: 11/23/2020 10:08:26 AM MESSAGE:  Removing LAN Networks/WAN Interfaces from 2.
INFO: 11/23/2020 10:08:27 AM MESSAGE:  Removing any leftover Element Security Zones and Spoke HA from ION_CANADA:
INFO: 11/23/2020 10:08:28 AM MESSAGE:    No Change for Spoke HA in Element ION_CANADA.
INFO: 11/23/2020 10:08:33 AM MESSAGE:  Deleting Unconfigured Waninterface Circuit to BSNL.
INFO: 11/23/2020 10:08:35 AM MESSAGE:  Deleting Unconfigured Waninterface Circuit to Jio.
INFO: 11/23/2020 10:08:36 AM MESSAGE: Disabling site..
INFO: 11/23/2020 10:08:37 AM MESSAGE: Updated Site SITE_Ottawa to state disabled.
INFO: 11/23/2020 10:08:37 AM MESSAGE: Deleting Site SITE_Ottawa..
INFO: 11/23/2020 10:08:40 AM MESSAGE: DONE
