INFO: 10/15/2020 12:23:42 PM MESSAGE: Created Site SITE_BLR.
INFO: 10/15/2020 12:23:43 PM MESSAGE:  Created waninterface Circuit to Airtel.
INFO: 10/15/2020 12:23:43 PM MESSAGE:  Created waninterface Circuit to Jio.
INFO: 10/15/2020 12:23:43 PM MESSAGE:  Created Spoke Cluster BLR_HA.
INFO: 10/15/2020 12:23:44 PM MESSAGE:  Machine 42108316-62af-0a63-0ed5-9ef9888ec291 is not CLAIMED, attempting to claim..
INFO: 10/15/2020 12:23:44 PM MESSAGE:  Checking Machine 42108316-62af-0a63-0ed5-9ef9888ec291..
INFO: 10/15/2020 12:23:44 PM MESSAGE:   Unclaimed(allocated). Beginning Claim process..
INFO: 10/15/2020 12:23:44 PM MESSAGE:   Machine 42108316-62af-0a63-0ed5-9ef9888ec291 still claiming, waited so far 0 seconds out of 10.
INFO: 10/15/2020 12:23:54 PM MESSAGE:   Machine 42108316-62af-0a63-0ed5-9ef9888ec291 still claiming, waited so far 10 seconds out of 10.
ERROR: 10/15/2020 12:24:04 PM ERROR: Machine 42108316-62af-0a63-0ed5-9ef9888ec291 Claim took longer than 10 seconds. Exiting.
INFO: 10/15/2020 12:28:16 PM MESSAGE: No Change for Site SITE_BLR.
INFO: 10/15/2020 12:28:16 PM MESSAGE:  No Change for Waninterface Circuit to Airtel.
INFO: 10/15/2020 12:28:16 PM MESSAGE:  No Change for Waninterface Circuit to Jio.
INFO: 10/15/2020 12:28:17 PM MESSAGE:  No Change for Spoke Cluster BLR_HA.
INFO: 10/15/2020 12:28:17 PM MESSAGE:  Element: Code is at correct version 5.4.1-b15.
INFO: 10/15/2020 12:28:17 PM MESSAGE:   Assigning Element Serial: 42108316-62af-0a63-0ed5-9ef9888ec291.
INFO: 10/15/2020 12:28:17 PM MESSAGE:   Element Serial: 42108316-62af-0a63-0ed5-9ef9888ec291 not yet in requested state(s): bound (is bound_in_progress). Waited so far 0 seconds out of 10.
INFO: 10/15/2020 12:28:28 PM MESSAGE:    Updated Interface 1 (Etag 3 -> 4).
INFO: 10/15/2020 12:28:28 PM MESSAGE:    No Change for Interface 2.
INFO: 10/15/2020 12:28:28 PM MESSAGE:    No Change for Interface controller 1.
INFO: 10/15/2020 12:28:28 PM MESSAGE:    No Change for Interface 3.
INFO: 10/15/2020 12:28:28 PM MESSAGE:    No Change for Interface 4.
INFO: 10/15/2020 12:28:28 PM MESSAGE:    No Change for Interface 5.
INFO: 10/15/2020 12:28:28 PM MESSAGE:    No Change for Interface 6.
INFO: 10/15/2020 12:28:28 PM MESSAGE:    No Change for Interface 7.
INFO: 10/15/2020 12:28:28 PM MESSAGE:    No Change for Interface 8.
INFO: 10/15/2020 12:28:28 PM MESSAGE:    No Change for Interface 9.
INFO: 10/15/2020 12:28:28 PM MESSAGE:    Updating Spoke HA for Element BLR_HA_ION_01.
INFO: 10/15/2020 12:28:29 PM MESSAGE:    No Change for BGP Global Config 16027649001110012.
INFO: 10/15/2020 12:28:29 PM MESSAGE:    No Change for NTP 16027646245920248.
INFO: 10/15/2020 12:28:29 PM MESSAGE:    Created dnsservices blr_dns_service_config.
INFO: 10/15/2020 12:28:29 PM MESSAGE:    No Change for Toolkit 16027646389090185.
INFO: 10/15/2020 12:28:29 PM MESSAGE:  Machine 4210fff5-706e-5c8c-7e74-85f94d992ea1 is not CLAIMED, attempting to claim..
INFO: 10/15/2020 12:28:29 PM MESSAGE:  Checking Machine 4210fff5-706e-5c8c-7e74-85f94d992ea1..
INFO: 10/15/2020 12:28:29 PM MESSAGE:   Unclaimed(allocated). Beginning Claim process..
INFO: 10/15/2020 12:28:30 PM MESSAGE:   Machine 4210fff5-706e-5c8c-7e74-85f94d992ea1 still claiming, waited so far 0 seconds out of 10.
INFO: 10/15/2020 12:28:40 PM MESSAGE:   Machine 4210fff5-706e-5c8c-7e74-85f94d992ea1 still claiming, waited so far 10 seconds out of 10.
ERROR: 10/15/2020 12:28:50 PM ERROR: Machine 4210fff5-706e-5c8c-7e74-85f94d992ea1 Claim took longer than 10 seconds. Exiting.
