INFO: 10/08/2020 05:39:30 AM MESSAGE: Created Site SITE_NEWYORK.
INFO: 10/08/2020 05:39:30 AM MESSAGE:  Created waninterface Circuit to At&T.
INFO: 10/08/2020 05:39:30 AM MESSAGE:  Created waninterface Circuit to BSNL.
INFO: 10/08/2020 05:39:30 AM MESSAGE:  Element: Code is at correct version 5.4.1-b13.
INFO: 10/08/2020 05:39:30 AM MESSAGE:   Assigning Element SPOKE_02.
INFO: 10/08/2020 05:39:31 AM MESSAGE:   Element SPOKE_02 not yet in requested state(s): bound (is bound_in_progress). Waited so far 0 seconds out of 600.
INFO: 10/08/2020 05:39:41 AM MESSAGE:   Element SPOKE_02 not yet in requested state(s): bound (is bound_in_progress). Waited so far 10 seconds out of 600.
INFO: 10/08/2020 05:39:51 AM MESSAGE:   Element SPOKE_02 not yet in requested state(s): bound (is bound_in_progress). Waited so far 20 seconds out of 600.
INFO: 10/08/2020 05:40:02 AM MESSAGE:   Element SPOKE_02 not yet in requested state(s): bound (is bound_in_progress). Waited so far 30 seconds out of 600.
INFO: 10/08/2020 05:40:12 AM MESSAGE:   Element SPOKE_02 not yet in requested state(s): bound (is bound_in_progress). Waited so far 40 seconds out of 600.
INFO: 10/08/2020 05:40:22 AM MESSAGE:    No Change for Interface 1.
INFO: 10/08/2020 05:40:22 AM MESSAGE:    No Change for Interface 2.
INFO: 10/08/2020 05:40:22 AM MESSAGE:    No Change for Interface controller 1.
INFO: 10/08/2020 05:40:22 AM MESSAGE:    No Change for Interface 3.
INFO: 10/08/2020 05:40:22 AM MESSAGE:    No Change for Interface 4.
INFO: 10/08/2020 05:40:22 AM MESSAGE:    No Change for Interface 5.
INFO: 10/08/2020 05:40:23 AM MESSAGE:    No Change for Interface 6.
INFO: 10/08/2020 05:40:23 AM MESSAGE:    No Change for Interface 7.
INFO: 10/08/2020 05:40:23 AM MESSAGE:    No Change for Interface 8.
INFO: 10/08/2020 05:40:23 AM MESSAGE:    No Change for Interface 9.
INFO: 10/08/2020 05:40:23 AM MESSAGE:    No Change for Spoke HA in Element SPOKE_02.
INFO: 10/08/2020 05:40:23 AM MESSAGE:    No Change for BGP Global Config 16021356130010234.
INFO: 10/08/2020 05:40:23 AM MESSAGE:    No Change for NTP 16021342872960012.
INFO: 10/08/2020 05:40:23 AM MESSAGE:    No Change for Toolkit 16021343043620089.
INFO: 10/08/2020 05:40:23 AM MESSAGE: No Change for Site SITE_NEWYORK state (active).
INFO: 10/08/2020 05:40:23 AM MESSAGE: DONE
INFO: 10/08/2020 05:42:25 AM MESSAGE: No Change for Site SITE_NEWYORK.
INFO: 10/08/2020 05:42:25 AM MESSAGE:  No Change for Waninterface Circuit to At&T.
INFO: 10/08/2020 05:42:25 AM MESSAGE:  No Change for Waninterface Circuit to BSNL.
INFO: 10/08/2020 05:42:25 AM MESSAGE:  Element: Code is at correct version 5.4.1-b13.
INFO: 10/08/2020 05:42:25 AM MESSAGE:   No Change for Element SPOKE_02.
INFO: 10/08/2020 05:42:25 AM MESSAGE:    No Change for Interface 1.
INFO: 10/08/2020 05:42:25 AM MESSAGE:    No Change for Interface 2.
INFO: 10/08/2020 05:42:25 AM MESSAGE:    No Change for Interface controller 1.
INFO: 10/08/2020 05:42:25 AM MESSAGE:    No Change for Interface 3.
INFO: 10/08/2020 05:42:25 AM MESSAGE:    No Change for Interface 4.
INFO: 10/08/2020 05:42:26 AM MESSAGE:    No Change for Interface 5.
INFO: 10/08/2020 05:42:26 AM MESSAGE:    No Change for Interface 6.
INFO: 10/08/2020 05:42:26 AM MESSAGE:    No Change for Interface 7.
INFO: 10/08/2020 05:42:26 AM MESSAGE:    No Change for Interface 8.
INFO: 10/08/2020 05:42:26 AM MESSAGE:    No Change for Interface 9.
INFO: 10/08/2020 05:42:26 AM MESSAGE:    No Change for Spoke HA in Element SPOKE_02.
INFO: 10/08/2020 05:42:26 AM MESSAGE:    No Change for BGP Global Config 16021356130010234.
INFO: 10/08/2020 05:42:26 AM MESSAGE:    No Change for NTP 16021342872960012.
INFO: 10/08/2020 05:42:26 AM MESSAGE:    No Change for Toolkit 16021343043620089.
INFO: 10/08/2020 05:42:26 AM MESSAGE: No Change for Site SITE_NEWYORK state (active).
INFO: 10/08/2020 05:42:26 AM MESSAGE: DONE
INFO: 10/08/2020 05:47:31 AM MESSAGE: Updated Site SITE_NEWYORK (Etag 2 -> 3).
INFO: 10/08/2020 05:47:31 AM MESSAGE:  No Change for Waninterface Circuit to At&T.
INFO: 10/08/2020 05:47:31 AM MESSAGE:  No Change for Waninterface Circuit to BSNL.
INFO: 10/08/2020 05:47:32 AM MESSAGE:  Element: Code is at correct version 5.4.1-b13.
INFO: 10/08/2020 05:47:32 AM MESSAGE:   No Change for Element SPOKE_02.
INFO: 10/08/2020 05:47:32 AM MESSAGE:    No Change for Interface 1.
INFO: 10/08/2020 05:47:32 AM MESSAGE:    No Change for Interface 2.
INFO: 10/08/2020 05:47:32 AM MESSAGE:    No Change for Interface controller 1.
INFO: 10/08/2020 05:47:32 AM MESSAGE:    No Change for Interface 3.
INFO: 10/08/2020 05:47:32 AM MESSAGE:    No Change for Interface 4.
INFO: 10/08/2020 05:47:32 AM MESSAGE:    No Change for Interface 5.
INFO: 10/08/2020 05:47:32 AM MESSAGE:    No Change for Interface 6.
INFO: 10/08/2020 05:47:32 AM MESSAGE:    No Change for Interface 7.
INFO: 10/08/2020 05:47:32 AM MESSAGE:    No Change for Interface 8.
INFO: 10/08/2020 05:47:33 AM MESSAGE:    No Change for Interface 9.
INFO: 10/08/2020 05:47:33 AM MESSAGE:    No Change for Spoke HA in Element SPOKE_02.
INFO: 10/08/2020 05:47:33 AM MESSAGE:    No Change for BGP Global Config 16021356130010234.
INFO: 10/08/2020 05:47:33 AM MESSAGE:    No Change for NTP 16021342872960012.
INFO: 10/08/2020 05:47:33 AM MESSAGE:    No Change for Toolkit 16021343043620089.
INFO: 10/08/2020 05:47:33 AM MESSAGE: No Change for Site SITE_NEWYORK state (active).
INFO: 10/08/2020 05:47:33 AM MESSAGE: DONE
INFO: 10/08/2020 05:56:02 AM MESSAGE: Updated Site SITE_NEWYORK (Etag 3 -> 4).
INFO: 10/08/2020 05:56:02 AM MESSAGE:  No Change for Waninterface Circuit to At&T.
INFO: 10/08/2020 05:56:03 AM MESSAGE:  No Change for Waninterface Circuit to BSNL.
INFO: 10/08/2020 05:56:03 AM MESSAGE:  Element: Code is at correct version 5.4.1-b13.
INFO: 10/08/2020 05:56:03 AM MESSAGE:   No Change for Element SPOKE_02.
INFO: 10/08/2020 05:56:03 AM MESSAGE:    No Change for Interface 1.
INFO: 10/08/2020 05:56:03 AM MESSAGE:    No Change for Interface 2.
INFO: 10/08/2020 05:56:03 AM MESSAGE:    No Change for Interface controller 1.
INFO: 10/08/2020 05:56:03 AM MESSAGE:    No Change for Interface 3.
INFO: 10/08/2020 05:56:03 AM MESSAGE:    No Change for Interface 4.
INFO: 10/08/2020 05:56:03 AM MESSAGE:    No Change for Interface 5.
INFO: 10/08/2020 05:56:04 AM MESSAGE:    No Change for Interface 6.
INFO: 10/08/2020 05:56:04 AM MESSAGE:    No Change for Interface 7.
INFO: 10/08/2020 05:56:04 AM MESSAGE:    No Change for Interface 8.
INFO: 10/08/2020 05:56:04 AM MESSAGE:    No Change for Interface 9.
INFO: 10/08/2020 05:56:04 AM MESSAGE:    No Change for Spoke HA in Element SPOKE_02.
INFO: 10/08/2020 05:56:04 AM MESSAGE:    No Change for BGP Global Config 16021356130010234.
INFO: 10/08/2020 05:56:04 AM MESSAGE:    No Change for NTP 16021342872960012.
INFO: 10/08/2020 05:56:04 AM MESSAGE:    No Change for Toolkit 16021343043620089.
INFO: 10/08/2020 05:56:04 AM MESSAGE: No Change for Site SITE_NEWYORK state (active).
INFO: 10/08/2020 05:56:04 AM MESSAGE: DONE
INFO: 10/08/2020 06:00:21 AM MESSAGE: Updated Site SITE_NEWYORK (Etag 4 -> 5).
INFO: 10/08/2020 06:00:21 AM MESSAGE:  No Change for Waninterface Circuit to At&T.
INFO: 10/08/2020 06:00:21 AM MESSAGE:  No Change for Waninterface Circuit to BSNL.
INFO: 10/08/2020 06:00:21 AM MESSAGE:  Element: Code is at correct version 5.4.1-b13.
INFO: 10/08/2020 06:00:21 AM MESSAGE:   No Change for Element SPOKE_02.
INFO: 10/08/2020 06:00:21 AM MESSAGE:    No Change for Interface 1.
INFO: 10/08/2020 06:00:22 AM MESSAGE:    No Change for Interface 2.
INFO: 10/08/2020 06:00:22 AM MESSAGE:    No Change for Interface controller 1.
INFO: 10/08/2020 06:00:22 AM MESSAGE:    No Change for Interface 3.
INFO: 10/08/2020 06:00:22 AM MESSAGE:    No Change for Interface 4.
INFO: 10/08/2020 06:00:22 AM MESSAGE:    No Change for Interface 5.
INFO: 10/08/2020 06:00:22 AM MESSAGE:    No Change for Interface 6.
INFO: 10/08/2020 06:00:22 AM MESSAGE:    No Change for Interface 7.
INFO: 10/08/2020 06:00:22 AM MESSAGE:    No Change for Interface 8.
INFO: 10/08/2020 06:00:22 AM MESSAGE:    No Change for Interface 9.
INFO: 10/08/2020 06:00:22 AM MESSAGE:    No Change for Spoke HA in Element SPOKE_02.
INFO: 10/08/2020 06:00:22 AM MESSAGE:    No Change for BGP Global Config 16021356130010234.
INFO: 10/08/2020 06:00:23 AM MESSAGE:    No Change for NTP 16021342872960012.
INFO: 10/08/2020 06:00:23 AM MESSAGE:    No Change for Toolkit 16021343043620089.
INFO: 10/08/2020 06:00:23 AM MESSAGE: No Change for Site SITE_NEWYORK state (active).
INFO: 10/08/2020 06:00:23 AM MESSAGE: DONE
INFO: 10/08/2020 07:22:41 AM MESSAGE: Updated Site SITE_NEWYORK (Etag 5 -> 6).
INFO: 10/08/2020 07:22:41 AM MESSAGE:  No Change for Waninterface Circuit to At&T.
INFO: 10/08/2020 07:22:41 AM MESSAGE:  No Change for Waninterface Circuit to BSNL.
INFO: 10/08/2020 07:22:41 AM MESSAGE:  Element: Code is at correct version 5.4.1-b13.
INFO: 10/08/2020 07:22:41 AM MESSAGE:   No Change for Element SPOKE_02.
INFO: 10/08/2020 07:22:42 AM MESSAGE:    No Change for Interface 1.
INFO: 10/08/2020 07:22:42 AM MESSAGE:    No Change for Interface 2.
INFO: 10/08/2020 07:22:42 AM MESSAGE:    No Change for Interface controller 1.
INFO: 10/08/2020 07:22:42 AM MESSAGE:    No Change for Interface 3.
INFO: 10/08/2020 07:22:42 AM MESSAGE:    No Change for Interface 4.
INFO: 10/08/2020 07:22:42 AM MESSAGE:    No Change for Interface 5.
INFO: 10/08/2020 07:22:42 AM MESSAGE:    No Change for Interface 6.
INFO: 10/08/2020 07:22:42 AM MESSAGE:    No Change for Interface 7.
INFO: 10/08/2020 07:22:42 AM MESSAGE:    No Change for Interface 8.
INFO: 10/08/2020 07:22:42 AM MESSAGE:    No Change for Interface 9.
INFO: 10/08/2020 07:22:42 AM MESSAGE:    No Change for Spoke HA in Element SPOKE_02.
INFO: 10/08/2020 07:22:43 AM MESSAGE:    No Change for BGP Global Config 16021356130010234.
INFO: 10/08/2020 07:22:43 AM MESSAGE:    No Change for NTP 16021342872960012.
INFO: 10/08/2020 07:22:43 AM MESSAGE:    No Change for Toolkit 16021343043620089.
INFO: 10/08/2020 07:22:43 AM MESSAGE: No Change for Site SITE_NEWYORK state (active).
INFO: 10/08/2020 07:22:43 AM MESSAGE: DONE
