INFO: 10/03/2020 05:30:33 AM MESSAGE: Updated Site MUMBAI_SITE (Etag 2 -> 3).
INFO: 10/03/2020 05:30:33 AM MESSAGE:  No Change for Waninterface Circuit to At&T.
INFO: 10/03/2020 05:30:34 AM MESSAGE:  No Change for Waninterface Circuit to BSNL.
INFO: 10/03/2020 05:30:34 AM MESSAGE: No Change for Site MUMBAI_SITE state (disabled).
INFO: 10/03/2020 05:30:34 AM MESSAGE: DONE
INFO: 10/04/2020 01:24:33 AM MESSAGE: Created Site MUMBAI_SITE.
INFO: 10/04/2020 01:24:33 AM MESSAGE:  Created waninterface Circuit to At&T.
INFO: 10/04/2020 01:24:33 AM MESSAGE:  Created waninterface Circuit to BSNL.
INFO: 10/04/2020 01:24:34 AM MESSAGE: No Change for Site MUMBAI_SITE state (disabled).
INFO: 10/04/2020 01:24:34 AM MESSAGE: DONE
INFO: 10/04/2020 02:05:29 AM MESSAGE: Created Site MUMBAI_SITE.
INFO: 10/04/2020 02:05:29 AM MESSAGE:  Created waninterface Circuit to At&T.
INFO: 10/04/2020 02:05:29 AM MESSAGE:  Created waninterface Circuit to BSNL.
INFO: 10/04/2020 02:05:29 AM MESSAGE: No Change for Site MUMBAI_SITE state (disabled).
INFO: 10/04/2020 02:05:29 AM MESSAGE: DONE
INFO: 10/04/2020 02:09:55 AM MESSAGE: Created Site MUMBAI_SITE.
INFO: 10/04/2020 02:09:55 AM MESSAGE:  Created waninterface Circuit to At&T.
INFO: 10/04/2020 02:09:55 AM MESSAGE:  Created waninterface Circuit to BSNL.
INFO: 10/04/2020 02:09:55 AM MESSAGE: No Change for Site MUMBAI_SITE state (disabled).
INFO: 10/04/2020 02:09:55 AM MESSAGE: DONE
INFO: 10/04/2020 02:15:09 AM MESSAGE: Created Site MUMBAI_SITE.
INFO: 10/04/2020 02:15:10 AM MESSAGE:  Created waninterface Circuit to At&T.
INFO: 10/04/2020 02:15:11 AM MESSAGE:  Created waninterface Circuit to BSNL.
INFO: 10/04/2020 02:15:12 AM MESSAGE: No Change for Site MUMBAI_SITE state (disabled).
INFO: 10/04/2020 02:15:12 AM MESSAGE: DONE
INFO: 10/04/2020 02:26:06 AM MESSAGE: Created Site MUMBAI_SITE.
INFO: 10/04/2020 02:26:06 AM MESSAGE:  Created waninterface Circuit to At&T.
INFO: 10/04/2020 02:26:06 AM MESSAGE:  Created waninterface Circuit to BSNL.
INFO: 10/04/2020 02:26:06 AM MESSAGE: No Change for Site MUMBAI_SITE state (disabled).
INFO: 10/04/2020 02:26:06 AM MESSAGE: DONE
INFO: 10/04/2020 02:39:36 AM MESSAGE: Created Site MUMBAI_SITE.
INFO: 10/04/2020 02:39:36 AM MESSAGE:  Created waninterface Circuit to At&T.
INFO: 10/04/2020 02:39:36 AM MESSAGE:  Created waninterface Circuit to BSNL.
INFO: 10/04/2020 02:39:37 AM MESSAGE: No Change for Site MUMBAI_SITE state (disabled).
INFO: 10/04/2020 02:39:37 AM MESSAGE: DONE
INFO: 10/04/2020 02:52:43 AM MESSAGE: Created Site MUMBAI_SITE.
INFO: 10/04/2020 02:52:43 AM MESSAGE:  Created waninterface Circuit to At&T.
INFO: 10/04/2020 02:52:43 AM MESSAGE:  Created waninterface Circuit to BSNL.
INFO: 10/04/2020 02:52:44 AM MESSAGE: No Change for Site MUMBAI_SITE state (disabled).
INFO: 10/04/2020 02:52:44 AM MESSAGE: DONE
INFO: 10/04/2020 03:06:01 AM MESSAGE: Created Site MUMBAI_SITE.
INFO: 10/04/2020 03:06:01 AM MESSAGE:  Created waninterface Circuit to At&T.
INFO: 10/04/2020 03:06:01 AM MESSAGE:  Created waninterface Circuit to BSNL.
INFO: 10/04/2020 03:06:02 AM MESSAGE: No Change for Site MUMBAI_SITE state (disabled).
INFO: 10/04/2020 03:06:02 AM MESSAGE: DONE
INFO: 10/04/2020 03:19:15 AM MESSAGE: Created Site MUMBAI_SITE.
INFO: 10/04/2020 03:19:15 AM MESSAGE:  Created waninterface Circuit to At&T.
INFO: 10/04/2020 03:19:15 AM MESSAGE:  Created waninterface Circuit to BSNL.
INFO: 10/04/2020 03:19:16 AM MESSAGE: No Change for Site MUMBAI_SITE state (disabled).
INFO: 10/04/2020 03:19:16 AM MESSAGE: DONE
INFO: 10/04/2020 03:32:38 AM MESSAGE: Created Site MUMBAI_SITE.
INFO: 10/04/2020 03:32:38 AM MESSAGE:  Created waninterface Circuit to At&T.
INFO: 10/04/2020 03:32:38 AM MESSAGE:  Created waninterface Circuit to BSNL.
INFO: 10/04/2020 03:32:38 AM MESSAGE: No Change for Site MUMBAI_SITE state (disabled).
INFO: 10/04/2020 03:32:39 AM MESSAGE: DONE
INFO: 10/04/2020 03:45:58 AM MESSAGE: Created Site MUMBAI_SITE.
INFO: 10/04/2020 03:45:58 AM MESSAGE:  Created waninterface Circuit to At&T.
INFO: 10/04/2020 03:45:59 AM MESSAGE:  Created waninterface Circuit to BSNL.
INFO: 10/04/2020 03:45:59 AM MESSAGE: No Change for Site MUMBAI_SITE state (disabled).
INFO: 10/04/2020 03:45:59 AM MESSAGE: DONE
INFO: 10/04/2020 03:59:20 AM MESSAGE: Created Site MUMBAI_SITE.
INFO: 10/04/2020 03:59:20 AM MESSAGE:  Created waninterface Circuit to At&T.
INFO: 10/04/2020 03:59:20 AM MESSAGE:  Created waninterface Circuit to BSNL.
INFO: 10/04/2020 03:59:20 AM MESSAGE: No Change for Site MUMBAI_SITE state (disabled).
INFO: 10/04/2020 03:59:20 AM MESSAGE: DONE
INFO: 10/04/2020 04:12:46 AM MESSAGE: Created Site MUMBAI_SITE.
INFO: 10/04/2020 04:12:46 AM MESSAGE:  Created waninterface Circuit to At&T.
INFO: 10/04/2020 04:12:47 AM MESSAGE:  Created waninterface Circuit to BSNL.
INFO: 10/04/2020 04:12:47 AM MESSAGE: No Change for Site MUMBAI_SITE state (disabled).
INFO: 10/04/2020 04:12:47 AM MESSAGE: DONE
