INFO: 10/03/2020 05:29:36 AM MESSAGE: Updated Site TUTICORIN_SITE (Etag 2 -> 3).
INFO: 10/03/2020 05:29:36 AM MESSAGE:  No Change for Waninterface Circuit to At&T.
INFO: 10/03/2020 05:29:36 AM MESSAGE:  No Change for Waninterface Circuit to BSNL.
INFO: 10/03/2020 05:29:37 AM MESSAGE: No Change for Site TUTICORIN_SITE state (disabled).
INFO: 10/03/2020 05:29:37 AM MESSAGE: DONE
INFO: 10/04/2020 01:18:06 AM MESSAGE: Created Site TUTICORIN_SITE.
INFO: 10/04/2020 01:18:08 AM MESSAGE:  Created waninterface Circuit to At&T.
INFO: 10/04/2020 01:18:09 AM MESSAGE:  Created waninterface Circuit to BSNL.
INFO: 10/04/2020 01:18:09 AM MESSAGE: No Change for Site TUTICORIN_SITE state (disabled).
INFO: 10/04/2020 01:18:10 AM MESSAGE: DONE
INFO: 10/04/2020 02:03:57 AM MESSAGE: Created Site TUTICORIN_SITE.
INFO: 10/04/2020 02:03:58 AM MESSAGE:  Created waninterface Circuit to At&T.
INFO: 10/04/2020 02:03:58 AM MESSAGE:  Created waninterface Circuit to BSNL.
INFO: 10/04/2020 02:03:58 AM MESSAGE: No Change for Site TUTICORIN_SITE state (disabled).
INFO: 10/04/2020 02:03:58 AM MESSAGE: DONE
INFO: 10/04/2020 02:08:03 AM MESSAGE: Created Site TUTICORIN_SITE.
INFO: 10/04/2020 02:08:03 AM MESSAGE:  Created waninterface Circuit to At&T.
INFO: 10/04/2020 02:08:03 AM MESSAGE:  Created waninterface Circuit to BSNL.
INFO: 10/04/2020 02:08:04 AM MESSAGE: No Change for Site TUTICORIN_SITE state (disabled).
INFO: 10/04/2020 02:08:04 AM MESSAGE: DONE
INFO: 10/04/2020 02:12:12 AM MESSAGE: Created Site TUTICORIN_SITE.
INFO: 10/04/2020 02:12:12 AM MESSAGE:  Created waninterface Circuit to At&T.
INFO: 10/04/2020 02:12:12 AM MESSAGE:  Created waninterface Circuit to BSNL.
INFO: 10/04/2020 02:12:13 AM MESSAGE: No Change for Site TUTICORIN_SITE state (disabled).
INFO: 10/04/2020 02:12:13 AM MESSAGE: DONE
INFO: 10/04/2020 02:19:31 AM MESSAGE: Created Site TUTICORIN_SITE.
INFO: 10/04/2020 02:19:31 AM MESSAGE:  Created waninterface Circuit to At&T.
INFO: 10/04/2020 02:19:31 AM MESSAGE:  Created waninterface Circuit to BSNL.
INFO: 10/04/2020 02:19:31 AM MESSAGE: No Change for Site TUTICORIN_SITE state (disabled).
INFO: 10/04/2020 02:19:31 AM MESSAGE: DONE
INFO: 10/04/2020 02:32:57 AM MESSAGE: Created Site TUTICORIN_SITE.
INFO: 10/04/2020 02:32:57 AM MESSAGE:  Created waninterface Circuit to At&T.
INFO: 10/04/2020 02:32:57 AM MESSAGE:  Created waninterface Circuit to BSNL.
INFO: 10/04/2020 02:32:57 AM MESSAGE: No Change for Site TUTICORIN_SITE state (disabled).
INFO: 10/04/2020 02:32:57 AM MESSAGE: DONE
INFO: 10/04/2020 02:46:04 AM MESSAGE: Created Site TUTICORIN_SITE.
INFO: 10/04/2020 02:46:04 AM MESSAGE:  Created waninterface Circuit to At&T.
INFO: 10/04/2020 02:46:04 AM MESSAGE:  Created waninterface Circuit to BSNL.
INFO: 10/04/2020 02:46:04 AM MESSAGE: No Change for Site TUTICORIN_SITE state (disabled).
INFO: 10/04/2020 02:46:04 AM MESSAGE: DONE
INFO: 10/04/2020 02:59:27 AM MESSAGE: Created Site TUTICORIN_SITE.
INFO: 10/04/2020 02:59:27 AM MESSAGE:  Created waninterface Circuit to At&T.
INFO: 10/04/2020 02:59:27 AM MESSAGE:  Created waninterface Circuit to BSNL.
INFO: 10/04/2020 02:59:27 AM MESSAGE: No Change for Site TUTICORIN_SITE state (disabled).
INFO: 10/04/2020 02:59:27 AM MESSAGE: DONE
INFO: 10/04/2020 03:12:39 AM MESSAGE: Created Site TUTICORIN_SITE.
INFO: 10/04/2020 03:12:39 AM MESSAGE:  Created waninterface Circuit to At&T.
INFO: 10/04/2020 03:12:40 AM MESSAGE:  Created waninterface Circuit to BSNL.
INFO: 10/04/2020 03:12:40 AM MESSAGE: No Change for Site TUTICORIN_SITE state (disabled).
INFO: 10/04/2020 03:12:40 AM MESSAGE: DONE
INFO: 10/04/2020 03:26:07 AM MESSAGE: Created Site TUTICORIN_SITE.
INFO: 10/04/2020 03:26:07 AM MESSAGE:  Created waninterface Circuit to At&T.
INFO: 10/04/2020 03:26:07 AM MESSAGE:  Created waninterface Circuit to BSNL.
INFO: 10/04/2020 03:26:07 AM MESSAGE: No Change for Site TUTICORIN_SITE state (disabled).
INFO: 10/04/2020 03:26:07 AM MESSAGE: DONE
INFO: 10/04/2020 03:39:19 AM MESSAGE: Created Site TUTICORIN_SITE.
INFO: 10/04/2020 03:39:19 AM MESSAGE:  Created waninterface Circuit to At&T.
INFO: 10/04/2020 03:39:19 AM MESSAGE:  Created waninterface Circuit to BSNL.
INFO: 10/04/2020 03:39:19 AM MESSAGE: No Change for Site TUTICORIN_SITE state (disabled).
INFO: 10/04/2020 03:39:19 AM MESSAGE: DONE
INFO: 10/04/2020 03:52:35 AM MESSAGE: Created Site TUTICORIN_SITE.
INFO: 10/04/2020 03:52:35 AM MESSAGE:  Created waninterface Circuit to At&T.
INFO: 10/04/2020 03:52:35 AM MESSAGE:  Created waninterface Circuit to BSNL.
INFO: 10/04/2020 03:52:36 AM MESSAGE: No Change for Site TUTICORIN_SITE state (disabled).
INFO: 10/04/2020 03:52:36 AM MESSAGE: DONE
INFO: 10/04/2020 04:06:00 AM MESSAGE: Created Site TUTICORIN_SITE.
INFO: 10/04/2020 04:06:00 AM MESSAGE:  Created waninterface Circuit to At&T.
INFO: 10/04/2020 04:06:00 AM MESSAGE:  Created waninterface Circuit to BSNL.
INFO: 10/04/2020 04:06:01 AM MESSAGE: No Change for Site TUTICORIN_SITE state (disabled).
INFO: 10/04/2020 04:06:01 AM MESSAGE: DONE
INFO: 10/04/2020 04:19:27 AM MESSAGE: Created Site TUTICORIN_SITE.
INFO: 10/04/2020 04:19:28 AM MESSAGE:  Created waninterface Circuit to At&T.
INFO: 10/04/2020 04:19:28 AM MESSAGE:  Created waninterface Circuit to BSNL.
INFO: 10/04/2020 04:19:28 AM MESSAGE: No Change for Site TUTICORIN_SITE state (disabled).
INFO: 10/04/2020 04:19:28 AM MESSAGE: DONE
INFO: 10/04/2020 04:32:47 AM MESSAGE: Created Site TUTICORIN_SITE.
INFO: 10/04/2020 04:32:47 AM MESSAGE:  Created waninterface Circuit to At&T.
INFO: 10/04/2020 04:32:47 AM MESSAGE:  Created waninterface Circuit to BSNL.
INFO: 10/04/2020 04:32:47 AM MESSAGE: No Change for Site TUTICORIN_SITE state (disabled).
INFO: 10/04/2020 04:32:47 AM MESSAGE: DONE
INFO: 10/04/2020 04:46:01 AM MESSAGE: Created Site TUTICORIN_SITE.
INFO: 10/04/2020 04:46:01 AM MESSAGE:  Created waninterface Circuit to At&T.
INFO: 10/04/2020 04:46:02 AM MESSAGE:  Created waninterface Circuit to BSNL.
INFO: 10/04/2020 04:46:02 AM MESSAGE: No Change for Site TUTICORIN_SITE state (disabled).
INFO: 10/04/2020 04:46:02 AM MESSAGE: DONE
INFO: 10/04/2020 04:59:16 AM MESSAGE: Created Site TUTICORIN_SITE.
INFO: 10/04/2020 04:59:16 AM MESSAGE:  Created waninterface Circuit to At&T.
INFO: 10/04/2020 04:59:16 AM MESSAGE:  Created waninterface Circuit to BSNL.
INFO: 10/04/2020 04:59:16 AM MESSAGE: No Change for Site TUTICORIN_SITE state (disabled).
INFO: 10/04/2020 04:59:16 AM MESSAGE: DONE
INFO: 10/04/2020 05:12:27 AM MESSAGE: Created Site TUTICORIN_SITE.
INFO: 10/04/2020 05:12:27 AM MESSAGE:  Created waninterface Circuit to At&T.
INFO: 10/04/2020 05:12:28 AM MESSAGE:  Created waninterface Circuit to BSNL.
INFO: 10/04/2020 05:12:28 AM MESSAGE: No Change for Site TUTICORIN_SITE state (disabled).
INFO: 10/04/2020 05:12:28 AM MESSAGE: DONE
INFO: 10/04/2020 05:25:40 AM MESSAGE: Created Site TUTICORIN_SITE.
INFO: 10/04/2020 05:25:41 AM MESSAGE:  Created waninterface Circuit to At&T.
INFO: 10/04/2020 05:25:41 AM MESSAGE:  Created waninterface Circuit to BSNL.
INFO: 10/04/2020 05:25:41 AM MESSAGE: No Change for Site TUTICORIN_SITE state (disabled).
INFO: 10/04/2020 05:25:41 AM MESSAGE: DONE
INFO: 10/04/2020 05:38:42 AM MESSAGE: Created Site TUTICORIN_SITE.
INFO: 10/04/2020 05:38:43 AM MESSAGE:  Created waninterface Circuit to At&T.
INFO: 10/04/2020 05:38:43 AM MESSAGE:  Created waninterface Circuit to BSNL.
INFO: 10/04/2020 05:38:43 AM MESSAGE: No Change for Site TUTICORIN_SITE state (disabled).
INFO: 10/04/2020 05:38:43 AM MESSAGE: DONE
INFO: 10/04/2020 05:51:50 AM MESSAGE: Created Site TUTICORIN_SITE.
INFO: 10/04/2020 05:51:50 AM MESSAGE:  Created waninterface Circuit to At&T.
INFO: 10/04/2020 05:51:50 AM MESSAGE:  Created waninterface Circuit to BSNL.
INFO: 10/04/2020 05:51:50 AM MESSAGE: No Change for Site TUTICORIN_SITE state (disabled).
INFO: 10/04/2020 05:51:50 AM MESSAGE: DONE
INFO: 10/04/2020 06:05:04 AM MESSAGE: Created Site TUTICORIN_SITE.
INFO: 10/04/2020 06:05:05 AM MESSAGE:  Created waninterface Circuit to At&T.
INFO: 10/04/2020 06:05:05 AM MESSAGE:  Created waninterface Circuit to BSNL.
INFO: 10/04/2020 06:05:05 AM MESSAGE: No Change for Site TUTICORIN_SITE state (disabled).
INFO: 10/04/2020 06:05:05 AM MESSAGE: DONE
INFO: 10/04/2020 06:18:33 AM MESSAGE: Created Site TUTICORIN_SITE.
INFO: 10/04/2020 06:18:33 AM MESSAGE:  Created waninterface Circuit to At&T.
INFO: 10/04/2020 06:18:34 AM MESSAGE:  Created waninterface Circuit to BSNL.
INFO: 10/04/2020 06:18:34 AM MESSAGE: No Change for Site TUTICORIN_SITE state (disabled).
INFO: 10/04/2020 06:18:34 AM MESSAGE: DONE
INFO: 10/04/2020 06:32:03 AM MESSAGE: Created Site TUTICORIN_SITE.
INFO: 10/04/2020 06:32:03 AM MESSAGE:  Created waninterface Circuit to At&T.
INFO: 10/04/2020 06:32:03 AM MESSAGE:  Created waninterface Circuit to BSNL.
INFO: 10/04/2020 06:32:03 AM MESSAGE: No Change for Site TUTICORIN_SITE state (disabled).
INFO: 10/04/2020 06:32:03 AM MESSAGE: DONE
INFO: 10/04/2020 06:45:24 AM MESSAGE: Created Site TUTICORIN_SITE.
INFO: 10/04/2020 06:45:24 AM MESSAGE:  Created waninterface Circuit to At&T.
INFO: 10/04/2020 06:45:24 AM MESSAGE:  Created waninterface Circuit to BSNL.
INFO: 10/04/2020 06:45:24 AM MESSAGE: No Change for Site TUTICORIN_SITE state (disabled).
INFO: 10/04/2020 06:45:25 AM MESSAGE: DONE
INFO: 10/04/2020 06:58:42 AM MESSAGE: Created Site TUTICORIN_SITE.
INFO: 10/04/2020 06:58:42 AM MESSAGE:  Created waninterface Circuit to At&T.
INFO: 10/04/2020 06:58:43 AM MESSAGE:  Created waninterface Circuit to BSNL.
INFO: 10/04/2020 06:58:43 AM MESSAGE: No Change for Site TUTICORIN_SITE state (disabled).
INFO: 10/04/2020 06:58:43 AM MESSAGE: DONE
INFO: 10/04/2020 07:11:59 AM MESSAGE: Created Site TUTICORIN_SITE.
INFO: 10/04/2020 07:11:59 AM MESSAGE:  Created waninterface Circuit to At&T.
INFO: 10/04/2020 07:11:59 AM MESSAGE:  Created waninterface Circuit to BSNL.
INFO: 10/04/2020 07:11:59 AM MESSAGE: No Change for Site TUTICORIN_SITE state (disabled).
INFO: 10/04/2020 07:11:59 AM MESSAGE: DONE
INFO: 10/04/2020 07:25:08 AM MESSAGE: Created Site TUTICORIN_SITE.
INFO: 10/04/2020 07:25:08 AM MESSAGE:  Created waninterface Circuit to At&T.
INFO: 10/04/2020 07:25:08 AM MESSAGE:  Created waninterface Circuit to BSNL.
INFO: 10/04/2020 07:25:08 AM MESSAGE: No Change for Site TUTICORIN_SITE state (disabled).
INFO: 10/04/2020 07:25:08 AM MESSAGE: DONE
INFO: 10/04/2020 07:38:12 AM MESSAGE: Created Site TUTICORIN_SITE.
INFO: 10/04/2020 07:38:12 AM MESSAGE:  Created waninterface Circuit to At&T.
INFO: 10/04/2020 07:38:12 AM MESSAGE:  Created waninterface Circuit to BSNL.
INFO: 10/04/2020 07:38:12 AM MESSAGE: No Change for Site TUTICORIN_SITE state (disabled).
INFO: 10/04/2020 07:38:12 AM MESSAGE: DONE
INFO: 10/04/2020 07:51:17 AM MESSAGE: Created Site TUTICORIN_SITE.
INFO: 10/04/2020 07:51:17 AM MESSAGE:  Created waninterface Circuit to At&T.
INFO: 10/04/2020 07:51:17 AM MESSAGE:  Created waninterface Circuit to BSNL.
INFO: 10/04/2020 07:51:17 AM MESSAGE: No Change for Site TUTICORIN_SITE state (disabled).
INFO: 10/04/2020 07:51:17 AM MESSAGE: DONE
INFO: 10/04/2020 08:04:18 AM MESSAGE: Created Site TUTICORIN_SITE.
INFO: 10/04/2020 08:04:18 AM MESSAGE:  Created waninterface Circuit to At&T.
INFO: 10/04/2020 08:04:18 AM MESSAGE:  Created waninterface Circuit to BSNL.
INFO: 10/04/2020 08:04:19 AM MESSAGE: No Change for Site TUTICORIN_SITE state (disabled).
INFO: 10/04/2020 08:04:19 AM MESSAGE: DONE
INFO: 10/04/2020 08:17:28 AM MESSAGE: Created Site TUTICORIN_SITE.
INFO: 10/04/2020 08:17:29 AM MESSAGE:  Created waninterface Circuit to At&T.
INFO: 10/04/2020 08:17:29 AM MESSAGE:  Created waninterface Circuit to BSNL.
INFO: 10/04/2020 08:17:29 AM MESSAGE: No Change for Site TUTICORIN_SITE state (disabled).
INFO: 10/04/2020 08:17:29 AM MESSAGE: DONE
INFO: 10/04/2020 08:30:27 AM MESSAGE: Created Site TUTICORIN_SITE.
INFO: 10/04/2020 08:30:28 AM MESSAGE:  Created waninterface Circuit to At&T.
INFO: 10/04/2020 08:30:29 AM MESSAGE:  Created waninterface Circuit to BSNL.
INFO: 10/04/2020 08:30:30 AM MESSAGE: No Change for Site TUTICORIN_SITE state (disabled).
INFO: 10/04/2020 08:30:30 AM MESSAGE: DONE
INFO: 10/04/2020 08:43:39 AM MESSAGE: Created Site TUTICORIN_SITE.
INFO: 10/04/2020 08:43:40 AM MESSAGE:  Created waninterface Circuit to At&T.
INFO: 10/04/2020 08:43:40 AM MESSAGE:  Created waninterface Circuit to BSNL.
INFO: 10/04/2020 08:43:40 AM MESSAGE: No Change for Site TUTICORIN_SITE state (disabled).
INFO: 10/04/2020 08:43:40 AM MESSAGE: DONE
INFO: 10/04/2020 08:56:51 AM MESSAGE: Created Site TUTICORIN_SITE.
INFO: 10/04/2020 08:56:51 AM MESSAGE:  Created waninterface Circuit to At&T.
INFO: 10/04/2020 08:56:52 AM MESSAGE:  Created waninterface Circuit to BSNL.
INFO: 10/04/2020 08:56:52 AM MESSAGE: No Change for Site TUTICORIN_SITE state (disabled).
INFO: 10/04/2020 08:56:52 AM MESSAGE: DONE
INFO: 10/04/2020 09:10:06 AM MESSAGE: Created Site TUTICORIN_SITE.
INFO: 10/04/2020 09:10:06 AM MESSAGE:  Created waninterface Circuit to At&T.
INFO: 10/04/2020 09:10:06 AM MESSAGE:  Created waninterface Circuit to BSNL.
INFO: 10/04/2020 09:10:06 AM MESSAGE: No Change for Site TUTICORIN_SITE state (disabled).
INFO: 10/04/2020 09:10:06 AM MESSAGE: DONE
INFO: 10/04/2020 09:23:04 AM MESSAGE: Created Site TUTICORIN_SITE.
INFO: 10/04/2020 09:23:05 AM MESSAGE:  Created waninterface Circuit to At&T.
INFO: 10/04/2020 09:23:05 AM MESSAGE:  Created waninterface Circuit to BSNL.
INFO: 10/04/2020 09:23:05 AM MESSAGE: No Change for Site TUTICORIN_SITE state (disabled).
INFO: 10/04/2020 09:23:05 AM MESSAGE: DONE
INFO: 10/04/2020 09:36:14 AM MESSAGE: Created Site TUTICORIN_SITE.
INFO: 10/04/2020 09:36:14 AM MESSAGE:  Created waninterface Circuit to At&T.
INFO: 10/04/2020 09:36:14 AM MESSAGE:  Created waninterface Circuit to BSNL.
INFO: 10/04/2020 09:36:15 AM MESSAGE: No Change for Site TUTICORIN_SITE state (disabled).
INFO: 10/04/2020 09:36:15 AM MESSAGE: DONE
INFO: 10/04/2020 09:49:20 AM MESSAGE: Created Site TUTICORIN_SITE.
INFO: 10/04/2020 09:49:21 AM MESSAGE:  Created waninterface Circuit to At&T.
INFO: 10/04/2020 09:49:21 AM MESSAGE:  Created waninterface Circuit to BSNL.
INFO: 10/04/2020 09:49:21 AM MESSAGE: No Change for Site TUTICORIN_SITE state (disabled).
INFO: 10/04/2020 09:49:21 AM MESSAGE: DONE
INFO: 10/04/2020 10:02:33 AM MESSAGE: Created Site TUTICORIN_SITE.
INFO: 10/04/2020 10:02:33 AM MESSAGE:  Created waninterface Circuit to At&T.
INFO: 10/04/2020 10:02:33 AM MESSAGE:  Created waninterface Circuit to BSNL.
INFO: 10/04/2020 10:02:33 AM MESSAGE: No Change for Site TUTICORIN_SITE state (disabled).
INFO: 10/04/2020 10:02:33 AM MESSAGE: DONE
INFO: 10/04/2020 10:15:45 AM MESSAGE: Created Site TUTICORIN_SITE.
INFO: 10/04/2020 10:15:45 AM MESSAGE:  Created waninterface Circuit to At&T.
INFO: 10/04/2020 10:15:45 AM MESSAGE:  Created waninterface Circuit to BSNL.
INFO: 10/04/2020 10:15:45 AM MESSAGE: No Change for Site TUTICORIN_SITE state (disabled).
INFO: 10/04/2020 10:15:45 AM MESSAGE: DONE
INFO: 10/04/2020 10:28:58 AM MESSAGE: Created Site TUTICORIN_SITE.
INFO: 10/04/2020 10:28:58 AM MESSAGE:  Created waninterface Circuit to At&T.
INFO: 10/04/2020 10:28:59 AM MESSAGE:  Created waninterface Circuit to BSNL.
INFO: 10/04/2020 10:28:59 AM MESSAGE: No Change for Site TUTICORIN_SITE state (disabled).
INFO: 10/04/2020 10:28:59 AM MESSAGE: DONE
INFO: 10/04/2020 10:42:22 AM MESSAGE: Created Site TUTICORIN_SITE.
INFO: 10/04/2020 10:42:22 AM MESSAGE:  Created waninterface Circuit to At&T.
INFO: 10/04/2020 10:42:22 AM MESSAGE:  Created waninterface Circuit to BSNL.
INFO: 10/04/2020 10:42:22 AM MESSAGE: No Change for Site TUTICORIN_SITE state (disabled).
INFO: 10/04/2020 10:42:22 AM MESSAGE: DONE
INFO: 10/04/2020 10:55:46 AM MESSAGE: Created Site TUTICORIN_SITE.
INFO: 10/04/2020 10:55:47 AM MESSAGE:  Created waninterface Circuit to At&T.
INFO: 10/04/2020 10:55:47 AM MESSAGE:  Created waninterface Circuit to BSNL.
INFO: 10/04/2020 10:55:47 AM MESSAGE: No Change for Site TUTICORIN_SITE state (disabled).
INFO: 10/04/2020 10:55:47 AM MESSAGE: DONE
INFO: 10/04/2020 11:08:51 AM MESSAGE: Created Site TUTICORIN_SITE.
INFO: 10/04/2020 11:08:51 AM MESSAGE:  Created waninterface Circuit to At&T.
INFO: 10/04/2020 11:08:52 AM MESSAGE:  Created waninterface Circuit to BSNL.
INFO: 10/04/2020 11:08:52 AM MESSAGE: No Change for Site TUTICORIN_SITE state (disabled).
INFO: 10/04/2020 11:08:52 AM MESSAGE: DONE
INFO: 10/04/2020 11:22:14 AM MESSAGE: Created Site TUTICORIN_SITE.
INFO: 10/04/2020 11:22:14 AM MESSAGE:  Created waninterface Circuit to At&T.
INFO: 10/04/2020 11:22:15 AM MESSAGE:  Created waninterface Circuit to BSNL.
INFO: 10/04/2020 11:22:15 AM MESSAGE: No Change for Site TUTICORIN_SITE state (disabled).
INFO: 10/04/2020 11:22:15 AM MESSAGE: DONE
INFO: 10/04/2020 11:35:31 AM MESSAGE: Created Site TUTICORIN_SITE.
INFO: 10/04/2020 11:35:32 AM MESSAGE:  Created waninterface Circuit to At&T.
INFO: 10/04/2020 11:35:32 AM MESSAGE:  Created waninterface Circuit to BSNL.
INFO: 10/04/2020 11:35:32 AM MESSAGE: No Change for Site TUTICORIN_SITE state (disabled).
INFO: 10/04/2020 11:35:32 AM MESSAGE: DONE
INFO: 10/04/2020 11:48:51 AM MESSAGE: Created Site TUTICORIN_SITE.
INFO: 10/04/2020 11:48:51 AM MESSAGE:  Created waninterface Circuit to At&T.
INFO: 10/04/2020 11:48:51 AM MESSAGE:  Created waninterface Circuit to BSNL.
INFO: 10/04/2020 11:48:51 AM MESSAGE: No Change for Site TUTICORIN_SITE state (disabled).
INFO: 10/04/2020 11:48:52 AM MESSAGE: DONE
INFO: 10/04/2020 12:02:19 PM MESSAGE: Created Site TUTICORIN_SITE.
INFO: 10/04/2020 12:02:19 PM MESSAGE:  Created waninterface Circuit to At&T.
INFO: 10/04/2020 12:02:19 PM MESSAGE:  Created waninterface Circuit to BSNL.
INFO: 10/04/2020 12:02:19 PM MESSAGE: No Change for Site TUTICORIN_SITE state (disabled).
INFO: 10/04/2020 12:02:19 PM MESSAGE: DONE
INFO: 10/04/2020 12:15:20 PM MESSAGE: Created Site TUTICORIN_SITE.
INFO: 10/04/2020 12:15:21 PM MESSAGE:  Created waninterface Circuit to At&T.
INFO: 10/04/2020 12:15:21 PM MESSAGE:  Created waninterface Circuit to BSNL.
INFO: 10/04/2020 12:15:21 PM MESSAGE: No Change for Site TUTICORIN_SITE state (disabled).
INFO: 10/04/2020 12:15:21 PM MESSAGE: DONE
INFO: 10/04/2020 12:28:42 PM MESSAGE: Created Site TUTICORIN_SITE.
INFO: 10/04/2020 12:28:43 PM MESSAGE:  Created waninterface Circuit to At&T.
INFO: 10/04/2020 12:28:43 PM MESSAGE:  Created waninterface Circuit to BSNL.
INFO: 10/04/2020 12:28:43 PM MESSAGE: No Change for Site TUTICORIN_SITE state (disabled).
INFO: 10/04/2020 12:28:43 PM MESSAGE: DONE
INFO: 10/04/2020 12:41:53 PM MESSAGE: Created Site TUTICORIN_SITE.
INFO: 10/04/2020 12:41:54 PM MESSAGE:  Created waninterface Circuit to At&T.
INFO: 10/04/2020 12:41:54 PM MESSAGE:  Created waninterface Circuit to BSNL.
INFO: 10/04/2020 12:41:54 PM MESSAGE: No Change for Site TUTICORIN_SITE state (disabled).
INFO: 10/04/2020 12:41:54 PM MESSAGE: DONE
INFO: 10/04/2020 12:55:15 PM MESSAGE: Created Site TUTICORIN_SITE.
INFO: 10/04/2020 12:55:15 PM MESSAGE:  Created waninterface Circuit to At&T.
INFO: 10/04/2020 12:55:15 PM MESSAGE:  Created waninterface Circuit to BSNL.
INFO: 10/04/2020 12:55:15 PM MESSAGE: No Change for Site TUTICORIN_SITE state (disabled).
INFO: 10/04/2020 12:55:15 PM MESSAGE: DONE
INFO: 10/04/2020 01:08:26 PM MESSAGE: Created Site TUTICORIN_SITE.
INFO: 10/04/2020 01:08:26 PM MESSAGE:  Created waninterface Circuit to At&T.
INFO: 10/04/2020 01:08:26 PM MESSAGE:  Created waninterface Circuit to BSNL.
INFO: 10/04/2020 01:08:27 PM MESSAGE: No Change for Site TUTICORIN_SITE state (disabled).
INFO: 10/04/2020 01:08:27 PM MESSAGE: DONE
INFO: 10/04/2020 01:21:45 PM MESSAGE: Created Site TUTICORIN_SITE.
INFO: 10/04/2020 01:21:45 PM MESSAGE:  Created waninterface Circuit to At&T.
INFO: 10/04/2020 01:21:46 PM MESSAGE:  Created waninterface Circuit to BSNL.
INFO: 10/04/2020 01:21:46 PM MESSAGE: No Change for Site TUTICORIN_SITE state (disabled).
INFO: 10/04/2020 01:21:46 PM MESSAGE: DONE
INFO: 10/04/2020 01:35:01 PM MESSAGE: Created Site TUTICORIN_SITE.
INFO: 10/04/2020 01:35:01 PM MESSAGE:  Created waninterface Circuit to At&T.
INFO: 10/04/2020 01:35:01 PM MESSAGE:  Created waninterface Circuit to BSNL.
INFO: 10/04/2020 01:35:02 PM MESSAGE: No Change for Site TUTICORIN_SITE state (disabled).
INFO: 10/04/2020 01:35:02 PM MESSAGE: DONE
INFO: 10/04/2020 01:48:36 PM MESSAGE: Created Site TUTICORIN_SITE.
INFO: 10/04/2020 01:48:36 PM MESSAGE:  Created waninterface Circuit to At&T.
INFO: 10/04/2020 01:48:37 PM MESSAGE:  Created waninterface Circuit to BSNL.
INFO: 10/04/2020 01:48:37 PM MESSAGE: No Change for Site TUTICORIN_SITE state (disabled).
INFO: 10/04/2020 01:48:37 PM MESSAGE: DONE
