INFO: 10/12/2020 11:24:54 AM MESSAGE: Created Site BLR_SITE.
INFO: 10/12/2020 11:24:55 AM MESSAGE:  Created Spoke Cluster BLR_OFFICE_HA.
INFO: 10/12/2020 11:24:55 AM MESSAGE:  Machine 4210b512-5243-d410-01cb-e8bd6e482e14 is not CLAIMED, attempting to claim..
INFO: 10/12/2020 11:24:56 AM MESSAGE:  Checking Machine 4210b512-5243-d410-01cb-e8bd6e482e14..
INFO: 10/12/2020 11:24:56 AM MESSAGE:   Unclaimed(allocated). Beginning Claim process..
INFO: 10/12/2020 11:24:57 AM MESSAGE:   Machine 4210b512-5243-d410-01cb-e8bd6e482e14 still claiming, waited so far 0 seconds out of 10.
INFO: 10/12/2020 11:25:07 AM MESSAGE:   Machine 4210b512-5243-d410-01cb-e8bd6e482e14 still claiming, waited so far 10 seconds out of 10.
ERROR: 10/12/2020 11:25:17 AM ERROR: Machine 4210b512-5243-d410-01cb-e8bd6e482e14 Claim took longer than 10 seconds. Exiting.
INFO: 10/12/2020 11:26:20 AM MESSAGE: No Change for Site BLR_SITE.
INFO: 10/12/2020 11:26:21 AM MESSAGE:  No Change for Spoke Cluster BLR_OFFICE_HA.
INFO: 10/12/2020 11:26:21 AM MESSAGE:  Element: Changing element from 5.4.1-b12 to 5.4.3-a8.
INFO: 10/12/2020 11:26:21 AM MESSAGE:   Assigning Element Serial: 4210b512-5243-d410-01cb-e8bd6e482e14.
INFO: 10/12/2020 11:26:22 AM MESSAGE:   Element Serial: 4210b512-5243-d410-01cb-e8bd6e482e14 not yet in requested state(s): bound (is bound_in_progress). Waited so far 0 seconds out of 10.
INFO: 10/12/2020 11:26:33 AM MESSAGE:    No Change for Interface 1.
INFO: 10/12/2020 11:26:33 AM MESSAGE:    No Change for Interface 2.
INFO: 10/12/2020 11:26:34 AM MESSAGE:    No Change for Interface controller 1.
INFO: 10/12/2020 11:26:34 AM MESSAGE:    No Change for Interface 3.
INFO: 10/12/2020 11:26:34 AM MESSAGE:    No Change for Interface 4.
INFO: 10/12/2020 11:26:35 AM MESSAGE:    No Change for Interface 5.
INFO: 10/12/2020 11:26:35 AM MESSAGE:    No Change for Interface 6.
INFO: 10/12/2020 11:26:36 AM MESSAGE:    No Change for Interface 7.
INFO: 10/12/2020 11:26:37 AM MESSAGE:    No Change for Interface 8.
INFO: 10/12/2020 11:26:37 AM MESSAGE:    No Change for Interface 9.
INFO: 10/12/2020 11:26:37 AM MESSAGE:    No Change for Spoke HA in Element SPOKE_01.
INFO: 10/12/2020 11:26:37 AM MESSAGE:    No Change for BGP Global Config 16025019843330174.
INFO: 10/12/2020 11:26:38 AM MESSAGE:    No Change for NTP 16025018970860104.
INFO: 10/12/2020 11:26:38 AM MESSAGE:    Created dnsservices BLRDnsService01.
INFO: 10/12/2020 11:26:39 AM MESSAGE:    No Change for Toolkit 16025019112200255.
INFO: 10/12/2020 11:26:39 AM MESSAGE: No Change for Site BLR_SITE state (monitor).
INFO: 10/12/2020 11:26:39 AM MESSAGE: DONE
INFO: 10/12/2020 11:26:49 AM MESSAGE: No Change for Site BLR_SITE.
INFO: 10/12/2020 11:26:49 AM MESSAGE:  No Change for Spoke Cluster BLR_OFFICE_HA.
INFO: 10/12/2020 11:26:49 AM MESSAGE:  Element: Code is at correct version 5.4.1-b12.
INFO: 10/12/2020 11:26:49 AM MESSAGE:   No Change for Element SPOKE_01.
INFO: 10/12/2020 11:26:49 AM MESSAGE:    No Change for Interface 1.
INFO: 10/12/2020 11:26:49 AM MESSAGE:    No Change for Interface 2.
INFO: 10/12/2020 11:26:49 AM MESSAGE:    No Change for Interface controller 1.
INFO: 10/12/2020 11:26:49 AM MESSAGE:    No Change for Interface 3.
INFO: 10/12/2020 11:26:49 AM MESSAGE:    No Change for Interface 4.
INFO: 10/12/2020 11:26:49 AM MESSAGE:    No Change for Interface 5.
INFO: 10/12/2020 11:26:49 AM MESSAGE:    No Change for Interface 6.
INFO: 10/12/2020 11:26:49 AM MESSAGE:    No Change for Interface 7.
INFO: 10/12/2020 11:26:49 AM MESSAGE:    No Change for Interface 8.
INFO: 10/12/2020 11:26:50 AM MESSAGE:    No Change for Interface 9.
INFO: 10/12/2020 11:26:50 AM MESSAGE:    No Change for Spoke HA in Element SPOKE_01.
INFO: 10/12/2020 11:26:50 AM MESSAGE:    No Change for BGP Global Config 16025019843330174.
INFO: 10/12/2020 11:26:50 AM MESSAGE:    No Change for NTP 16025018970860104.
INFO: 10/12/2020 11:26:50 AM MESSAGE:    No Change for dnsservices BLRDnsService01.
INFO: 10/12/2020 11:26:50 AM MESSAGE:    No Change for Toolkit 16025019112200255.
INFO: 10/12/2020 11:26:50 AM MESSAGE: No Change for Site BLR_SITE state (monitor).
INFO: 10/12/2020 11:26:50 AM MESSAGE: DONE
INFO: 10/12/2020 11:27:00 AM MESSAGE: No Change for Site BLR_SITE.
INFO: 10/12/2020 11:27:00 AM MESSAGE:  No Change for Spoke Cluster BLR_OFFICE_HA.
INFO: 10/12/2020 11:27:00 AM MESSAGE:  Element: Code is at correct version 5.4.1-b12.
INFO: 10/12/2020 11:27:00 AM MESSAGE:   No Change for Element SPOKE_01.
INFO: 10/12/2020 11:27:00 AM MESSAGE:    No Change for Interface 1.
INFO: 10/12/2020 11:27:00 AM MESSAGE:    No Change for Interface 2.
INFO: 10/12/2020 11:27:00 AM MESSAGE:    No Change for Interface controller 1.
INFO: 10/12/2020 11:27:00 AM MESSAGE:    No Change for Interface 3.
INFO: 10/12/2020 11:27:01 AM MESSAGE:    No Change for Interface 4.
INFO: 10/12/2020 11:27:01 AM MESSAGE:    No Change for Interface 5.
INFO: 10/12/2020 11:27:01 AM MESSAGE:    No Change for Interface 6.
INFO: 10/12/2020 11:27:01 AM MESSAGE:    No Change for Interface 7.
INFO: 10/12/2020 11:27:01 AM MESSAGE:    No Change for Interface 8.
INFO: 10/12/2020 11:27:01 AM MESSAGE:    No Change for Interface 9.
INFO: 10/12/2020 11:27:01 AM MESSAGE:    No Change for Spoke HA in Element SPOKE_01.
INFO: 10/12/2020 11:27:01 AM MESSAGE:    No Change for BGP Global Config 16025019843330174.
INFO: 10/12/2020 11:27:01 AM MESSAGE:    No Change for NTP 16025018970860104.
INFO: 10/12/2020 11:27:01 AM MESSAGE:    No Change for dnsservices BLRDnsService01.
INFO: 10/12/2020 11:27:01 AM MESSAGE:    No Change for Toolkit 16025019112200255.
INFO: 10/12/2020 11:27:01 AM MESSAGE: No Change for Site BLR_SITE state (monitor).
INFO: 10/12/2020 11:27:01 AM MESSAGE: DONE
