INFO: 10/12/2020 10:24:20 AM MESSAGE: Created Site SITE_BERLINE.
INFO: 10/12/2020 10:24:21 AM MESSAGE:  Created waninterface BSNL-test.
INFO: 10/12/2020 10:24:22 AM MESSAGE:  Created waninterface Circuit to At&T.
INFO: 10/12/2020 10:24:22 AM MESSAGE:  Created waninterface Circuit to BSNL.
INFO: 10/12/2020 10:24:23 AM MESSAGE:  Created waninterface Circuit to Verizon.
INFO: 10/12/2020 10:24:24 AM MESSAGE:  Machine 42155366-ed15-5343-0c8e-5c8ffb1631e4 is not CLAIMED, attempting to claim..
INFO: 10/12/2020 10:24:24 AM MESSAGE:  Checking Machine 42155366-ed15-5343-0c8e-5c8ffb1631e4..
INFO: 10/12/2020 10:24:24 AM MESSAGE:   Unclaimed(allocated). Beginning Claim process..
INFO: 10/12/2020 10:24:25 AM MESSAGE:   Machine 42155366-ed15-5343-0c8e-5c8ffb1631e4 still claiming, waited so far 0 seconds out of 10.
INFO: 10/12/2020 10:24:35 AM MESSAGE:  Claimed. Continuing..
INFO: 10/12/2020 10:24:35 AM MESSAGE:   Element Serial: 42155366-ed15-5343-0c8e-5c8ffb1631e4 not yet in requested state(s): ready, bound (is inventory_get_pending). Waited so far 0 seconds out of 10.
INFO: 10/12/2020 10:24:45 AM MESSAGE:  Element: Code is at correct version 5.4.1-b14.
INFO: 10/12/2020 10:24:45 AM MESSAGE:   Assigning Element Serial: 42155366-ed15-5343-0c8e-5c8ffb1631e4.
INFO: 10/12/2020 10:24:46 AM MESSAGE:   Element Serial: 42155366-ed15-5343-0c8e-5c8ffb1631e4 not yet in requested state(s): bound (is bound_in_progress). Waited so far 0 seconds out of 10.
INFO: 10/12/2020 10:24:56 AM MESSAGE:    No Change for Interface 1.
INFO: 10/12/2020 10:24:56 AM MESSAGE:    No Change for Interface 2.
INFO: 10/12/2020 10:24:56 AM MESSAGE:    No Change for Interface controller 1.
INFO: 10/12/2020 10:24:56 AM MESSAGE:    No Change for Interface 3.
INFO: 10/12/2020 10:24:56 AM MESSAGE:    No Change for Spoke HA in Element HUB_01.
INFO: 10/12/2020 10:24:56 AM MESSAGE:    No Change for BGP Global Config 16024982872590003.
INFO: 10/12/2020 10:24:56 AM MESSAGE:    No Change for NTP 16024982650720018.
INFO: 10/12/2020 10:24:57 AM MESSAGE:    No Change for Toolkit 16024982750030215.
INFO: 10/12/2020 10:24:57 AM MESSAGE: No Change for Site SITE_BERLINE state (monitor).
INFO: 10/12/2020 10:24:57 AM MESSAGE: DONE
