INFO: 10/13/2020 08:21:52 AM MESSAGE: Created Site SITE_NEWYORK.
INFO: 10/13/2020 08:21:53 AM MESSAGE:  Created waninterface Circuit to At&T.
INFO: 10/13/2020 08:21:53 AM MESSAGE:  Created waninterface Circuit to BSNL.
INFO: 10/13/2020 08:21:53 AM MESSAGE:  Machine 4210024d-4f88-0811-bbea-40503cf61773 is not CLAIMED, attempting to claim..
INFO: 10/13/2020 08:21:53 AM MESSAGE:  Checking Machine 4210024d-4f88-0811-bbea-40503cf61773..
INFO: 10/13/2020 08:21:53 AM MESSAGE:   Unclaimed(allocated). Beginning Claim process..
INFO: 10/13/2020 08:21:54 AM MESSAGE:   Machine 4210024d-4f88-0811-bbea-40503cf61773 still claiming, waited so far 0 seconds out of 10.
INFO: 10/13/2020 08:22:04 AM MESSAGE:   Machine 4210024d-4f88-0811-bbea-40503cf61773 still claiming, waited so far 10 seconds out of 10.
ERROR: 10/13/2020 08:22:14 AM ERROR: Machine 4210024d-4f88-0811-bbea-40503cf61773 Claim took longer than 10 seconds. Exiting.
INFO: 10/13/2020 08:23:45 AM MESSAGE: No Change for Site SITE_NEWYORK.
INFO: 10/13/2020 08:23:45 AM MESSAGE:  No Change for Waninterface Circuit to At&T.
INFO: 10/13/2020 08:23:45 AM MESSAGE:  No Change for Waninterface Circuit to BSNL.
INFO: 10/13/2020 08:23:45 AM MESSAGE:  Element: Code is at correct version 5.4.1-b13.
INFO: 10/13/2020 08:23:45 AM MESSAGE:   Assigning Element Serial: 4210024d-4f88-0811-bbea-40503cf61773.
INFO: 10/13/2020 08:23:46 AM MESSAGE:   Element Serial: 4210024d-4f88-0811-bbea-40503cf61773 not yet in requested state(s): bound (is bound_in_progress). Waited so far 0 seconds out of 10.
INFO: 10/13/2020 08:23:56 AM MESSAGE:    No Change for Interface 1.
INFO: 10/13/2020 08:23:56 AM MESSAGE:    No Change for Interface 2.
INFO: 10/13/2020 08:23:56 AM MESSAGE:    No Change for Interface controller 1.
INFO: 10/13/2020 08:23:57 AM MESSAGE:    No Change for Interface 3.
INFO: 10/13/2020 08:23:57 AM MESSAGE:    No Change for Interface 4.
INFO: 10/13/2020 08:23:57 AM MESSAGE:    No Change for Interface 5.
INFO: 10/13/2020 08:23:57 AM MESSAGE:    No Change for Interface 6.
INFO: 10/13/2020 08:23:58 AM MESSAGE:    No Change for Interface 7.
INFO: 10/13/2020 08:23:58 AM MESSAGE:    No Change for Interface 8.
INFO: 10/13/2020 08:23:58 AM MESSAGE:    No Change for Interface 9.
INFO: 10/13/2020 08:23:58 AM MESSAGE:    No Change for Spoke HA in Element SPOKE_02.
INFO: 10/13/2020 08:23:59 AM MESSAGE:    No Change for BGP Global Config 16025774293310112.
INFO: 10/13/2020 08:23:59 AM MESSAGE:    No Change for NTP 16025773139320117.
INFO: 10/13/2020 08:23:59 AM MESSAGE:    No Change for Toolkit 16025773724240000.
INFO: 10/13/2020 08:24:00 AM MESSAGE: No Change for Site SITE_NEWYORK state (active).
INFO: 10/13/2020 08:24:01 AM MESSAGE: DONE
