INFO: 10/22/2020 05:48:57 AM MESSAGE: Created Site SITE_BuenosAires.
ERROR: 10/22/2020 05:48:57 AM ERROR: Waninterface creation failed: 
REQUEST: POST /v2.6/api/tenants/2750/sites/16033457375130019/waninterfaces
REQUEST HEADERS:
	User-Agent: python-requests/2.24.0 (CGX SDK v5.4.3b1)
	Accept-Encoding: gzip, deflate
	Accept: application/json
	Connection: keep-alive
	X-Auth-Token: <SENSITIVE - NOT SHOWN BY DEFAULT>
	Content-Type: application/json
	Content-Length: 353
REQUEST BODY:
{
    "bfd_mode": "aggressive",
    "bw_config_mode": "manual",
    "bwc_enabled": true,
    "cost": 128,
    "description": null,
    "label_id": "15815752452060009",
    "link_bw_down": 30.0,
    "link_bw_up": 10.0,
    "lqm_config": null,
    "lqm_enabled": true,
    "network_id": "16027293121420090",
    "tags": null,
    "type": "publicwan",
    "vpnlink_configuration": null,
    "name": "Circuit to AT&T"
}

RESPONSE: 400 Bad Request
RESPONSE HEADERS:
	Server: nginx
	Date: Thu, 22 Oct 2020 05:48:57 GMT
	Content-Type: application/json; charset=utf-8
	Content-Length: 270
	Connection: keep-alive
	Content-Security-Policy: default-src 'self'
	X-Content-Type-Options: nosniff
	X-Frame-Options: DENY
	X-Permitted-Cross-Domain-Policies: master-only
	X-XSS-Protection: 1; mode=block
RESPONSE DATA:
{
    "_etag": 0,
    "_content_length": "0",
    "_schema": 0,
    "_created_on_utc": 0,
    "_updated_on_utc": 0,
    "_status_code": "400",
    "_request_id": "1603345737673004200003919887349065929697",
    "_error": [
        {
            "code": "INVALID_JSON_INPUT",
            "message": "\"Input JSON does not have all required attributes.\""
        }
    ]
}
