INFO: 10/15/2020 01:54:35 PM MESSAGE: Created Site SITE_BLR.
INFO: 10/15/2020 01:54:35 PM MESSAGE:  Created waninterface Circuit to Airtel.
INFO: 10/15/2020 01:54:36 PM MESSAGE:  Created waninterface Circuit to Jio.
INFO: 10/15/2020 01:54:36 PM MESSAGE:  Created Spoke Cluster BLR_HA.
INFO: 10/15/2020 01:54:36 PM MESSAGE:  Element: Code is at correct version 5.4.1-b15.
INFO: 10/15/2020 01:54:36 PM MESSAGE:   Assigning Element Serial: 42108316-62af-0a63-0ed5-9ef9888ec291.
INFO: 10/15/2020 01:54:37 PM MESSAGE:   Element Serial: 42108316-62af-0a63-0ed5-9ef9888ec291 not yet in requested state(s): bound (is bound_in_progress). Waited so far 0 seconds out of 10.
INFO: 10/15/2020 01:54:47 PM MESSAGE:    Updated Interface 1 (Etag 3 -> 4).
INFO: 10/15/2020 01:54:48 PM MESSAGE:    No Change for Interface 2.
INFO: 10/15/2020 01:54:48 PM MESSAGE:    No Change for Interface controller 1.
INFO: 10/15/2020 01:54:48 PM MESSAGE:    No Change for Interface 3.
INFO: 10/15/2020 01:54:49 PM MESSAGE:    No Change for Interface 4.
INFO: 10/15/2020 01:54:49 PM MESSAGE:    No Change for Interface 5.
INFO: 10/15/2020 01:54:49 PM MESSAGE:    No Change for Interface 6.
INFO: 10/15/2020 01:54:49 PM MESSAGE:    No Change for Interface 7.
INFO: 10/15/2020 01:54:50 PM MESSAGE:    No Change for Interface 8.
INFO: 10/15/2020 01:54:50 PM MESSAGE:    No Change for Interface 9.
INFO: 10/15/2020 01:54:50 PM MESSAGE:    Updating Spoke HA for Element BLR_HA_ION_01.
INFO: 10/15/2020 01:54:51 PM MESSAGE:    No Change for BGP Global Config 16027700791250055.
INFO: 10/15/2020 01:54:52 PM MESSAGE:    No Change for NTP 16027660237050057.
INFO: 10/15/2020 01:54:52 PM MESSAGE:    Created dnsservices blr_dns_service_config.
INFO: 10/15/2020 01:54:52 PM MESSAGE:    No Change for Toolkit 16027664906350042.
INFO: 10/15/2020 01:54:53 PM MESSAGE:  Element: Code is at correct version 5.4.1-b15.
INFO: 10/15/2020 01:54:53 PM MESSAGE:   Assigning Element Serial: 4210fff5-706e-5c8c-7e74-85f94d992ea1.
INFO: 10/15/2020 01:54:54 PM MESSAGE:   Element Serial: 4210fff5-706e-5c8c-7e74-85f94d992ea1 not yet in requested state(s): bound (is bound_in_progress). Waited so far 0 seconds out of 10.
INFO: 10/15/2020 01:55:05 PM MESSAGE:    Updated Interface 1 (Etag 3 -> 4).
INFO: 10/15/2020 01:55:05 PM MESSAGE:    No Change for Interface 2.
INFO: 10/15/2020 01:55:05 PM MESSAGE:    No Change for Interface controller 1.
INFO: 10/15/2020 01:55:05 PM MESSAGE:    No Change for Interface 3.
INFO: 10/15/2020 01:55:05 PM MESSAGE:    No Change for Interface 4.
INFO: 10/15/2020 01:55:05 PM MESSAGE:    No Change for Interface 5.
INFO: 10/15/2020 01:55:05 PM MESSAGE:    No Change for Interface 6.
INFO: 10/15/2020 01:55:05 PM MESSAGE:    No Change for Interface 7.
INFO: 10/15/2020 01:55:05 PM MESSAGE:    No Change for Interface 8.
INFO: 10/15/2020 01:55:05 PM MESSAGE:    No Change for Interface 9.
INFO: 10/15/2020 01:55:05 PM MESSAGE:    Updating Spoke HA for Element BLR_HA_ION_02.
INFO: 10/15/2020 01:55:05 PM MESSAGE:    No Change for BGP Global Config 16027700963250236.
INFO: 10/15/2020 01:55:06 PM MESSAGE:    No Change for NTP 16027664389830018.
INFO: 10/15/2020 01:55:06 PM MESSAGE:    No Change for Toolkit 16027664531100241.
INFO: 10/15/2020 01:55:06 PM MESSAGE: No Change for Site SITE_BLR state (active).
INFO: 10/15/2020 01:55:06 PM MESSAGE: DONE
