INFO: 10/15/2020 04:06:16 PM MESSAGE: Beginning to DESTROY site SITE_Wellington(16027732942430049)..
INFO: 10/15/2020 04:06:16 PM MESSAGE: Un-assigning and de-claiming Element ION_NZ(4210b124-3b4a-78f6-5787-8b16141f625f) bound to 16027732942430049.
INFO: 10/15/2020 04:06:16 PM MESSAGE:  Removing LAN Networks/WAN Interfaces from 8.
INFO: 10/15/2020 04:06:16 PM MESSAGE:  Removing LAN Networks/WAN Interfaces from 1.
INFO: 10/15/2020 04:06:17 PM MESSAGE:  Removing LAN Networks/WAN Interfaces from 9.
INFO: 10/15/2020 04:06:17 PM MESSAGE:  Removing LAN Networks/WAN Interfaces from 7.
INFO: 10/15/2020 04:06:17 PM MESSAGE:  Removing LAN Networks/WAN Interfaces from 3.
INFO: 10/15/2020 04:06:17 PM MESSAGE:  Removing LAN Networks/WAN Interfaces from 5.
INFO: 10/15/2020 04:06:17 PM MESSAGE:  Removing LAN Networks/WAN Interfaces from 6.
INFO: 10/15/2020 04:06:17 PM MESSAGE:  Removing LAN Networks/WAN Interfaces from controller 1.
INFO: 10/15/2020 04:06:17 PM MESSAGE:  Removing LAN Networks/WAN Interfaces from 2.
INFO: 10/15/2020 04:06:17 PM MESSAGE:  Removing LAN Networks/WAN Interfaces from 4.
INFO: 10/15/2020 04:06:18 PM MESSAGE:  Removing any leftover Element Security Zones and Spoke HA from ION_NZ:
INFO: 10/15/2020 04:06:18 PM MESSAGE:    No Change for Spoke HA in Element ION_NZ.
INFO: 10/15/2020 04:06:19 PM MESSAGE:  Deleting Unconfigured Waninterface Circuit to T-Mobile.
INFO: 10/15/2020 04:06:19 PM MESSAGE:  Deleting Unconfigured Waninterface Circuit to Vodafone.
INFO: 10/15/2020 04:06:19 PM MESSAGE: Disabling site..
INFO: 10/15/2020 04:06:20 PM MESSAGE: Updated Site SITE_Wellington to state disabled.
INFO: 10/15/2020 04:06:20 PM MESSAGE: Deleting Site SITE_Wellington..
INFO: 10/15/2020 04:06:20 PM MESSAGE: DONE
INFO: 10/16/2020 01:48:26 AM MESSAGE: Beginning to DESTROY site SITE_Wellington(16027784278950006)..
INFO: 10/16/2020 01:48:26 AM MESSAGE: Un-assigning and de-claiming Element ION_NZ(4210b124-3b4a-78f6-5787-8b16141f625f) bound to 16027784278950006.
INFO: 10/16/2020 01:48:26 AM MESSAGE:  Removing LAN Networks/WAN Interfaces from 3.
INFO: 10/16/2020 01:48:26 AM MESSAGE:  Removing LAN Networks/WAN Interfaces from 6.
INFO: 10/16/2020 01:48:26 AM MESSAGE:  Removing LAN Networks/WAN Interfaces from 8.
INFO: 10/16/2020 01:48:26 AM MESSAGE:  Removing LAN Networks/WAN Interfaces from 1.
INFO: 10/16/2020 01:48:27 AM MESSAGE:  Removing LAN Networks/WAN Interfaces from 4.
INFO: 10/16/2020 01:48:27 AM MESSAGE:  Removing LAN Networks/WAN Interfaces from 5.
INFO: 10/16/2020 01:48:27 AM MESSAGE:  Removing LAN Networks/WAN Interfaces from 2.
INFO: 10/16/2020 01:48:27 AM MESSAGE:  Removing LAN Networks/WAN Interfaces from controller 1.
INFO: 10/16/2020 01:48:27 AM MESSAGE:  Removing LAN Networks/WAN Interfaces from 7.
INFO: 10/16/2020 01:48:28 AM MESSAGE:  Removing LAN Networks/WAN Interfaces from 9.
INFO: 10/16/2020 01:48:28 AM MESSAGE:  Removing any leftover Element Security Zones and Spoke HA from ION_NZ:
INFO: 10/16/2020 01:48:28 AM MESSAGE:    No Change for Spoke HA in Element ION_NZ.
INFO: 10/16/2020 01:48:29 AM MESSAGE:  Deleting Unconfigured Waninterface Circuit to T-Mobile.
INFO: 10/16/2020 01:48:29 AM MESSAGE:  Deleting Unconfigured Waninterface Circuit to Vodafone.
INFO: 10/16/2020 01:48:30 AM MESSAGE: Disabling site..
INFO: 10/16/2020 01:48:30 AM MESSAGE: Updated Site SITE_Wellington to state disabled.
INFO: 10/16/2020 01:48:30 AM MESSAGE: Deleting Site SITE_Wellington..
INFO: 10/16/2020 01:48:31 AM MESSAGE: DONE
