INFO: 10/15/2020 12:12:19 PM MESSAGE: Beginning to DESTROY site SITE_Madagascar(16027309071580173)..
INFO: 10/15/2020 12:12:19 PM MESSAGE: Un-assigning and de-claiming Element ION_MADAGASCAR(4210b512-5243-d410-01cb-e8bd6e482e14) bound to 16027309071580173.
INFO: 10/15/2020 12:12:19 PM MESSAGE:  Removing LAN Networks/WAN Interfaces from 8.
INFO: 10/15/2020 12:12:19 PM MESSAGE:  Removing LAN Networks/WAN Interfaces from 7.
INFO: 10/15/2020 12:12:19 PM MESSAGE:  Removing LAN Networks/WAN Interfaces from 9.
INFO: 10/15/2020 12:12:20 PM MESSAGE:  Removing LAN Networks/WAN Interfaces from 6.
INFO: 10/15/2020 12:12:20 PM MESSAGE:  Removing LAN Networks/WAN Interfaces from 4.
INFO: 10/15/2020 12:12:20 PM MESSAGE:  Removing LAN Networks/WAN Interfaces from 3.
INFO: 10/15/2020 12:12:20 PM MESSAGE:  Removing LAN Networks/WAN Interfaces from 5.
INFO: 10/15/2020 12:12:20 PM MESSAGE:  Removing LAN Networks/WAN Interfaces from controller 1.
INFO: 10/15/2020 12:12:20 PM MESSAGE:  Removing LAN Networks/WAN Interfaces from 1.
INFO: 10/15/2020 12:12:21 PM MESSAGE:  Removing LAN Networks/WAN Interfaces from 2.
INFO: 10/15/2020 12:12:21 PM MESSAGE:  Removing any leftover Element Security Zones and Spoke HA from ION_MADAGASCAR:
INFO: 10/15/2020 12:12:21 PM MESSAGE:    No Change for Spoke HA in Element ION_MADAGASCAR.
INFO: 10/15/2020 12:12:22 PM MESSAGE:  Deleting Unconfigured Waninterface 16027309078090241.
INFO: 10/15/2020 12:12:22 PM MESSAGE:  Deleting Unconfigured Waninterface 16027309083900001.
INFO: 10/15/2020 12:12:23 PM MESSAGE: Disabling site..
INFO: 10/15/2020 12:12:23 PM MESSAGE: Updated Site SITE_Madagascar to state disabled.
INFO: 10/15/2020 12:12:23 PM MESSAGE: Deleting Site SITE_Madagascar..
INFO: 10/15/2020 12:12:24 PM MESSAGE: DONE
