INFO: 10/15/2020 12:12:49 PM MESSAGE: Beginning to DESTROY site SITE_Ottawa(16027307051510225)..
INFO: 10/15/2020 12:12:49 PM MESSAGE: Un-assigning and de-claiming Element ION_CANADA(42104b4e-0494-1acd-04b3-5dd1b0e40bfc) bound to 16027307051510225.
INFO: 10/15/2020 12:12:49 PM MESSAGE:  Removing LAN Networks/WAN Interfaces from 1.
INFO: 10/15/2020 12:12:49 PM MESSAGE:  Removing LAN Networks/WAN Interfaces from controller 1.
INFO: 10/15/2020 12:12:49 PM MESSAGE:  Removing LAN Networks/WAN Interfaces from 3.
INFO: 10/15/2020 12:12:50 PM MESSAGE:  Removing LAN Networks/WAN Interfaces from 2.
INFO: 10/15/2020 12:12:50 PM MESSAGE:  Removing any leftover Element Security Zones and Spoke HA from ION_CANADA:
INFO: 10/15/2020 12:12:50 PM MESSAGE:    No Change for Spoke HA in Element ION_CANADA.
INFO: 10/15/2020 12:12:51 PM MESSAGE:  Deleting Unconfigured Waninterface 16027307058270045.
INFO: 10/15/2020 12:12:51 PM MESSAGE:  Deleting Unconfigured Waninterface 16027307064350061.
INFO: 10/15/2020 12:12:52 PM MESSAGE: Disabling site..
INFO: 10/15/2020 12:12:52 PM MESSAGE: Updated Site SITE_Ottawa to state disabled.
INFO: 10/15/2020 12:12:52 PM MESSAGE: Deleting Site SITE_Ottawa..
INFO: 10/15/2020 12:12:53 PM MESSAGE: DONE
INFO: 10/15/2020 12:45:13 PM MESSAGE: Beginning to DESTROY site SITE_Ottawa(16027646819440187)..
INFO: 10/15/2020 12:45:13 PM MESSAGE: Un-assigning and de-claiming Element ION_CANADA(42104b4e-0494-1acd-04b3-5dd1b0e40bfc) bound to 16027646819440187.
INFO: 10/15/2020 12:45:14 PM MESSAGE:  Removing LAN Networks/WAN Interfaces from controller 1.
INFO: 10/15/2020 12:45:14 PM MESSAGE:  Removing LAN Networks/WAN Interfaces from 3.
INFO: 10/15/2020 12:45:14 PM MESSAGE:  Removing LAN Networks/WAN Interfaces from 1.
INFO: 10/15/2020 12:45:15 PM MESSAGE:  Removing LAN Networks/WAN Interfaces from 2.
INFO: 10/15/2020 12:45:16 PM MESSAGE:  Removing any leftover Element Security Zones and Spoke HA from ION_CANADA:
INFO: 10/15/2020 12:45:16 PM MESSAGE:    No Change for Spoke HA in Element ION_CANADA.
INFO: 10/15/2020 12:45:19 PM MESSAGE:  Deleting Unconfigured Waninterface Circuit to AT&T.
INFO: 10/15/2020 12:45:20 PM MESSAGE:  Deleting Unconfigured Waninterface Circuit to Verizon.
INFO: 10/15/2020 12:45:21 PM MESSAGE: Disabling site..
INFO: 10/15/2020 12:45:22 PM MESSAGE: Updated Site SITE_Ottawa to state disabled.
INFO: 10/15/2020 12:45:23 PM MESSAGE: Deleting Site SITE_Ottawa..
INFO: 10/15/2020 12:45:26 PM MESSAGE: DONE
INFO: 10/15/2020 02:39:59 PM MESSAGE: Beginning to DESTROY site SITE_Ottawa(16027708694420032)..
INFO: 10/15/2020 02:39:59 PM MESSAGE: Un-assigning and de-claiming Element ION_CANADA(42104b4e-0494-1acd-04b3-5dd1b0e40bfc) bound to 16027708694420032.
INFO: 10/15/2020 02:40:00 PM MESSAGE:  Removing LAN Networks/WAN Interfaces from 2.
INFO: 10/15/2020 02:40:00 PM MESSAGE:  Removing LAN Networks/WAN Interfaces from 1.
INFO: 10/15/2020 02:40:00 PM MESSAGE:  Removing LAN Networks/WAN Interfaces from 3.
INFO: 10/15/2020 02:40:00 PM MESSAGE:  Removing LAN Networks/WAN Interfaces from controller 1.
INFO: 10/15/2020 02:40:00 PM MESSAGE:  Removing any leftover Element Security Zones and Spoke HA from ION_CANADA:
INFO: 10/15/2020 02:40:01 PM MESSAGE:    No Change for Spoke HA in Element ION_CANADA.
INFO: 10/15/2020 02:40:02 PM MESSAGE:  Deleting Unconfigured Waninterface Circuit to AT&T.
INFO: 10/15/2020 02:40:02 PM MESSAGE:  Deleting Unconfigured Waninterface Circuit to Verizon.
INFO: 10/15/2020 02:40:03 PM MESSAGE: Disabling site..
INFO: 10/15/2020 02:40:04 PM MESSAGE: Updated Site SITE_Ottawa to state disabled.
INFO: 10/15/2020 02:40:04 PM MESSAGE: Deleting Site SITE_Ottawa..
INFO: 10/15/2020 02:40:04 PM MESSAGE: DONE
