INFO: 10/15/2020 04:06:33 PM MESSAGE: Beginning to DESTROY site SITE_BuenosAires(16027733987790014)..
INFO: 10/15/2020 04:06:33 PM MESSAGE: Un-assigning and de-claiming Element ION_ARGENTINA_01(4210024d-4f88-0811-bbea-40503cf61773) bound to 16027733987790014.
INFO: 10/15/2020 04:06:33 PM MESSAGE:  Removing LAN Networks/WAN Interfaces from 6.
INFO: 10/15/2020 04:06:33 PM MESSAGE:  Removing LAN Networks/WAN Interfaces from 5.
INFO: 10/15/2020 04:06:33 PM MESSAGE:  Removing LAN Networks/WAN Interfaces from controller 1.
INFO: 10/15/2020 04:06:34 PM MESSAGE:  Removing LAN Networks/WAN Interfaces from 8.
INFO: 10/15/2020 04:06:34 PM MESSAGE:  Removing LAN Networks/WAN Interfaces from 2.
INFO: 10/15/2020 04:06:34 PM MESSAGE:  Removing LAN Networks/WAN Interfaces from 3.
INFO: 10/15/2020 04:06:34 PM MESSAGE:  Removing LAN Networks/WAN Interfaces from 4.
INFO: 10/15/2020 04:06:34 PM MESSAGE:  Removing LAN Networks/WAN Interfaces from 7.
INFO: 10/15/2020 04:06:34 PM MESSAGE:  Removing LAN Networks/WAN Interfaces from 1.
INFO: 10/15/2020 04:06:34 PM MESSAGE:  Removing LAN Networks/WAN Interfaces from 9.
INFO: 10/15/2020 04:06:34 PM MESSAGE:  Removing any leftover Element Security Zones and Spoke HA from ION_ARGENTINA_01:
INFO: 10/15/2020 04:06:34 PM MESSAGE:    No Change for Spoke HA in Element ION_ARGENTINA_01.
INFO: 10/15/2020 04:06:35 PM MESSAGE:  Deleting Unconfigured Waninterface Circuit to AT&T.
INFO: 10/15/2020 04:06:37 PM MESSAGE:  Deleting Unconfigured Waninterface Circuit to Verizon.
INFO: 10/15/2020 04:06:37 PM MESSAGE: Disabling site..
INFO: 10/15/2020 04:06:37 PM MESSAGE: Updated Site SITE_BuenosAires to state disabled.
INFO: 10/15/2020 04:06:38 PM MESSAGE: Deleting Site SITE_BuenosAires..
INFO: 10/15/2020 04:06:38 PM MESSAGE: DONE
INFO: 10/16/2020 01:48:40 AM MESSAGE: Beginning to DESTROY site SITE_BuenosAires(16027785359860149)..
INFO: 10/16/2020 01:48:40 AM MESSAGE: Un-assigning and de-claiming Element ION_ARGENTINA_01(4210024d-4f88-0811-bbea-40503cf61773) bound to 16027785359860149.
INFO: 10/16/2020 01:48:40 AM MESSAGE:  Removing LAN Networks/WAN Interfaces from 3.
INFO: 10/16/2020 01:48:40 AM MESSAGE:  Removing LAN Networks/WAN Interfaces from 4.
INFO: 10/16/2020 01:48:41 AM MESSAGE:  Removing LAN Networks/WAN Interfaces from 9.
INFO: 10/16/2020 01:48:41 AM MESSAGE:  Removing LAN Networks/WAN Interfaces from 1.
INFO: 10/16/2020 01:48:41 AM MESSAGE:  Removing LAN Networks/WAN Interfaces from 6.
INFO: 10/16/2020 01:48:41 AM MESSAGE:  Removing LAN Networks/WAN Interfaces from 5.
INFO: 10/16/2020 01:48:41 AM MESSAGE:  Removing LAN Networks/WAN Interfaces from 8.
INFO: 10/16/2020 01:48:41 AM MESSAGE:  Removing LAN Networks/WAN Interfaces from 7.
INFO: 10/16/2020 01:48:42 AM MESSAGE:  Removing LAN Networks/WAN Interfaces from controller 1.
INFO: 10/16/2020 01:48:42 AM MESSAGE:  Removing LAN Networks/WAN Interfaces from 2.
INFO: 10/16/2020 01:48:42 AM MESSAGE:  Removing any leftover Element Security Zones and Spoke HA from ION_ARGENTINA_01:
INFO: 10/16/2020 01:48:42 AM MESSAGE:    No Change for Spoke HA in Element ION_ARGENTINA_01.
INFO: 10/16/2020 01:48:43 AM MESSAGE:  Deleting Unconfigured Waninterface Circuit to AT&T.
INFO: 10/16/2020 01:48:43 AM MESSAGE:  Deleting Unconfigured Waninterface Circuit to Verizon.
INFO: 10/16/2020 01:48:44 AM MESSAGE: Disabling site..
INFO: 10/16/2020 01:48:44 AM MESSAGE: Updated Site SITE_BuenosAires to state disabled.
INFO: 10/16/2020 01:48:44 AM MESSAGE: Deleting Site SITE_BuenosAires..
INFO: 10/16/2020 01:48:45 AM MESSAGE: DONE
