INFO: 10/15/2020 04:06:44 PM MESSAGE: Beginning to DESTROY site SITE_Stockholm(16027734214000079)..
INFO: 10/15/2020 04:06:44 PM MESSAGE: Un-assigning and de-claiming Element ION_SWEDEN(4210c205-332d-3591-47ad-27689e5858ca) bound to 16027734214000079.
INFO: 10/15/2020 04:06:44 PM MESSAGE:  Removing LAN Networks/WAN Interfaces from 4.
INFO: 10/15/2020 04:06:44 PM MESSAGE:  Removing LAN Networks/WAN Interfaces from 9.
INFO: 10/15/2020 04:06:44 PM MESSAGE:  Removing LAN Networks/WAN Interfaces from 7.
INFO: 10/15/2020 04:06:44 PM MESSAGE:  Removing LAN Networks/WAN Interfaces from controller 1.
INFO: 10/15/2020 04:06:44 PM MESSAGE:  Removing LAN Networks/WAN Interfaces from 6.
INFO: 10/15/2020 04:06:44 PM MESSAGE:  Removing LAN Networks/WAN Interfaces from 1.
INFO: 10/15/2020 04:06:45 PM MESSAGE:  Removing LAN Networks/WAN Interfaces from 8.
INFO: 10/15/2020 04:06:45 PM MESSAGE:  Removing LAN Networks/WAN Interfaces from 5.
INFO: 10/15/2020 04:06:45 PM MESSAGE:  Removing LAN Networks/WAN Interfaces from 3.
INFO: 10/15/2020 04:06:45 PM MESSAGE:  Removing LAN Networks/WAN Interfaces from 2.
INFO: 10/15/2020 04:06:45 PM MESSAGE:  Removing any leftover Element Security Zones and Spoke HA from ION_SWEDEN:
INFO: 10/15/2020 04:06:45 PM MESSAGE:    No Change for Spoke HA in Element ION_SWEDEN.
INFO: 10/15/2020 04:06:46 PM MESSAGE:  Deleting Unconfigured Waninterface Circuit to T-Mobile.
INFO: 10/15/2020 04:06:47 PM MESSAGE:  Deleting Unconfigured Waninterface Circuit to Verizon.
INFO: 10/15/2020 04:06:47 PM MESSAGE: Disabling site..
INFO: 10/15/2020 04:06:47 PM MESSAGE: Updated Site SITE_Stockholm to state disabled.
INFO: 10/15/2020 04:06:48 PM MESSAGE: Deleting Site SITE_Stockholm..
INFO: 10/15/2020 04:06:48 PM MESSAGE: DONE
