INFO: 10/15/2020 12:12:42 PM MESSAGE: Beginning to DESTROY site SITE_SFO(16027297815780111)..
INFO: 10/15/2020 12:12:42 PM MESSAGE: Un-assigning and de-claiming Element ION_SFO(42105040-2306-707f-aaf4-2b273808c47b) bound to 16027297815780111.
INFO: 10/15/2020 12:12:42 PM MESSAGE:  Removing LAN Networks/WAN Interfaces from 8.
INFO: 10/15/2020 12:12:43 PM MESSAGE:  Removing LAN Networks/WAN Interfaces from 1.
INFO: 10/15/2020 12:12:43 PM MESSAGE:  Removing LAN Networks/WAN Interfaces from controller 1.
INFO: 10/15/2020 12:12:43 PM MESSAGE:  Removing LAN Networks/WAN Interfaces from 6.
INFO: 10/15/2020 12:12:43 PM MESSAGE:  Removing LAN Networks/WAN Interfaces from 5.
INFO: 10/15/2020 12:12:43 PM MESSAGE:  Removing LAN Networks/WAN Interfaces from 4.
INFO: 10/15/2020 12:12:44 PM MESSAGE:  Removing LAN Networks/WAN Interfaces from 7.
INFO: 10/15/2020 12:12:44 PM MESSAGE:  Removing LAN Networks/WAN Interfaces from 9.
INFO: 10/15/2020 12:12:44 PM MESSAGE:  Removing LAN Networks/WAN Interfaces from 3.
INFO: 10/15/2020 12:12:44 PM MESSAGE:  Removing LAN Networks/WAN Interfaces from 2.
INFO: 10/15/2020 12:12:44 PM MESSAGE:  Removing any leftover Element Security Zones and Spoke HA from ION_SFO:
INFO: 10/15/2020 12:12:44 PM MESSAGE:    No Change for Spoke HA in Element ION_SFO.
INFO: 10/15/2020 12:12:46 PM MESSAGE:  Deleting Unconfigured Waninterface 16027297824590138.
INFO: 10/15/2020 12:12:46 PM MESSAGE:  Deleting Unconfigured Waninterface 16027297828040154.
INFO: 10/15/2020 12:12:47 PM MESSAGE: Disabling site..
INFO: 10/15/2020 12:12:47 PM MESSAGE: Updated Site SITE_SFO to state disabled.
INFO: 10/15/2020 12:12:47 PM MESSAGE: Deleting Site SITE_SFO..
INFO: 10/15/2020 12:12:48 PM MESSAGE: DONE
INFO: 10/15/2020 12:45:07 PM MESSAGE: Beginning to DESTROY site SITE_SFO(16027647761380025)..
INFO: 10/15/2020 12:45:07 PM MESSAGE:  Deleting Unconfigured Waninterface Circuit to At&T.
INFO: 10/15/2020 12:45:08 PM MESSAGE:  Deleting Unconfigured Waninterface Circuit to T-Mobile.
INFO: 10/15/2020 12:45:09 PM MESSAGE: Disabling site..
INFO: 10/15/2020 12:45:10 PM MESSAGE: Updated Site SITE_SFO to state disabled.
INFO: 10/15/2020 12:45:10 PM MESSAGE: Deleting Site SITE_SFO..
INFO: 10/15/2020 12:45:11 PM MESSAGE: DONE
INFO: 10/15/2020 02:39:54 PM MESSAGE: Beginning to DESTROY site SITE_SFO(16027709321780185)..
INFO: 10/15/2020 02:39:54 PM MESSAGE: Un-assigning and de-claiming Element ION_SFO(42105040-2306-707f-aaf4-2b273808c47b) bound to 16027709321780185.
INFO: 10/15/2020 02:39:54 PM MESSAGE:  Removing LAN Networks/WAN Interfaces from 5.
INFO: 10/15/2020 02:39:54 PM MESSAGE:  Removing LAN Networks/WAN Interfaces from 6.
INFO: 10/15/2020 02:39:54 PM MESSAGE:  Removing LAN Networks/WAN Interfaces from 9.
INFO: 10/15/2020 02:39:54 PM MESSAGE:  Removing LAN Networks/WAN Interfaces from 8.
INFO: 10/15/2020 02:39:54 PM MESSAGE:  Removing LAN Networks/WAN Interfaces from 4.
INFO: 10/15/2020 02:39:54 PM MESSAGE:  Removing LAN Networks/WAN Interfaces from 2.
INFO: 10/15/2020 02:39:54 PM MESSAGE:  Removing LAN Networks/WAN Interfaces from controller 1.
INFO: 10/15/2020 02:39:55 PM MESSAGE:  Removing LAN Networks/WAN Interfaces from 3.
INFO: 10/15/2020 02:39:55 PM MESSAGE:  Removing LAN Networks/WAN Interfaces from 7.
INFO: 10/15/2020 02:39:55 PM MESSAGE:  Removing LAN Networks/WAN Interfaces from 1.
INFO: 10/15/2020 02:39:55 PM MESSAGE:  Removing any leftover Element Security Zones and Spoke HA from ION_SFO:
INFO: 10/15/2020 02:39:55 PM MESSAGE:    No Change for Spoke HA in Element ION_SFO.
INFO: 10/15/2020 02:39:57 PM MESSAGE:  Deleting Unconfigured Waninterface Circuit to At&T.
INFO: 10/15/2020 02:39:57 PM MESSAGE:  Deleting Unconfigured Waninterface Circuit to T-Mobile.
INFO: 10/15/2020 02:39:57 PM MESSAGE: Disabling site..
INFO: 10/15/2020 02:39:58 PM MESSAGE: Updated Site SITE_SFO to state disabled.
INFO: 10/15/2020 02:39:58 PM MESSAGE: Deleting Site SITE_SFO..
INFO: 10/15/2020 02:39:58 PM MESSAGE: DONE
