WARNING: 10/23/2020 01:57:54 AM WARNING: Site WAN Interface is missing a name. Please correct this in UI. Setting to "Circuit to Airtel" in YAML file, but this may cause issues if configuration is re-applied to site.
WARNING: 10/23/2020 01:57:54 AM WARNING: Site WAN Interface is missing a name. Please correct this in UI. Setting to "Circuit to Verizon" in YAML file, but this may cause issues if configuration is re-applied to site.
INFO: 10/23/2020 02:07:36 AM MESSAGE: Created Site SITE_BLR.
INFO: 10/23/2020 02:07:37 AM MESSAGE:  Created waninterface Circuit to Airtel.
INFO: 10/23/2020 02:07:37 AM MESSAGE:  Created waninterface Circuit to Verizon.
INFO: 10/23/2020 02:07:37 AM MESSAGE:  Created Spoke Cluster BLR_HA.
INFO: 10/23/2020 02:07:37 AM MESSAGE:  Machine 42108316-62af-0a63-0ed5-9ef9888ec291 is not CLAIMED, attempting to claim..
INFO: 10/23/2020 02:07:37 AM MESSAGE:  Checking Machine 42108316-62af-0a63-0ed5-9ef9888ec291..
INFO: 10/23/2020 02:07:37 AM MESSAGE:   Unclaimed(allocated). Beginning Claim process..
INFO: 10/23/2020 02:07:37 AM MESSAGE:   Machine 42108316-62af-0a63-0ed5-9ef9888ec291 still claiming, waited so far 0 seconds out of 5.
ERROR: 10/23/2020 02:07:43 AM ERROR: Machine 42108316-62af-0a63-0ed5-9ef9888ec291 Claim took longer than 5 seconds. Exiting.
INFO: 10/23/2020 02:07:53 AM MESSAGE: No Change for Site SITE_BLR.
INFO: 10/23/2020 02:07:53 AM MESSAGE:  No Change for Waninterface Circuit to Airtel.
INFO: 10/23/2020 02:07:53 AM MESSAGE:  No Change for Waninterface Circuit to Verizon.
INFO: 10/23/2020 02:07:54 AM MESSAGE:  No Change for Spoke Cluster BLR_HA.
INFO: 10/23/2020 02:07:54 AM MESSAGE:   Element Serial: 42108316-62af-0a63-0ed5-9ef9888ec291 not yet in requested state(s): ready, bound (is init). Waited so far 0 seconds out of 5.
ERROR: 10/23/2020 02:08:00 AM ERROR: Element Serial: 42108316-62af-0a63-0ed5-9ef9888ec291 state transition took longer than 5 seconds. Exiting.
INFO: 10/23/2020 02:08:26 AM MESSAGE: No Change for Site SITE_BLR.
INFO: 10/23/2020 02:08:26 AM MESSAGE:  No Change for Waninterface Circuit to Airtel.
INFO: 10/23/2020 02:08:26 AM MESSAGE:  No Change for Waninterface Circuit to Verizon.
INFO: 10/23/2020 02:08:26 AM MESSAGE:  No Change for Spoke Cluster BLR_HA.
INFO: 10/23/2020 02:08:26 AM MESSAGE:   Element Serial: 42108316-62af-0a63-0ed5-9ef9888ec291 not yet in requested state(s): ready, bound (is init). Waited so far 0 seconds out of 5.
ERROR: 10/23/2020 02:08:33 AM ERROR: Element Serial: 42108316-62af-0a63-0ed5-9ef9888ec291 state transition took longer than 5 seconds. Exiting.
INFO: 10/23/2020 02:08:45 AM MESSAGE: No Change for Site SITE_BLR.
INFO: 10/23/2020 02:08:45 AM MESSAGE:  No Change for Waninterface Circuit to Airtel.
INFO: 10/23/2020 02:08:45 AM MESSAGE:  No Change for Waninterface Circuit to Verizon.
INFO: 10/23/2020 02:08:45 AM MESSAGE:  No Change for Spoke Cluster BLR_HA.
INFO: 10/23/2020 02:08:45 AM MESSAGE:   Element Serial: 42108316-62af-0a63-0ed5-9ef9888ec291 not yet in requested state(s): ready, bound (is init). Waited so far 0 seconds out of 5.
ERROR: 10/23/2020 02:08:51 AM ERROR: Element Serial: 42108316-62af-0a63-0ed5-9ef9888ec291 state transition took longer than 5 seconds. Exiting.
INFO: 10/23/2020 02:09:01 AM MESSAGE: No Change for Site SITE_BLR.
INFO: 10/23/2020 02:09:01 AM MESSAGE:  No Change for Waninterface Circuit to Airtel.
INFO: 10/23/2020 02:09:01 AM MESSAGE:  No Change for Waninterface Circuit to Verizon.
INFO: 10/23/2020 02:09:01 AM MESSAGE:  No Change for Spoke Cluster BLR_HA.
INFO: 10/23/2020 02:09:01 AM MESSAGE:   Element Serial: 42108316-62af-0a63-0ed5-9ef9888ec291 not yet in requested state(s): ready, bound (is init). Waited so far 0 seconds out of 5.
ERROR: 10/23/2020 02:09:07 AM ERROR: Element Serial: 42108316-62af-0a63-0ed5-9ef9888ec291 state transition took longer than 5 seconds. Exiting.
INFO: 10/23/2020 02:09:19 AM MESSAGE: No Change for Site SITE_BLR.
INFO: 10/23/2020 02:09:19 AM MESSAGE:  No Change for Waninterface Circuit to Airtel.
INFO: 10/23/2020 02:09:20 AM MESSAGE:  No Change for Waninterface Circuit to Verizon.
INFO: 10/23/2020 02:09:21 AM MESSAGE:  No Change for Spoke Cluster BLR_HA.
INFO: 10/23/2020 02:09:21 AM MESSAGE:   Element Serial: 42108316-62af-0a63-0ed5-9ef9888ec291 not yet in requested state(s): ready, bound (is init). Waited so far 0 seconds out of 5.
ERROR: 10/23/2020 02:09:27 AM ERROR: Element Serial: 42108316-62af-0a63-0ed5-9ef9888ec291 state transition took longer than 5 seconds. Exiting.
INFO: 10/23/2020 02:09:37 AM MESSAGE: No Change for Site SITE_BLR.
INFO: 10/23/2020 02:09:37 AM MESSAGE:  No Change for Waninterface Circuit to Airtel.
INFO: 10/23/2020 02:09:37 AM MESSAGE:  No Change for Waninterface Circuit to Verizon.
INFO: 10/23/2020 02:09:38 AM MESSAGE:  No Change for Spoke Cluster BLR_HA.
INFO: 10/23/2020 02:09:38 AM MESSAGE:   Element Serial: 42108316-62af-0a63-0ed5-9ef9888ec291 not yet in requested state(s): ready, bound (is init). Waited so far 0 seconds out of 5.
ERROR: 10/23/2020 02:09:44 AM ERROR: Element Serial: 42108316-62af-0a63-0ed5-9ef9888ec291 state transition took longer than 5 seconds. Exiting.
INFO: 10/23/2020 02:22:29 AM MESSAGE: Created Site SITE_BLR.
INFO: 10/23/2020 02:22:29 AM MESSAGE:  Created waninterface Circuit to Airtel.
INFO: 10/23/2020 02:22:29 AM MESSAGE:  Created waninterface Circuit to Verizon.
INFO: 10/23/2020 02:22:29 AM MESSAGE:  Created Spoke Cluster BLR_HA.
INFO: 10/23/2020 02:22:29 AM MESSAGE:  Machine 42108316-62af-0a63-0ed5-9ef9888ec291 is not CLAIMED, attempting to claim..
INFO: 10/23/2020 02:22:30 AM MESSAGE:  Checking Machine 42108316-62af-0a63-0ed5-9ef9888ec291..
INFO: 10/23/2020 02:22:30 AM MESSAGE:   Unclaimed(allocated). Beginning Claim process..
INFO: 10/23/2020 02:22:30 AM MESSAGE:   Machine 42108316-62af-0a63-0ed5-9ef9888ec291 still claiming, waited so far 0 seconds out of 5.
ERROR: 10/23/2020 02:22:36 AM ERROR: Machine 42108316-62af-0a63-0ed5-9ef9888ec291 Claim took longer than 5 seconds. Exiting.
INFO: 10/23/2020 02:29:21 AM MESSAGE: No Change for Site SITE_BLR.
INFO: 10/23/2020 02:29:22 AM MESSAGE:  No Change for Waninterface Circuit to Airtel.
INFO: 10/23/2020 02:29:22 AM MESSAGE:  No Change for Waninterface Circuit to Verizon.
INFO: 10/23/2020 02:29:22 AM MESSAGE:  No Change for Spoke Cluster BLR_HA.
INFO: 10/23/2020 02:29:22 AM MESSAGE:  Element: Code is at correct version 5.4.1-b15.
INFO: 10/23/2020 02:29:23 AM MESSAGE:   Assigning Element Serial: 42108316-62af-0a63-0ed5-9ef9888ec291.
INFO: 10/23/2020 02:29:24 AM MESSAGE:   Element Serial: 42108316-62af-0a63-0ed5-9ef9888ec291 not yet in requested state(s): bound (is bound_in_progress). Waited so far 0 seconds out of 5.
ERROR: 10/23/2020 02:29:30 AM ERROR: Element Serial: 42108316-62af-0a63-0ed5-9ef9888ec291 state transition took longer than 5 seconds. Exiting.
INFO: 10/23/2020 02:29:41 AM MESSAGE: No Change for Site SITE_BLR.
INFO: 10/23/2020 02:29:42 AM MESSAGE:  No Change for Waninterface Circuit to Airtel.
INFO: 10/23/2020 02:29:42 AM MESSAGE:  No Change for Waninterface Circuit to Verizon.
INFO: 10/23/2020 02:29:42 AM MESSAGE:  No Change for Spoke Cluster BLR_HA.
INFO: 10/23/2020 02:29:42 AM MESSAGE:  Element: Code is at correct version 5.4.1-b15.
INFO: 10/23/2020 02:29:42 AM MESSAGE:   No Change for Element BLR_HA_ION_01.
INFO: 10/23/2020 02:29:43 AM MESSAGE:    Updated Interface 1 (Etag 3 -> 4).
INFO: 10/23/2020 02:29:43 AM MESSAGE:    No Change for Interface 2.
INFO: 10/23/2020 02:29:43 AM MESSAGE:    No Change for Interface controller 1.
INFO: 10/23/2020 02:29:43 AM MESSAGE:    No Change for Interface 3.
INFO: 10/23/2020 02:29:43 AM MESSAGE:    No Change for Interface 4.
INFO: 10/23/2020 02:29:43 AM MESSAGE:    No Change for Interface 5.
INFO: 10/23/2020 02:29:43 AM MESSAGE:    No Change for Interface 6.
INFO: 10/23/2020 02:29:43 AM MESSAGE:    No Change for Interface 7.
INFO: 10/23/2020 02:29:43 AM MESSAGE:    No Change for Interface 8.
INFO: 10/23/2020 02:29:43 AM MESSAGE:    No Change for Interface 9.
INFO: 10/23/2020 02:29:43 AM MESSAGE:    Updating Spoke HA for Element BLR_HA_ION_01.
INFO: 10/23/2020 02:29:44 AM MESSAGE:    No Change for BGP Global Config 16034201664790094.
INFO: 10/23/2020 02:29:44 AM MESSAGE:    No Change for NTP 16034197503980112.
INFO: 10/23/2020 02:29:44 AM MESSAGE:    No Change for Toolkit 16034197652830243.
INFO: 10/23/2020 02:29:44 AM MESSAGE:  Machine 4210fff5-706e-5c8c-7e74-85f94d992ea1 is not CLAIMED, attempting to claim..
INFO: 10/23/2020 02:29:44 AM MESSAGE:  Checking Machine 4210fff5-706e-5c8c-7e74-85f94d992ea1..
INFO: 10/23/2020 02:29:44 AM MESSAGE:   Unclaimed(allocated). Beginning Claim process..
INFO: 10/23/2020 02:29:44 AM MESSAGE:   Machine 4210fff5-706e-5c8c-7e74-85f94d992ea1 still claiming, waited so far 0 seconds out of 5.
ERROR: 10/23/2020 02:29:50 AM ERROR: Machine 4210fff5-706e-5c8c-7e74-85f94d992ea1 Claim took longer than 5 seconds. Exiting.
INFO: 10/23/2020 02:30:04 AM MESSAGE: No Change for Site SITE_BLR.
INFO: 10/23/2020 02:30:04 AM MESSAGE:  No Change for Waninterface Circuit to Airtel.
INFO: 10/23/2020 02:30:04 AM MESSAGE:  No Change for Waninterface Circuit to Verizon.
INFO: 10/23/2020 02:30:04 AM MESSAGE:  No Change for Spoke Cluster BLR_HA.
INFO: 10/23/2020 02:30:04 AM MESSAGE:  Element: Code is at correct version 5.4.1-b15.
INFO: 10/23/2020 02:30:04 AM MESSAGE:   No Change for Element BLR_HA_ION_01.
INFO: 10/23/2020 02:30:04 AM MESSAGE:    No Change for Interface 1.
INFO: 10/23/2020 02:30:04 AM MESSAGE:    No Change for Interface 2.
INFO: 10/23/2020 02:30:04 AM MESSAGE:    No Change for Interface controller 1.
INFO: 10/23/2020 02:30:04 AM MESSAGE:    No Change for Interface 3.
INFO: 10/23/2020 02:30:05 AM MESSAGE:    No Change for Interface 4.
INFO: 10/23/2020 02:30:05 AM MESSAGE:    No Change for Interface 5.
INFO: 10/23/2020 02:30:05 AM MESSAGE:    No Change for Interface 6.
INFO: 10/23/2020 02:30:05 AM MESSAGE:    No Change for Interface 7.
INFO: 10/23/2020 02:30:05 AM MESSAGE:    No Change for Interface 8.
INFO: 10/23/2020 02:30:05 AM MESSAGE:    No Change for Interface 9.
INFO: 10/23/2020 02:30:05 AM MESSAGE:    No Change for Spoke HA in Element BLR_HA_ION_01.
INFO: 10/23/2020 02:30:05 AM MESSAGE:    No Change for BGP Global Config 16034201664790094.
INFO: 10/23/2020 02:30:05 AM MESSAGE:    No Change for NTP 16034197503980112.
INFO: 10/23/2020 02:30:05 AM MESSAGE:    No Change for Toolkit 16034197652830243.
INFO: 10/23/2020 02:30:05 AM MESSAGE:   Element Serial: 4210fff5-706e-5c8c-7e74-85f94d992ea1 not yet in requested state(s): ready, bound (is inventory_post_pending). Waited so far 0 seconds out of 5.
ERROR: 10/23/2020 02:30:12 AM ERROR: Element Serial: 4210fff5-706e-5c8c-7e74-85f94d992ea1 state transition took longer than 5 seconds. Exiting.
