WARNING: 10/23/2020 01:57:45 AM WARNING: Site WAN Interface is missing a name. Please correct this in UI. Setting to "Circuit to Airtel" in YAML file, but this may cause issues if configuration is re-applied to site.
WARNING: 10/23/2020 01:57:45 AM WARNING: Site WAN Interface is missing a name. Please correct this in UI. Setting to "Circuit to Jio" in YAML file, but this may cause issues if configuration is re-applied to site.
INFO: 10/23/2020 02:21:47 AM MESSAGE: Created Site SITE_BuenosAires.
INFO: 10/23/2020 02:21:48 AM MESSAGE:  Created waninterface Circuit to Airtel.
INFO: 10/23/2020 02:21:49 AM MESSAGE:  Created waninterface Circuit to Jio.
INFO: 10/23/2020 02:21:49 AM MESSAGE:  Machine 4210024d-4f88-0811-bbea-40503cf61773 is not CLAIMED, attempting to claim..
INFO: 10/23/2020 02:21:50 AM MESSAGE:  Checking Machine 4210024d-4f88-0811-bbea-40503cf61773..
INFO: 10/23/2020 02:21:50 AM MESSAGE:   Unclaimed(allocated). Beginning Claim process..
INFO: 10/23/2020 02:21:51 AM MESSAGE:   Machine 4210024d-4f88-0811-bbea-40503cf61773 still claiming, waited so far 0 seconds out of 5.
ERROR: 10/23/2020 02:21:57 AM ERROR: Machine 4210024d-4f88-0811-bbea-40503cf61773 Claim took longer than 5 seconds. Exiting.
INFO: 10/23/2020 02:25:40 AM MESSAGE: No Change for Site SITE_BuenosAires.
INFO: 10/23/2020 02:25:40 AM MESSAGE:  No Change for Waninterface Circuit to Airtel.
INFO: 10/23/2020 02:25:40 AM MESSAGE:  No Change for Waninterface Circuit to Jio.
INFO: 10/23/2020 02:25:41 AM MESSAGE:  Element: Code is at correct version 5.4.1-b13.
INFO: 10/23/2020 02:25:41 AM MESSAGE:   Assigning Element Serial: 4210024d-4f88-0811-bbea-40503cf61773.
INFO: 10/23/2020 02:25:42 AM MESSAGE:   Element Serial: 4210024d-4f88-0811-bbea-40503cf61773 not yet in requested state(s): bound (is bound_in_progress). Waited so far 0 seconds out of 5.
ERROR: 10/23/2020 02:25:48 AM ERROR: Element Serial: 4210024d-4f88-0811-bbea-40503cf61773 state transition took longer than 5 seconds. Exiting.
INFO: 10/23/2020 02:25:59 AM MESSAGE: No Change for Site SITE_BuenosAires.
INFO: 10/23/2020 02:25:59 AM MESSAGE:  No Change for Waninterface Circuit to Airtel.
INFO: 10/23/2020 02:25:59 AM MESSAGE:  No Change for Waninterface Circuit to Jio.
INFO: 10/23/2020 02:26:00 AM MESSAGE:  Element: Code is at correct version 5.4.1-b13.
INFO: 10/23/2020 02:26:00 AM MESSAGE:   No Change for Element ION_ARGENTINA_01.
INFO: 10/23/2020 02:26:00 AM MESSAGE:    Updated Interface 1 (Etag 3 -> 4).
INFO: 10/23/2020 02:26:00 AM MESSAGE:    No Change for Interface 2.
INFO: 10/23/2020 02:26:00 AM MESSAGE:    No Change for Interface controller 1.
INFO: 10/23/2020 02:26:00 AM MESSAGE:    No Change for Interface 3.
INFO: 10/23/2020 02:26:00 AM MESSAGE:    No Change for Interface 4.
INFO: 10/23/2020 02:26:01 AM MESSAGE:    No Change for Interface 5.
INFO: 10/23/2020 02:26:01 AM MESSAGE:    No Change for Interface 6.
INFO: 10/23/2020 02:26:01 AM MESSAGE:    No Change for Interface 7.
INFO: 10/23/2020 02:26:01 AM MESSAGE:    No Change for Interface 8.
INFO: 10/23/2020 02:26:01 AM MESSAGE:    No Change for Interface 9.
INFO: 10/23/2020 02:26:01 AM MESSAGE:    No Change for Spoke HA in Element ION_ARGENTINA_01.
INFO: 10/23/2020 02:26:01 AM MESSAGE:    No Change for BGP Global Config 16034199437970125.
INFO: 10/23/2020 02:26:01 AM MESSAGE:    No Change for NTP 16034197109970117.
INFO: 10/23/2020 02:26:01 AM MESSAGE:    No Change for Toolkit 16034197262050181.
INFO: 10/23/2020 02:26:01 AM MESSAGE: No Change for Site SITE_BuenosAires state (active).
INFO: 10/23/2020 02:26:02 AM MESSAGE: DONE
INFO: 10/23/2020 02:26:13 AM MESSAGE: No Change for Site SITE_BuenosAires.
INFO: 10/23/2020 02:26:13 AM MESSAGE:  No Change for Waninterface Circuit to Airtel.
INFO: 10/23/2020 02:26:13 AM MESSAGE:  No Change for Waninterface Circuit to Jio.
INFO: 10/23/2020 02:26:13 AM MESSAGE:  Element: Code is at correct version 5.4.1-b13.
INFO: 10/23/2020 02:26:13 AM MESSAGE:   No Change for Element ION_ARGENTINA_01.
INFO: 10/23/2020 02:26:14 AM MESSAGE:    No Change for Interface 1.
INFO: 10/23/2020 02:26:14 AM MESSAGE:    No Change for Interface 2.
INFO: 10/23/2020 02:26:14 AM MESSAGE:    No Change for Interface controller 1.
INFO: 10/23/2020 02:26:14 AM MESSAGE:    No Change for Interface 3.
INFO: 10/23/2020 02:26:14 AM MESSAGE:    No Change for Interface 4.
INFO: 10/23/2020 02:26:14 AM MESSAGE:    No Change for Interface 5.
INFO: 10/23/2020 02:26:14 AM MESSAGE:    No Change for Interface 6.
INFO: 10/23/2020 02:26:14 AM MESSAGE:    No Change for Interface 7.
INFO: 10/23/2020 02:26:14 AM MESSAGE:    No Change for Interface 8.
INFO: 10/23/2020 02:26:14 AM MESSAGE:    No Change for Interface 9.
INFO: 10/23/2020 02:26:14 AM MESSAGE:    No Change for Spoke HA in Element ION_ARGENTINA_01.
INFO: 10/23/2020 02:26:15 AM MESSAGE:    No Change for BGP Global Config 16034199437970125.
INFO: 10/23/2020 02:26:15 AM MESSAGE:    No Change for NTP 16034197109970117.
INFO: 10/23/2020 02:26:15 AM MESSAGE:    No Change for Toolkit 16034197262050181.
INFO: 10/23/2020 02:26:15 AM MESSAGE: No Change for Site SITE_BuenosAires state (active).
INFO: 10/23/2020 02:26:15 AM MESSAGE: DONE
INFO: 10/24/2020 02:03:12 AM MESSAGE: Created Site SITE_BuenosAires.
INFO: 10/24/2020 02:03:12 AM MESSAGE:  Created waninterface Circuit to Airtel.
INFO: 10/24/2020 02:03:13 AM MESSAGE:  Created waninterface Circuit to Jio.
INFO: 10/24/2020 02:03:13 AM MESSAGE:   Element Serial: 4210024d-4f88-0811-bbea-40503cf61773 not yet in requested state(s): ready, bound (is init). Waited so far 0 seconds out of 5.
ERROR: 10/24/2020 02:03:19 AM ERROR: Element Serial: 4210024d-4f88-0811-bbea-40503cf61773 state transition took longer than 5 seconds. Exiting.
INFO: 10/24/2020 02:06:56 AM MESSAGE: No Change for Site SITE_BuenosAires.
INFO: 10/24/2020 02:06:56 AM MESSAGE:  No Change for Waninterface Circuit to Airtel.
INFO: 10/24/2020 02:06:56 AM MESSAGE:  No Change for Waninterface Circuit to Jio.
INFO: 10/24/2020 02:06:57 AM MESSAGE:   Element Serial: 4210024d-4f88-0811-bbea-40503cf61773 not yet in requested state(s): ready, bound (is init). Waited so far 0 seconds out of 5.
ERROR: 10/24/2020 02:07:03 AM ERROR: Element Serial: 4210024d-4f88-0811-bbea-40503cf61773 state transition took longer than 5 seconds. Exiting.
INFO: 10/24/2020 02:07:13 AM MESSAGE: No Change for Site SITE_BuenosAires.
INFO: 10/24/2020 02:07:13 AM MESSAGE:  No Change for Waninterface Circuit to Airtel.
INFO: 10/24/2020 02:07:13 AM MESSAGE:  No Change for Waninterface Circuit to Jio.
INFO: 10/24/2020 02:07:13 AM MESSAGE:   Element Serial: 4210024d-4f88-0811-bbea-40503cf61773 not yet in requested state(s): ready, bound (is init). Waited so far 0 seconds out of 5.
ERROR: 10/24/2020 02:07:19 AM ERROR: Element Serial: 4210024d-4f88-0811-bbea-40503cf61773 state transition took longer than 5 seconds. Exiting.
INFO: 10/24/2020 02:07:30 AM MESSAGE: No Change for Site SITE_BuenosAires.
INFO: 10/24/2020 02:07:30 AM MESSAGE:  No Change for Waninterface Circuit to Airtel.
INFO: 10/24/2020 02:07:30 AM MESSAGE:  No Change for Waninterface Circuit to Jio.
INFO: 10/24/2020 02:07:30 AM MESSAGE:   Element Serial: 4210024d-4f88-0811-bbea-40503cf61773 not yet in requested state(s): ready, bound (is init). Waited so far 0 seconds out of 5.
ERROR: 10/24/2020 02:07:36 AM ERROR: Element Serial: 4210024d-4f88-0811-bbea-40503cf61773 state transition took longer than 5 seconds. Exiting.
INFO: 10/24/2020 02:07:46 AM MESSAGE: No Change for Site SITE_BuenosAires.
INFO: 10/24/2020 02:07:46 AM MESSAGE:  No Change for Waninterface Circuit to Airtel.
INFO: 10/24/2020 02:07:46 AM MESSAGE:  No Change for Waninterface Circuit to Jio.
INFO: 10/24/2020 02:07:46 AM MESSAGE:   Element Serial: 4210024d-4f88-0811-bbea-40503cf61773 not yet in requested state(s): ready, bound (is init). Waited so far 0 seconds out of 5.
ERROR: 10/24/2020 02:07:52 AM ERROR: Element Serial: 4210024d-4f88-0811-bbea-40503cf61773 state transition took longer than 5 seconds. Exiting.
INFO: 10/24/2020 07:19:27 AM MESSAGE: Created Site SITE_BuenosAires.
INFO: 10/24/2020 07:19:27 AM MESSAGE:  Created waninterface Circuit to Airtel.
INFO: 10/24/2020 07:19:27 AM MESSAGE:  Created waninterface Circuit to Jio.
INFO: 10/24/2020 07:19:28 AM MESSAGE:   Element Serial: 4210024d-4f88-0811-bbea-40503cf61773 not yet in requested state(s): ready, bound (is init). Waited so far 0 seconds out of 5.
ERROR: 10/24/2020 07:19:34 AM ERROR: Element Serial: 4210024d-4f88-0811-bbea-40503cf61773 state transition took longer than 5 seconds. Exiting.
INFO: 10/24/2020 07:23:35 AM MESSAGE: No Change for Site SITE_BuenosAires.
INFO: 10/24/2020 07:23:35 AM MESSAGE:  No Change for Waninterface Circuit to Airtel.
INFO: 10/24/2020 07:23:35 AM MESSAGE:  No Change for Waninterface Circuit to Jio.
INFO: 10/24/2020 07:23:35 AM MESSAGE:   Element Serial: 4210024d-4f88-0811-bbea-40503cf61773 not yet in requested state(s): ready, bound (is init). Waited so far 0 seconds out of 5.
ERROR: 10/24/2020 07:23:41 AM ERROR: Element Serial: 4210024d-4f88-0811-bbea-40503cf61773 state transition took longer than 5 seconds. Exiting.
INFO: 10/24/2020 07:23:52 AM MESSAGE: No Change for Site SITE_BuenosAires.
INFO: 10/24/2020 07:23:52 AM MESSAGE:  No Change for Waninterface Circuit to Airtel.
INFO: 10/24/2020 07:23:52 AM MESSAGE:  No Change for Waninterface Circuit to Jio.
INFO: 10/24/2020 07:23:52 AM MESSAGE:   Element Serial: 4210024d-4f88-0811-bbea-40503cf61773 not yet in requested state(s): ready, bound (is init). Waited so far 0 seconds out of 5.
ERROR: 10/24/2020 07:23:58 AM ERROR: Element Serial: 4210024d-4f88-0811-bbea-40503cf61773 state transition took longer than 5 seconds. Exiting.
INFO: 10/24/2020 07:24:07 AM MESSAGE: No Change for Site SITE_BuenosAires.
INFO: 10/24/2020 07:24:07 AM MESSAGE:  No Change for Waninterface Circuit to Airtel.
INFO: 10/24/2020 07:24:07 AM MESSAGE:  No Change for Waninterface Circuit to Jio.
INFO: 10/24/2020 07:24:07 AM MESSAGE:   Element Serial: 4210024d-4f88-0811-bbea-40503cf61773 not yet in requested state(s): ready, bound (is init). Waited so far 0 seconds out of 5.
ERROR: 10/24/2020 07:24:13 AM ERROR: Element Serial: 4210024d-4f88-0811-bbea-40503cf61773 state transition took longer than 5 seconds. Exiting.
