WARNING: 10/23/2020 01:57:51 AM WARNING: Site WAN Interface is missing a name. Please correct this in UI. Setting to "Circuit to AT&T" in YAML file, but this may cause issues if configuration is re-applied to site.
WARNING: 10/23/2020 01:57:51 AM WARNING: Site WAN Interface is missing a name. Please correct this in UI. Setting to "Circuit to Verizon" in YAML file, but this may cause issues if configuration is re-applied to site.
INFO: 10/23/2020 02:22:12 AM MESSAGE: Created Site SITE_SFO.
INFO: 10/23/2020 02:22:12 AM MESSAGE:  Created waninterface Circuit to AT&T.
INFO: 10/23/2020 02:22:13 AM MESSAGE:  Created waninterface Circuit to Verizon.
INFO: 10/23/2020 02:22:13 AM MESSAGE:  Machine 42105040-2306-707f-aaf4-2b273808c47b is not CLAIMED, attempting to claim..
INFO: 10/23/2020 02:22:13 AM MESSAGE:  Checking Machine 42105040-2306-707f-aaf4-2b273808c47b..
INFO: 10/23/2020 02:22:13 AM MESSAGE:   Unclaimed(allocated). Beginning Claim process..
INFO: 10/23/2020 02:22:14 AM MESSAGE:   Machine 42105040-2306-707f-aaf4-2b273808c47b still claiming, waited so far 0 seconds out of 5.
ERROR: 10/23/2020 02:22:20 AM ERROR: Machine 42105040-2306-707f-aaf4-2b273808c47b Claim took longer than 5 seconds. Exiting.
INFO: 10/23/2020 02:27:26 AM MESSAGE: No Change for Site SITE_SFO.
INFO: 10/23/2020 02:27:26 AM MESSAGE:  No Change for Waninterface Circuit to AT&T.
INFO: 10/23/2020 02:27:27 AM MESSAGE:  No Change for Waninterface Circuit to Verizon.
INFO: 10/23/2020 02:27:27 AM MESSAGE:  Element: Code is at correct version 5.4.1-b15.
INFO: 10/23/2020 02:27:27 AM MESSAGE:   Assigning Element Serial: 42105040-2306-707f-aaf4-2b273808c47b.
INFO: 10/23/2020 02:27:27 AM MESSAGE:   Element Serial: 42105040-2306-707f-aaf4-2b273808c47b not yet in requested state(s): bound (is bound_in_progress). Waited so far 0 seconds out of 5.
ERROR: 10/23/2020 02:27:33 AM ERROR: Element Serial: 42105040-2306-707f-aaf4-2b273808c47b state transition took longer than 5 seconds. Exiting.
INFO: 10/23/2020 02:27:45 AM MESSAGE: No Change for Site SITE_SFO.
INFO: 10/23/2020 02:27:45 AM MESSAGE:  No Change for Waninterface Circuit to AT&T.
INFO: 10/23/2020 02:27:45 AM MESSAGE:  No Change for Waninterface Circuit to Verizon.
INFO: 10/23/2020 02:27:45 AM MESSAGE:  Element: Code is at correct version 5.4.1-b15.
INFO: 10/23/2020 02:27:46 AM MESSAGE:   No Change for Element ION_SFO.
INFO: 10/23/2020 02:27:46 AM MESSAGE:    Updated Interface 1 (Etag 3 -> 4).
INFO: 10/23/2020 02:27:46 AM MESSAGE:    No Change for Interface 2.
INFO: 10/23/2020 02:27:46 AM MESSAGE:    No Change for Interface controller 1.
INFO: 10/23/2020 02:27:46 AM MESSAGE:    No Change for Interface 3.
INFO: 10/23/2020 02:27:46 AM MESSAGE:    No Change for Interface 4.
INFO: 10/23/2020 02:27:46 AM MESSAGE:    No Change for Interface 5.
INFO: 10/23/2020 02:27:47 AM MESSAGE:    No Change for Interface 6.
INFO: 10/23/2020 02:27:47 AM MESSAGE:    No Change for Interface 7.
INFO: 10/23/2020 02:27:47 AM MESSAGE:    No Change for Interface 8.
INFO: 10/23/2020 02:27:47 AM MESSAGE:    No Change for Interface 9.
INFO: 10/23/2020 02:27:47 AM MESSAGE:    No Change for Spoke HA in Element ION_SFO.
WARNING: 10/23/2020 02:27:47 AM WARNING: Routing Prefix List auto-prefix-adv-and-distribute is auto_generated. Skipping.
WARNING: 10/23/2020 02:27:47 AM WARNING: Routing Prefix List auto-prefix-adv-no-distribute is auto_generated. Skipping.
INFO: 10/23/2020 02:27:47 AM MESSAGE:    No Change for BGP Global Config 16034200481020134.
INFO: 10/23/2020 02:27:47 AM MESSAGE:    No Change for NTP 16034197339450172.
INFO: 10/23/2020 02:27:47 AM MESSAGE:    No Change for Toolkit 16034197492930245.
INFO: 10/23/2020 02:27:47 AM MESSAGE: No Change for Site SITE_SFO state (active).
INFO: 10/23/2020 02:27:47 AM MESSAGE: DONE
INFO: 10/23/2020 02:27:58 AM MESSAGE: No Change for Site SITE_SFO.
INFO: 10/23/2020 02:27:58 AM MESSAGE:  No Change for Waninterface Circuit to AT&T.
INFO: 10/23/2020 02:27:58 AM MESSAGE:  No Change for Waninterface Circuit to Verizon.
INFO: 10/23/2020 02:27:59 AM MESSAGE:  Element: Code is at correct version 5.4.1-b15.
INFO: 10/23/2020 02:27:59 AM MESSAGE:   No Change for Element ION_SFO.
INFO: 10/23/2020 02:27:59 AM MESSAGE:    No Change for Interface 1.
INFO: 10/23/2020 02:27:59 AM MESSAGE:    No Change for Interface 2.
INFO: 10/23/2020 02:27:59 AM MESSAGE:    No Change for Interface controller 1.
INFO: 10/23/2020 02:27:59 AM MESSAGE:    No Change for Interface 3.
INFO: 10/23/2020 02:27:59 AM MESSAGE:    No Change for Interface 4.
INFO: 10/23/2020 02:27:59 AM MESSAGE:    No Change for Interface 5.
INFO: 10/23/2020 02:27:59 AM MESSAGE:    No Change for Interface 6.
INFO: 10/23/2020 02:27:59 AM MESSAGE:    No Change for Interface 7.
INFO: 10/23/2020 02:27:59 AM MESSAGE:    No Change for Interface 8.
INFO: 10/23/2020 02:27:59 AM MESSAGE:    No Change for Interface 9.
INFO: 10/23/2020 02:28:00 AM MESSAGE:    No Change for Spoke HA in Element ION_SFO.
WARNING: 10/23/2020 02:28:00 AM WARNING: Routing Prefix List auto-prefix-adv-and-distribute is auto_generated. Skipping.
WARNING: 10/23/2020 02:28:00 AM WARNING: Routing Prefix List auto-prefix-adv-no-distribute is auto_generated. Skipping.
INFO: 10/23/2020 02:28:00 AM MESSAGE:    No Change for BGP Global Config 16034200481020134.
INFO: 10/23/2020 02:28:00 AM MESSAGE:    No Change for NTP 16034197339450172.
INFO: 10/23/2020 02:28:00 AM MESSAGE:    No Change for Toolkit 16034197492930245.
INFO: 10/23/2020 02:28:00 AM MESSAGE: No Change for Site SITE_SFO state (active).
INFO: 10/23/2020 02:28:00 AM MESSAGE: DONE
INFO: 10/23/2020 02:28:15 AM MESSAGE: No Change for Site SITE_SFO.
INFO: 10/23/2020 02:28:15 AM MESSAGE:  No Change for Waninterface Circuit to AT&T.
INFO: 10/23/2020 02:28:15 AM MESSAGE:  No Change for Waninterface Circuit to Verizon.
INFO: 10/23/2020 02:28:16 AM MESSAGE:  Element: Code is at correct version 5.4.1-b15.
INFO: 10/23/2020 02:28:16 AM MESSAGE:   No Change for Element ION_SFO.
INFO: 10/23/2020 02:28:16 AM MESSAGE:    No Change for Interface 1.
INFO: 10/23/2020 02:28:16 AM MESSAGE:    No Change for Interface 2.
INFO: 10/23/2020 02:28:16 AM MESSAGE:    No Change for Interface controller 1.
INFO: 10/23/2020 02:28:16 AM MESSAGE:    No Change for Interface 3.
INFO: 10/23/2020 02:28:16 AM MESSAGE:    No Change for Interface 4.
INFO: 10/23/2020 02:28:16 AM MESSAGE:    No Change for Interface 5.
INFO: 10/23/2020 02:28:16 AM MESSAGE:    No Change for Interface 6.
INFO: 10/23/2020 02:28:16 AM MESSAGE:    No Change for Interface 7.
INFO: 10/23/2020 02:28:17 AM MESSAGE:    No Change for Interface 8.
INFO: 10/23/2020 02:28:17 AM MESSAGE:    No Change for Interface 9.
INFO: 10/23/2020 02:28:17 AM MESSAGE:    No Change for Spoke HA in Element ION_SFO.
WARNING: 10/23/2020 02:28:17 AM WARNING: Routing Prefix List auto-prefix-adv-and-distribute is auto_generated. Skipping.
WARNING: 10/23/2020 02:28:17 AM WARNING: Routing Prefix List auto-prefix-adv-no-distribute is auto_generated. Skipping.
INFO: 10/23/2020 02:28:17 AM MESSAGE:    No Change for BGP Global Config 16034200481020134.
INFO: 10/23/2020 02:28:17 AM MESSAGE:    No Change for NTP 16034197339450172.
INFO: 10/23/2020 02:28:17 AM MESSAGE:    No Change for Toolkit 16034197492930245.
INFO: 10/23/2020 02:28:17 AM MESSAGE: No Change for Site SITE_SFO state (active).
INFO: 10/23/2020 02:28:17 AM MESSAGE: DONE
INFO: 10/23/2020 02:31:33 AM MESSAGE: No Change for Site SITE_SFO.
INFO: 10/23/2020 02:31:33 AM MESSAGE:  No Change for Waninterface Circuit to AT&T.
INFO: 10/23/2020 02:31:33 AM MESSAGE:  No Change for Waninterface Circuit to Verizon.
INFO: 10/23/2020 02:31:34 AM MESSAGE:  Element: Code is at correct version 5.4.1-b15.
INFO: 10/23/2020 02:31:34 AM MESSAGE:   No Change for Element ION_SFO.
INFO: 10/23/2020 02:31:34 AM MESSAGE:    No Change for Interface 1.
INFO: 10/23/2020 02:31:34 AM MESSAGE:    No Change for Interface 2.
INFO: 10/23/2020 02:31:34 AM MESSAGE:    No Change for Interface controller 1.
INFO: 10/23/2020 02:31:34 AM MESSAGE:    No Change for Interface 3.
INFO: 10/23/2020 02:31:34 AM MESSAGE:    No Change for Interface 4.
INFO: 10/23/2020 02:31:34 AM MESSAGE:    No Change for Interface 5.
INFO: 10/23/2020 02:31:34 AM MESSAGE:    No Change for Interface 6.
INFO: 10/23/2020 02:31:34 AM MESSAGE:    No Change for Interface 7.
INFO: 10/23/2020 02:31:34 AM MESSAGE:    No Change for Interface 8.
INFO: 10/23/2020 02:31:35 AM MESSAGE:    No Change for Interface 9.
INFO: 10/23/2020 02:31:35 AM MESSAGE:    No Change for Spoke HA in Element ION_SFO.
WARNING: 10/23/2020 02:31:35 AM WARNING: Routing Prefix List auto-prefix-adv-and-distribute is auto_generated. Skipping.
WARNING: 10/23/2020 02:31:35 AM WARNING: Routing Prefix List auto-prefix-adv-no-distribute is auto_generated. Skipping.
INFO: 10/23/2020 02:31:35 AM MESSAGE:    No Change for BGP Global Config 16034200481020134.
INFO: 10/23/2020 02:31:35 AM MESSAGE:    No Change for NTP 16034197339450172.
INFO: 10/23/2020 02:31:35 AM MESSAGE:    No Change for Toolkit 16034197492930245.
INFO: 10/23/2020 02:31:35 AM MESSAGE: No Change for Site SITE_SFO state (active).
INFO: 10/23/2020 02:31:35 AM MESSAGE: DONE
INFO: 10/24/2020 02:03:29 AM MESSAGE: Created Site SITE_SFO.
INFO: 10/24/2020 02:03:29 AM MESSAGE:  Created waninterface Circuit to AT&T.
INFO: 10/24/2020 02:03:30 AM MESSAGE:  Created waninterface Circuit to Verizon.
INFO: 10/24/2020 02:03:30 AM MESSAGE:  Machine 42105040-2306-707f-aaf4-2b273808c47b is not CLAIMED, attempting to claim..
INFO: 10/24/2020 02:03:30 AM MESSAGE:  Checking Machine 42105040-2306-707f-aaf4-2b273808c47b..
INFO: 10/24/2020 02:03:30 AM MESSAGE:   Unclaimed(allocated). Beginning Claim process..
INFO: 10/24/2020 02:03:31 AM MESSAGE:   Machine 42105040-2306-707f-aaf4-2b273808c47b still claiming, waited so far 0 seconds out of 5.
ERROR: 10/24/2020 02:03:37 AM ERROR: Machine 42105040-2306-707f-aaf4-2b273808c47b Claim took longer than 5 seconds. Exiting.
INFO: 10/24/2020 02:09:31 AM MESSAGE: No Change for Site SITE_SFO.
INFO: 10/24/2020 02:09:31 AM MESSAGE:  No Change for Waninterface Circuit to AT&T.
INFO: 10/24/2020 02:09:31 AM MESSAGE:  No Change for Waninterface Circuit to Verizon.
INFO: 10/24/2020 02:09:31 AM MESSAGE:  Element: Code is at correct version 5.4.1-b15.
INFO: 10/24/2020 02:09:31 AM MESSAGE:   Assigning Element Serial: 42105040-2306-707f-aaf4-2b273808c47b.
INFO: 10/24/2020 02:09:31 AM MESSAGE:   Element Serial: 42105040-2306-707f-aaf4-2b273808c47b not yet in requested state(s): bound (is bound_in_progress). Waited so far 0 seconds out of 5.
ERROR: 10/24/2020 02:09:38 AM ERROR: Element Serial: 42105040-2306-707f-aaf4-2b273808c47b state transition took longer than 5 seconds. Exiting.
INFO: 10/24/2020 02:09:49 AM MESSAGE: No Change for Site SITE_SFO.
INFO: 10/24/2020 02:09:49 AM MESSAGE:  No Change for Waninterface Circuit to AT&T.
INFO: 10/24/2020 02:09:49 AM MESSAGE:  No Change for Waninterface Circuit to Verizon.
INFO: 10/24/2020 02:09:49 AM MESSAGE:  Element: Code is at correct version 5.4.1-b15.
INFO: 10/24/2020 02:09:49 AM MESSAGE:   No Change for Element ION_SFO.
INFO: 10/24/2020 02:09:49 AM MESSAGE:    Updated Interface 1 (Etag 3 -> 4).
INFO: 10/24/2020 02:09:50 AM MESSAGE:    No Change for Interface 2.
INFO: 10/24/2020 02:09:50 AM MESSAGE:    No Change for Interface controller 1.
INFO: 10/24/2020 02:09:50 AM MESSAGE:    No Change for Interface 3.
INFO: 10/24/2020 02:09:50 AM MESSAGE:    No Change for Interface 4.
INFO: 10/24/2020 02:09:50 AM MESSAGE:    No Change for Interface 5.
INFO: 10/24/2020 02:09:50 AM MESSAGE:    No Change for Interface 6.
INFO: 10/24/2020 02:09:50 AM MESSAGE:    No Change for Interface 7.
INFO: 10/24/2020 02:09:50 AM MESSAGE:    No Change for Interface 8.
INFO: 10/24/2020 02:09:50 AM MESSAGE:    No Change for Interface 9.
INFO: 10/24/2020 02:09:50 AM MESSAGE:    No Change for Spoke HA in Element ION_SFO.
WARNING: 10/24/2020 02:09:50 AM WARNING: Routing Prefix List auto-prefix-adv-and-distribute is auto_generated. Skipping.
WARNING: 10/24/2020 02:09:50 AM WARNING: Routing Prefix List auto-prefix-adv-no-distribute is auto_generated. Skipping.
INFO: 10/24/2020 02:09:51 AM MESSAGE:    No Change for BGP Global Config 16035053739280119.
INFO: 10/24/2020 02:09:51 AM MESSAGE:    No Change for NTP 16035050111570068.
INFO: 10/24/2020 02:09:51 AM MESSAGE:    No Change for Toolkit 16035050363110136.
INFO: 10/24/2020 02:09:51 AM MESSAGE: No Change for Site SITE_SFO state (active).
INFO: 10/24/2020 02:09:51 AM MESSAGE: DONE
INFO: 10/24/2020 02:10:01 AM MESSAGE: No Change for Site SITE_SFO.
INFO: 10/24/2020 02:10:01 AM MESSAGE:  No Change for Waninterface Circuit to AT&T.
INFO: 10/24/2020 02:10:01 AM MESSAGE:  No Change for Waninterface Circuit to Verizon.
INFO: 10/24/2020 02:10:02 AM MESSAGE:  Element: Code is at correct version 5.4.1-b15.
INFO: 10/24/2020 02:10:02 AM MESSAGE:   No Change for Element ION_SFO.
INFO: 10/24/2020 02:10:02 AM MESSAGE:    No Change for Interface 1.
INFO: 10/24/2020 02:10:02 AM MESSAGE:    No Change for Interface 2.
INFO: 10/24/2020 02:10:02 AM MESSAGE:    No Change for Interface controller 1.
INFO: 10/24/2020 02:10:02 AM MESSAGE:    No Change for Interface 3.
INFO: 10/24/2020 02:10:02 AM MESSAGE:    No Change for Interface 4.
INFO: 10/24/2020 02:10:02 AM MESSAGE:    No Change for Interface 5.
INFO: 10/24/2020 02:10:02 AM MESSAGE:    No Change for Interface 6.
INFO: 10/24/2020 02:10:02 AM MESSAGE:    No Change for Interface 7.
INFO: 10/24/2020 02:10:02 AM MESSAGE:    No Change for Interface 8.
INFO: 10/24/2020 02:10:03 AM MESSAGE:    No Change for Interface 9.
INFO: 10/24/2020 02:10:03 AM MESSAGE:    No Change for Spoke HA in Element ION_SFO.
WARNING: 10/24/2020 02:10:03 AM WARNING: Routing Prefix List auto-prefix-adv-and-distribute is auto_generated. Skipping.
WARNING: 10/24/2020 02:10:03 AM WARNING: Routing Prefix List auto-prefix-adv-no-distribute is auto_generated. Skipping.
INFO: 10/24/2020 02:10:03 AM MESSAGE:    No Change for BGP Global Config 16035053739280119.
INFO: 10/24/2020 02:10:03 AM MESSAGE:    No Change for NTP 16035050111570068.
INFO: 10/24/2020 02:10:03 AM MESSAGE:    No Change for Toolkit 16035050363110136.
INFO: 10/24/2020 02:10:03 AM MESSAGE: No Change for Site SITE_SFO state (active).
INFO: 10/24/2020 02:10:03 AM MESSAGE: DONE
INFO: 10/24/2020 07:19:49 AM MESSAGE: Created Site SITE_SFO.
INFO: 10/24/2020 07:19:49 AM MESSAGE:  Created waninterface Circuit to AT&T.
INFO: 10/24/2020 07:19:50 AM MESSAGE:  Created waninterface Circuit to Verizon.
INFO: 10/24/2020 07:19:51 AM MESSAGE:  Machine 42105040-2306-707f-aaf4-2b273808c47b is not CLAIMED, attempting to claim..
INFO: 10/24/2020 07:19:51 AM MESSAGE:  Checking Machine 42105040-2306-707f-aaf4-2b273808c47b..
INFO: 10/24/2020 07:19:52 AM MESSAGE:   Unclaimed(allocated). Beginning Claim process..
INFO: 10/24/2020 07:19:52 AM MESSAGE:   Machine 42105040-2306-707f-aaf4-2b273808c47b still claiming, waited so far 0 seconds out of 5.
ERROR: 10/24/2020 07:19:58 AM ERROR: Machine 42105040-2306-707f-aaf4-2b273808c47b Claim took longer than 5 seconds. Exiting.
INFO: 10/24/2020 07:25:47 AM MESSAGE: No Change for Site SITE_SFO.
INFO: 10/24/2020 07:25:47 AM MESSAGE:  No Change for Waninterface Circuit to AT&T.
INFO: 10/24/2020 07:25:47 AM MESSAGE:  No Change for Waninterface Circuit to Verizon.
INFO: 10/24/2020 07:25:47 AM MESSAGE:   Element Serial: 42105040-2306-707f-aaf4-2b273808c47b not yet in requested state(s): ready, bound (is init). Waited so far 0 seconds out of 5.
ERROR: 10/24/2020 07:25:53 AM ERROR: Element Serial: 42105040-2306-707f-aaf4-2b273808c47b state transition took longer than 5 seconds. Exiting.
INFO: 10/24/2020 07:26:05 AM MESSAGE: No Change for Site SITE_SFO.
INFO: 10/24/2020 07:26:05 AM MESSAGE:  No Change for Waninterface Circuit to AT&T.
INFO: 10/24/2020 07:26:05 AM MESSAGE:  No Change for Waninterface Circuit to Verizon.
INFO: 10/24/2020 07:26:05 AM MESSAGE:   Element Serial: 42105040-2306-707f-aaf4-2b273808c47b not yet in requested state(s): ready, bound (is init). Waited so far 0 seconds out of 5.
ERROR: 10/24/2020 07:26:11 AM ERROR: Element Serial: 42105040-2306-707f-aaf4-2b273808c47b state transition took longer than 5 seconds. Exiting.
