WARNING: 10/23/2020 01:57:42 AM WARNING: Site WAN Interface is missing a name. Please correct this in UI. Setting to "Circuit to AT&T" in YAML file, but this may cause issues if configuration is re-applied to site.
WARNING: 10/23/2020 01:57:42 AM WARNING: Site WAN Interface is missing a name. Please correct this in UI. Setting to "Circuit to Verizon" in YAML file, but this may cause issues if configuration is re-applied to site.
INFO: 10/23/2020 02:21:38 AM MESSAGE: Created Site SITE_Madagascar.
INFO: 10/23/2020 02:21:38 AM MESSAGE:  Created waninterface Circuit to AT&T.
INFO: 10/23/2020 02:21:38 AM MESSAGE:  Created waninterface Circuit to Verizon.
INFO: 10/23/2020 02:21:38 AM MESSAGE:  Machine 4210b512-5243-d410-01cb-e8bd6e482e14 is not CLAIMED, attempting to claim..
INFO: 10/23/2020 02:21:38 AM MESSAGE:  Checking Machine 4210b512-5243-d410-01cb-e8bd6e482e14..
INFO: 10/23/2020 02:21:38 AM MESSAGE:   Unclaimed(allocated). Beginning Claim process..
INFO: 10/23/2020 02:21:38 AM MESSAGE:   Machine 4210b512-5243-d410-01cb-e8bd6e482e14 still claiming, waited so far 0 seconds out of 5.
ERROR: 10/23/2020 02:21:45 AM ERROR: Machine 4210b512-5243-d410-01cb-e8bd6e482e14 Claim took longer than 5 seconds. Exiting.
INFO: 10/23/2020 02:24:39 AM MESSAGE: No Change for Site SITE_Madagascar.
INFO: 10/23/2020 02:24:40 AM MESSAGE:  No Change for Waninterface Circuit to AT&T.
INFO: 10/23/2020 02:24:40 AM MESSAGE:  No Change for Waninterface Circuit to Verizon.
INFO: 10/23/2020 02:24:40 AM MESSAGE:  Element: Code is at correct version 5.4.3-a8.
INFO: 10/23/2020 02:24:40 AM MESSAGE:   Assigning Element Serial: 4210b512-5243-d410-01cb-e8bd6e482e14.
INFO: 10/23/2020 02:24:40 AM MESSAGE:   Element Serial: 4210b512-5243-d410-01cb-e8bd6e482e14 not yet in requested state(s): bound (is bound_in_progress). Waited so far 0 seconds out of 5.
ERROR: 10/23/2020 02:24:46 AM ERROR: Element Serial: 4210b512-5243-d410-01cb-e8bd6e482e14 state transition took longer than 5 seconds. Exiting.
INFO: 10/23/2020 02:24:55 AM MESSAGE: No Change for Site SITE_Madagascar.
INFO: 10/23/2020 02:24:55 AM MESSAGE:  No Change for Waninterface Circuit to AT&T.
INFO: 10/23/2020 02:24:55 AM MESSAGE:  No Change for Waninterface Circuit to Verizon.
INFO: 10/23/2020 02:24:56 AM MESSAGE:  Element: Code is at correct version 5.4.3-a8.
INFO: 10/23/2020 02:24:56 AM MESSAGE:   No Change for Element ION_MADAGASCAR.
INFO: 10/23/2020 02:24:56 AM MESSAGE:    Updated Interface 1 (Etag 3 -> 4).
INFO: 10/23/2020 02:24:56 AM MESSAGE:    No Change for Interface 2.
INFO: 10/23/2020 02:24:56 AM MESSAGE:    No Change for Interface controller 1.
INFO: 10/23/2020 02:24:56 AM MESSAGE:    No Change for Interface 3.
INFO: 10/23/2020 02:24:57 AM MESSAGE:    No Change for Interface 4.
INFO: 10/23/2020 02:24:57 AM MESSAGE:    No Change for Interface 5.
INFO: 10/23/2020 02:24:57 AM MESSAGE:    No Change for Interface 6.
INFO: 10/23/2020 02:24:57 AM MESSAGE:    No Change for Interface 7.
INFO: 10/23/2020 02:24:57 AM MESSAGE:    No Change for Interface 8.
INFO: 10/23/2020 02:24:57 AM MESSAGE:    No Change for Interface 9.
INFO: 10/23/2020 02:24:57 AM MESSAGE:    No Change for Spoke HA in Element ION_MADAGASCAR.
INFO: 10/23/2020 02:24:57 AM MESSAGE:    No Change for BGP Global Config 16034198838830164.
INFO: 10/23/2020 02:24:57 AM MESSAGE:    No Change for NTP 16034196989290222.
INFO: 10/23/2020 02:24:57 AM MESSAGE:    No Change for Toolkit 16034197136960020.
INFO: 10/23/2020 02:24:57 AM MESSAGE: No Change for Site SITE_Madagascar state (active).
INFO: 10/23/2020 02:24:58 AM MESSAGE: DONE
INFO: 10/23/2020 02:25:14 AM MESSAGE: No Change for Site SITE_Madagascar.
INFO: 10/23/2020 02:25:14 AM MESSAGE:  No Change for Waninterface Circuit to AT&T.
INFO: 10/23/2020 02:25:14 AM MESSAGE:  No Change for Waninterface Circuit to Verizon.
INFO: 10/23/2020 02:25:15 AM MESSAGE:  Element: Code is at correct version 5.4.3-a8.
INFO: 10/23/2020 02:25:15 AM MESSAGE:   No Change for Element ION_MADAGASCAR.
INFO: 10/23/2020 02:25:15 AM MESSAGE:    No Change for Interface 1.
INFO: 10/23/2020 02:25:15 AM MESSAGE:    No Change for Interface 2.
INFO: 10/23/2020 02:25:15 AM MESSAGE:    No Change for Interface controller 1.
INFO: 10/23/2020 02:25:15 AM MESSAGE:    No Change for Interface 3.
INFO: 10/23/2020 02:25:15 AM MESSAGE:    No Change for Interface 4.
INFO: 10/23/2020 02:25:15 AM MESSAGE:    No Change for Interface 5.
INFO: 10/23/2020 02:25:15 AM MESSAGE:    No Change for Interface 6.
INFO: 10/23/2020 02:25:15 AM MESSAGE:    No Change for Interface 7.
INFO: 10/23/2020 02:25:15 AM MESSAGE:    No Change for Interface 8.
INFO: 10/23/2020 02:25:16 AM MESSAGE:    No Change for Interface 9.
INFO: 10/23/2020 02:25:16 AM MESSAGE:    No Change for Spoke HA in Element ION_MADAGASCAR.
INFO: 10/23/2020 02:25:16 AM MESSAGE:    No Change for BGP Global Config 16034198838830164.
INFO: 10/23/2020 02:25:16 AM MESSAGE:    No Change for NTP 16034196989290222.
INFO: 10/23/2020 02:25:16 AM MESSAGE:    No Change for Toolkit 16034197136960020.
INFO: 10/23/2020 02:25:16 AM MESSAGE: No Change for Site SITE_Madagascar state (active).
INFO: 10/23/2020 02:25:16 AM MESSAGE: DONE
INFO: 10/23/2020 02:25:26 AM MESSAGE: No Change for Site SITE_Madagascar.
INFO: 10/23/2020 02:25:26 AM MESSAGE:  No Change for Waninterface Circuit to AT&T.
INFO: 10/23/2020 02:25:26 AM MESSAGE:  No Change for Waninterface Circuit to Verizon.
INFO: 10/23/2020 02:25:26 AM MESSAGE:  Element: Code is at correct version 5.4.3-a8.
INFO: 10/23/2020 02:25:26 AM MESSAGE:   No Change for Element ION_MADAGASCAR.
INFO: 10/23/2020 02:25:26 AM MESSAGE:    No Change for Interface 1.
INFO: 10/23/2020 02:25:27 AM MESSAGE:    No Change for Interface 2.
INFO: 10/23/2020 02:25:27 AM MESSAGE:    No Change for Interface controller 1.
INFO: 10/23/2020 02:25:27 AM MESSAGE:    No Change for Interface 3.
INFO: 10/23/2020 02:25:27 AM MESSAGE:    No Change for Interface 4.
INFO: 10/23/2020 02:25:27 AM MESSAGE:    No Change for Interface 5.
INFO: 10/23/2020 02:25:27 AM MESSAGE:    No Change for Interface 6.
INFO: 10/23/2020 02:25:27 AM MESSAGE:    No Change for Interface 7.
INFO: 10/23/2020 02:25:27 AM MESSAGE:    No Change for Interface 8.
INFO: 10/23/2020 02:25:27 AM MESSAGE:    No Change for Interface 9.
INFO: 10/23/2020 02:25:27 AM MESSAGE:    No Change for Spoke HA in Element ION_MADAGASCAR.
INFO: 10/23/2020 02:25:27 AM MESSAGE:    No Change for BGP Global Config 16034198838830164.
INFO: 10/23/2020 02:25:27 AM MESSAGE:    No Change for NTP 16034196989290222.
INFO: 10/23/2020 02:25:28 AM MESSAGE:    No Change for Toolkit 16034197136960020.
INFO: 10/23/2020 02:25:28 AM MESSAGE: No Change for Site SITE_Madagascar state (active).
INFO: 10/23/2020 02:25:28 AM MESSAGE: DONE
