WARNING: 10/23/2020 01:57:52 AM WARNING: Site WAN Interface is missing a name. Please correct this in UI. Setting to "Circuit to BSNL" in YAML file, but this may cause issues if configuration is re-applied to site.
WARNING: 10/23/2020 01:57:52 AM WARNING: Site WAN Interface is missing a name. Please correct this in UI. Setting to "Circuit to Jio" in YAML file, but this may cause issues if configuration is re-applied to site.
INFO: 10/23/2020 02:22:21 AM MESSAGE: Created Site SITE_Ottawa.
INFO: 10/23/2020 02:22:21 AM MESSAGE:  Created waninterface Circuit to BSNL.
INFO: 10/23/2020 02:22:21 AM MESSAGE:  Created waninterface Circuit to Jio.
INFO: 10/23/2020 02:22:21 AM MESSAGE:  Machine 42104b4e-0494-1acd-04b3-5dd1b0e40bfc is not CLAIMED, attempting to claim..
INFO: 10/23/2020 02:22:21 AM MESSAGE:  Checking Machine 42104b4e-0494-1acd-04b3-5dd1b0e40bfc..
INFO: 10/23/2020 02:22:21 AM MESSAGE:   Unclaimed(allocated). Beginning Claim process..
INFO: 10/23/2020 02:22:22 AM MESSAGE:   Machine 42104b4e-0494-1acd-04b3-5dd1b0e40bfc still claiming, waited so far 0 seconds out of 5.
ERROR: 10/23/2020 02:22:28 AM ERROR: Machine 42104b4e-0494-1acd-04b3-5dd1b0e40bfc Claim took longer than 5 seconds. Exiting.
INFO: 10/23/2020 02:28:28 AM MESSAGE: No Change for Site SITE_Ottawa.
INFO: 10/23/2020 02:28:29 AM MESSAGE:  No Change for Waninterface Circuit to BSNL.
INFO: 10/23/2020 02:28:29 AM MESSAGE:  No Change for Waninterface Circuit to Jio.
INFO: 10/23/2020 02:28:29 AM MESSAGE:  Element: Code is at correct version 5.4.3-a7.
INFO: 10/23/2020 02:28:29 AM MESSAGE:   Assigning Element Serial: 42104b4e-0494-1acd-04b3-5dd1b0e40bfc.
INFO: 10/23/2020 02:28:29 AM MESSAGE:   Element Serial: 42104b4e-0494-1acd-04b3-5dd1b0e40bfc not yet in requested state(s): bound (is bound_in_progress). Waited so far 0 seconds out of 5.
ERROR: 10/23/2020 02:28:35 AM ERROR: Element Serial: 42104b4e-0494-1acd-04b3-5dd1b0e40bfc state transition took longer than 5 seconds. Exiting.
INFO: 10/23/2020 02:28:45 AM MESSAGE: No Change for Site SITE_Ottawa.
INFO: 10/23/2020 02:28:46 AM MESSAGE:  No Change for Waninterface Circuit to BSNL.
INFO: 10/23/2020 02:28:46 AM MESSAGE:  No Change for Waninterface Circuit to Jio.
INFO: 10/23/2020 02:28:46 AM MESSAGE:  Element: Code is at correct version 5.4.3-a7.
INFO: 10/23/2020 02:28:46 AM MESSAGE:   No Change for Element ION_CANADA.
INFO: 10/23/2020 02:28:46 AM MESSAGE:    Updated Interface 1 (Etag 3 -> 4).
INFO: 10/23/2020 02:28:46 AM MESSAGE:    No Change for Interface 2.
INFO: 10/23/2020 02:28:46 AM MESSAGE:    No Change for Interface controller 1.
INFO: 10/23/2020 02:28:47 AM MESSAGE:    No Change for Interface 3.
INFO: 10/23/2020 02:28:47 AM MESSAGE:    No Change for Spoke HA in Element ION_CANADA.
INFO: 10/23/2020 02:28:47 AM MESSAGE:    No Change for BGP Global Config 16034201116080088.
INFO: 10/23/2020 02:28:47 AM MESSAGE:    No Change for NTP 16034197417960104.
INFO: 10/23/2020 02:28:47 AM MESSAGE:    No Change for Toolkit 16034197568780245.
INFO: 10/23/2020 02:28:47 AM MESSAGE: No Change for Site SITE_Ottawa state (active).
INFO: 10/23/2020 02:28:47 AM MESSAGE: DONE
INFO: 10/23/2020 02:28:59 AM MESSAGE: No Change for Site SITE_Ottawa.
INFO: 10/23/2020 02:28:59 AM MESSAGE:  No Change for Waninterface Circuit to BSNL.
INFO: 10/23/2020 02:28:59 AM MESSAGE:  No Change for Waninterface Circuit to Jio.
INFO: 10/23/2020 02:29:00 AM MESSAGE:  Element: Code is at correct version 5.4.3-a7.
INFO: 10/23/2020 02:29:00 AM MESSAGE:   No Change for Element ION_CANADA.
INFO: 10/23/2020 02:29:00 AM MESSAGE:    No Change for Interface 1.
INFO: 10/23/2020 02:29:00 AM MESSAGE:    No Change for Interface 2.
INFO: 10/23/2020 02:29:00 AM MESSAGE:    No Change for Interface controller 1.
INFO: 10/23/2020 02:29:00 AM MESSAGE:    No Change for Interface 3.
INFO: 10/23/2020 02:29:00 AM MESSAGE:    No Change for Spoke HA in Element ION_CANADA.
INFO: 10/23/2020 02:29:00 AM MESSAGE:    No Change for BGP Global Config 16034201116080088.
INFO: 10/23/2020 02:29:01 AM MESSAGE:    No Change for NTP 16034197417960104.
INFO: 10/23/2020 02:29:01 AM MESSAGE:    No Change for Toolkit 16034197568780245.
INFO: 10/23/2020 02:29:01 AM MESSAGE: No Change for Site SITE_Ottawa state (active).
INFO: 10/23/2020 02:29:01 AM MESSAGE: DONE
INFO: 10/24/2020 02:03:38 AM MESSAGE: Created Site SITE_Ottawa.
INFO: 10/24/2020 02:03:38 AM MESSAGE:  Created waninterface Circuit to BSNL.
INFO: 10/24/2020 02:03:39 AM MESSAGE:  Created waninterface Circuit to Jio.
INFO: 10/24/2020 02:03:39 AM MESSAGE:  Machine 42104b4e-0494-1acd-04b3-5dd1b0e40bfc is not CLAIMED, attempting to claim..
INFO: 10/24/2020 02:03:39 AM MESSAGE:  Checking Machine 42104b4e-0494-1acd-04b3-5dd1b0e40bfc..
INFO: 10/24/2020 02:03:39 AM MESSAGE:   Unclaimed(allocated). Beginning Claim process..
INFO: 10/24/2020 02:03:40 AM MESSAGE:   Machine 42104b4e-0494-1acd-04b3-5dd1b0e40bfc still claiming, waited so far 0 seconds out of 5.
ERROR: 10/24/2020 02:03:46 AM ERROR: Machine 42104b4e-0494-1acd-04b3-5dd1b0e40bfc Claim took longer than 5 seconds. Exiting.
INFO: 10/24/2020 02:10:22 AM MESSAGE: No Change for Site SITE_Ottawa.
INFO: 10/24/2020 02:10:22 AM MESSAGE:  No Change for Waninterface Circuit to BSNL.
INFO: 10/24/2020 02:10:22 AM MESSAGE:  No Change for Waninterface Circuit to Jio.
INFO: 10/24/2020 02:10:23 AM MESSAGE:  Element: Code is at correct version 5.4.3-a7.
INFO: 10/24/2020 02:10:23 AM MESSAGE:   Assigning Element Serial: 42104b4e-0494-1acd-04b3-5dd1b0e40bfc.
INFO: 10/24/2020 02:10:24 AM MESSAGE:   Element Serial: 42104b4e-0494-1acd-04b3-5dd1b0e40bfc not yet in requested state(s): bound (is bound_in_progress). Waited so far 0 seconds out of 5.
ERROR: 10/24/2020 02:10:30 AM ERROR: Element Serial: 42104b4e-0494-1acd-04b3-5dd1b0e40bfc state transition took longer than 5 seconds. Exiting.
INFO: 10/24/2020 02:10:43 AM MESSAGE: No Change for Site SITE_Ottawa.
INFO: 10/24/2020 02:10:43 AM MESSAGE:  No Change for Waninterface Circuit to BSNL.
INFO: 10/24/2020 02:10:43 AM MESSAGE:  No Change for Waninterface Circuit to Jio.
INFO: 10/24/2020 02:10:43 AM MESSAGE:  Element: Code is at correct version 5.4.3-a7.
INFO: 10/24/2020 02:10:43 AM MESSAGE:   No Change for Element ION_CANADA.
INFO: 10/24/2020 02:10:43 AM MESSAGE:    Updated Interface 1 (Etag 3 -> 4).
INFO: 10/24/2020 02:10:43 AM MESSAGE:    No Change for Interface 2.
INFO: 10/24/2020 02:10:44 AM MESSAGE:    No Change for Interface controller 1.
INFO: 10/24/2020 02:10:44 AM MESSAGE:    No Change for Interface 3.
INFO: 10/24/2020 02:10:44 AM MESSAGE:    No Change for Spoke HA in Element ION_CANADA.
INFO: 10/24/2020 02:10:44 AM MESSAGE:    No Change for BGP Global Config 16035054258730052.
INFO: 10/24/2020 02:10:44 AM MESSAGE:    No Change for NTP 16035050200260156.
INFO: 10/24/2020 02:10:44 AM MESSAGE:    No Change for Toolkit 16035050368000162.
INFO: 10/24/2020 02:10:44 AM MESSAGE: No Change for Site SITE_Ottawa state (active).
INFO: 10/24/2020 02:10:44 AM MESSAGE: DONE
INFO: 10/24/2020 02:10:56 AM MESSAGE: No Change for Site SITE_Ottawa.
INFO: 10/24/2020 02:10:56 AM MESSAGE:  No Change for Waninterface Circuit to BSNL.
INFO: 10/24/2020 02:10:56 AM MESSAGE:  No Change for Waninterface Circuit to Jio.
INFO: 10/24/2020 02:10:57 AM MESSAGE:  Element: Code is at correct version 5.4.3-a7.
INFO: 10/24/2020 02:10:57 AM MESSAGE:   No Change for Element ION_CANADA.
INFO: 10/24/2020 02:10:57 AM MESSAGE:    No Change for Interface 1.
INFO: 10/24/2020 02:10:57 AM MESSAGE:    No Change for Interface 2.
INFO: 10/24/2020 02:10:57 AM MESSAGE:    No Change for Interface controller 1.
INFO: 10/24/2020 02:10:57 AM MESSAGE:    No Change for Interface 3.
INFO: 10/24/2020 02:10:57 AM MESSAGE:    No Change for Spoke HA in Element ION_CANADA.
INFO: 10/24/2020 02:10:57 AM MESSAGE:    No Change for BGP Global Config 16035054258730052.
INFO: 10/24/2020 02:10:57 AM MESSAGE:    No Change for NTP 16035050200260156.
INFO: 10/24/2020 02:10:57 AM MESSAGE:    No Change for Toolkit 16035050368000162.
INFO: 10/24/2020 02:10:58 AM MESSAGE: No Change for Site SITE_Ottawa state (active).
INFO: 10/24/2020 02:10:58 AM MESSAGE: DONE
INFO: 10/24/2020 07:20:00 AM MESSAGE: Created Site SITE_Ottawa.
INFO: 10/24/2020 07:20:00 AM MESSAGE:  Created waninterface Circuit to BSNL.
INFO: 10/24/2020 07:20:00 AM MESSAGE:  Created waninterface Circuit to Jio.
INFO: 10/24/2020 07:20:00 AM MESSAGE:  Machine 42104b4e-0494-1acd-04b3-5dd1b0e40bfc is not CLAIMED, attempting to claim..
INFO: 10/24/2020 07:20:00 AM MESSAGE:  Checking Machine 42104b4e-0494-1acd-04b3-5dd1b0e40bfc..
INFO: 10/24/2020 07:20:00 AM MESSAGE:   Unclaimed(allocated). Beginning Claim process..
INFO: 10/24/2020 07:20:01 AM MESSAGE:   Machine 42104b4e-0494-1acd-04b3-5dd1b0e40bfc still claiming, waited so far 0 seconds out of 5.
ERROR: 10/24/2020 07:20:07 AM ERROR: Machine 42104b4e-0494-1acd-04b3-5dd1b0e40bfc Claim took longer than 5 seconds. Exiting.
INFO: 10/24/2020 07:26:56 AM MESSAGE: No Change for Site SITE_Ottawa.
INFO: 10/24/2020 07:26:56 AM MESSAGE:  No Change for Waninterface Circuit to BSNL.
INFO: 10/24/2020 07:26:56 AM MESSAGE:  No Change for Waninterface Circuit to Jio.
INFO: 10/24/2020 07:26:57 AM MESSAGE:   Element Serial: 42104b4e-0494-1acd-04b3-5dd1b0e40bfc not yet in requested state(s): ready, bound (is init). Waited so far 0 seconds out of 5.
ERROR: 10/24/2020 07:27:03 AM ERROR: Element Serial: 42104b4e-0494-1acd-04b3-5dd1b0e40bfc state transition took longer than 5 seconds. Exiting.
INFO: 10/24/2020 07:27:16 AM MESSAGE: No Change for Site SITE_Ottawa.
INFO: 10/24/2020 07:27:16 AM MESSAGE:  No Change for Waninterface Circuit to BSNL.
INFO: 10/24/2020 07:27:16 AM MESSAGE:  No Change for Waninterface Circuit to Jio.
INFO: 10/24/2020 07:27:16 AM MESSAGE:   Element Serial: 42104b4e-0494-1acd-04b3-5dd1b0e40bfc not yet in requested state(s): ready, bound (is init). Waited so far 0 seconds out of 5.
ERROR: 10/24/2020 07:27:22 AM ERROR: Element Serial: 42104b4e-0494-1acd-04b3-5dd1b0e40bfc state transition took longer than 5 seconds. Exiting.
INFO: 10/24/2020 07:27:31 AM MESSAGE: No Change for Site SITE_Ottawa.
INFO: 10/24/2020 07:27:31 AM MESSAGE:  No Change for Waninterface Circuit to BSNL.
INFO: 10/24/2020 07:27:32 AM MESSAGE:  No Change for Waninterface Circuit to Jio.
INFO: 10/24/2020 07:27:32 AM MESSAGE:   Element Serial: 42104b4e-0494-1acd-04b3-5dd1b0e40bfc not yet in requested state(s): ready, bound (is init). Waited so far 0 seconds out of 5.
ERROR: 10/24/2020 07:27:38 AM ERROR: Element Serial: 42104b4e-0494-1acd-04b3-5dd1b0e40bfc state transition took longer than 5 seconds. Exiting.
INFO: 10/24/2020 07:27:48 AM MESSAGE: No Change for Site SITE_Ottawa.
INFO: 10/24/2020 07:27:48 AM MESSAGE:  No Change for Waninterface Circuit to BSNL.
INFO: 10/24/2020 07:27:48 AM MESSAGE:  No Change for Waninterface Circuit to Jio.
INFO: 10/24/2020 07:27:48 AM MESSAGE:   Element Serial: 42104b4e-0494-1acd-04b3-5dd1b0e40bfc not yet in requested state(s): ready, bound (is init). Waited so far 0 seconds out of 5.
ERROR: 10/24/2020 07:27:54 AM ERROR: Element Serial: 42104b4e-0494-1acd-04b3-5dd1b0e40bfc state transition took longer than 5 seconds. Exiting.
INFO: 10/24/2020 08:11:45 AM MESSAGE: Created Site SITE_Ottawa.
INFO: 10/24/2020 08:11:45 AM MESSAGE:  Created waninterface Circuit to BSNL.
INFO: 10/24/2020 08:11:45 AM MESSAGE:  Created waninterface Circuit to Jio.
INFO: 10/24/2020 08:11:45 AM MESSAGE:  Element: Code is at correct version 5.4.3-a7.
INFO: 10/24/2020 08:11:45 AM MESSAGE:   Assigning Element Serial: 42104b4e-0494-1acd-04b3-5dd1b0e40bfc.
INFO: 10/24/2020 08:11:46 AM MESSAGE:   Element Serial: 42104b4e-0494-1acd-04b3-5dd1b0e40bfc not yet in requested state(s): bound (is bound_in_progress). Waited so far 0 seconds out of 5.
ERROR: 10/24/2020 08:11:52 AM ERROR: Element Serial: 42104b4e-0494-1acd-04b3-5dd1b0e40bfc state transition took longer than 5 seconds. Exiting.
INFO: 10/24/2020 08:16:55 AM MESSAGE: No Change for Site SITE_Ottawa.
INFO: 10/24/2020 08:16:55 AM MESSAGE:  No Change for Waninterface Circuit to BSNL.
INFO: 10/24/2020 08:16:55 AM MESSAGE:  No Change for Waninterface Circuit to Jio.
INFO: 10/24/2020 08:16:56 AM MESSAGE:  Element: Code is at correct version 5.4.3-a7.
INFO: 10/24/2020 08:16:56 AM MESSAGE:   No Change for Element ION_CANADA.
INFO: 10/24/2020 08:16:57 AM MESSAGE:    Updated Interface 1 (Etag 3 -> 4).
INFO: 10/24/2020 08:16:57 AM MESSAGE:    No Change for Interface 2.
INFO: 10/24/2020 08:16:57 AM MESSAGE:    No Change for Interface controller 1.
INFO: 10/24/2020 08:16:57 AM MESSAGE:    No Change for Interface 3.
INFO: 10/24/2020 08:16:57 AM MESSAGE:    No Change for Spoke HA in Element ION_CANADA.
INFO: 10/24/2020 08:16:57 AM MESSAGE:    No Change for BGP Global Config 16035271070920236.
INFO: 10/24/2020 08:16:57 AM MESSAGE:    No Change for NTP 16035240010860088.
INFO: 10/24/2020 08:16:57 AM MESSAGE:    No Change for Toolkit 16035269606830016.
INFO: 10/24/2020 08:16:57 AM MESSAGE: No Change for Site SITE_Ottawa state (active).
INFO: 10/24/2020 08:16:57 AM MESSAGE: DONE
INFO: 10/24/2020 08:17:08 AM MESSAGE: No Change for Site SITE_Ottawa.
INFO: 10/24/2020 08:17:09 AM MESSAGE:  No Change for Waninterface Circuit to BSNL.
INFO: 10/24/2020 08:17:09 AM MESSAGE:  No Change for Waninterface Circuit to Jio.
INFO: 10/24/2020 08:17:09 AM MESSAGE:  Element: Code is at correct version 5.4.3-a7.
INFO: 10/24/2020 08:17:09 AM MESSAGE:   No Change for Element ION_CANADA.
INFO: 10/24/2020 08:17:09 AM MESSAGE:    No Change for Interface 1.
INFO: 10/24/2020 08:17:09 AM MESSAGE:    No Change for Interface 2.
INFO: 10/24/2020 08:17:09 AM MESSAGE:    No Change for Interface controller 1.
INFO: 10/24/2020 08:17:10 AM MESSAGE:    No Change for Interface 3.
INFO: 10/24/2020 08:17:10 AM MESSAGE:    No Change for Spoke HA in Element ION_CANADA.
INFO: 10/24/2020 08:17:10 AM MESSAGE:    No Change for BGP Global Config 16035271070920236.
INFO: 10/24/2020 08:17:10 AM MESSAGE:    No Change for NTP 16035240010860088.
INFO: 10/24/2020 08:17:10 AM MESSAGE:    No Change for Toolkit 16035269606830016.
INFO: 10/24/2020 08:17:10 AM MESSAGE: No Change for Site SITE_Ottawa state (active).
INFO: 10/24/2020 08:17:10 AM MESSAGE: DONE
INFO: 10/27/2020 07:38:56 AM MESSAGE: Created Site SITE_Ottawa.
INFO: 10/27/2020 07:38:56 AM MESSAGE:  Created waninterface Circuit to BSNL.
INFO: 10/27/2020 07:38:56 AM MESSAGE:  Created waninterface Circuit to Jio.
INFO: 10/27/2020 07:38:56 AM MESSAGE:  Machine 42104b4e-0494-1acd-04b3-5dd1b0e40bfc is not CLAIMED, attempting to claim..
INFO: 10/27/2020 07:38:56 AM MESSAGE:  Checking Machine 42104b4e-0494-1acd-04b3-5dd1b0e40bfc..
INFO: 10/27/2020 07:38:57 AM MESSAGE:   Unclaimed(allocated). Beginning Claim process..
INFO: 10/27/2020 07:38:57 AM MESSAGE:   Machine 42104b4e-0494-1acd-04b3-5dd1b0e40bfc still claiming, waited so far 0 seconds out of 5.
ERROR: 10/27/2020 07:39:03 AM ERROR: Machine 42104b4e-0494-1acd-04b3-5dd1b0e40bfc Claim took longer than 5 seconds. Exiting.
INFO: 10/27/2020 07:45:47 AM MESSAGE: No Change for Site SITE_Ottawa.
INFO: 10/27/2020 07:45:47 AM MESSAGE:  No Change for Waninterface Circuit to BSNL.
INFO: 10/27/2020 07:45:47 AM MESSAGE:  No Change for Waninterface Circuit to Jio.
INFO: 10/27/2020 07:45:47 AM MESSAGE:  Element: Code is at correct version 5.4.3-a7.
INFO: 10/27/2020 07:45:48 AM MESSAGE:   Assigning Element Serial: 42104b4e-0494-1acd-04b3-5dd1b0e40bfc.
INFO: 10/27/2020 07:45:48 AM MESSAGE:   Element Serial: 42104b4e-0494-1acd-04b3-5dd1b0e40bfc not yet in requested state(s): bound (is bound_in_progress). Waited so far 0 seconds out of 5.
ERROR: 10/27/2020 07:45:54 AM ERROR: Element Serial: 42104b4e-0494-1acd-04b3-5dd1b0e40bfc state transition took longer than 5 seconds. Exiting.
INFO: 10/27/2020 07:46:14 AM MESSAGE: No Change for Site SITE_Ottawa.
INFO: 10/27/2020 07:46:14 AM MESSAGE:  No Change for Waninterface Circuit to BSNL.
INFO: 10/27/2020 07:46:14 AM MESSAGE:  No Change for Waninterface Circuit to Jio.
INFO: 10/27/2020 07:46:14 AM MESSAGE:  Element: Code is at correct version 5.4.3-a7.
INFO: 10/27/2020 07:46:15 AM MESSAGE:   No Change for Element ION_CANADA.
INFO: 10/27/2020 07:46:15 AM MESSAGE:    Updated Interface 1 (Etag 3 -> 4).
INFO: 10/27/2020 07:46:15 AM MESSAGE:    No Change for Interface 2.
INFO: 10/27/2020 07:46:15 AM MESSAGE:    No Change for Interface controller 1.
INFO: 10/27/2020 07:46:15 AM MESSAGE:    No Change for Interface 3.
INFO: 10/27/2020 07:46:15 AM MESSAGE:    No Change for Spoke HA in Element ION_CANADA.
INFO: 10/27/2020 07:46:15 AM MESSAGE:    No Change for BGP Global Config 16037847493930190.
INFO: 10/27/2020 07:46:15 AM MESSAGE:    No Change for NTP 16037843371840108.
INFO: 10/27/2020 07:46:15 AM MESSAGE:    No Change for Toolkit 16037843532600212.
INFO: 10/27/2020 07:46:15 AM MESSAGE: No Change for Site SITE_Ottawa state (active).
INFO: 10/27/2020 07:46:16 AM MESSAGE: DONE
INFO: 10/30/2020 12:53:26 AM MESSAGE: Created Site SITE_Ottawa.
INFO: 10/30/2020 12:53:27 AM MESSAGE:  Created waninterface Circuit to BSNL.
INFO: 10/30/2020 12:53:27 AM MESSAGE:  Created waninterface Circuit to Jio.
INFO: 10/30/2020 12:53:27 AM MESSAGE:  Element: Code is at correct version 5.4.3-a7.
INFO: 10/30/2020 12:53:27 AM MESSAGE:   Assigning Element Serial: 42104b4e-0494-1acd-04b3-5dd1b0e40bfc.
INFO: 10/30/2020 12:53:27 AM MESSAGE:   Element Serial: 42104b4e-0494-1acd-04b3-5dd1b0e40bfc not yet in requested state(s): bound (is bound_in_progress). Waited so far 0 seconds out of 5.
ERROR: 10/30/2020 12:53:33 AM ERROR: Element Serial: 42104b4e-0494-1acd-04b3-5dd1b0e40bfc state transition took longer than 5 seconds. Exiting.
INFO: 10/30/2020 12:58:21 AM MESSAGE: No Change for Site SITE_Ottawa.
INFO: 10/30/2020 12:58:21 AM MESSAGE:  No Change for Waninterface Circuit to BSNL.
INFO: 10/30/2020 12:58:21 AM MESSAGE:  No Change for Waninterface Circuit to Jio.
INFO: 10/30/2020 12:58:21 AM MESSAGE:  Element: Code is at correct version 5.4.3-a7.
INFO: 10/30/2020 12:58:21 AM MESSAGE:   No Change for Element ION_CANADA.
INFO: 10/30/2020 12:58:21 AM MESSAGE:    Updated Interface 1 (Etag 3 -> 4).
INFO: 10/30/2020 12:58:22 AM MESSAGE:    No Change for Interface 2.
INFO: 10/30/2020 12:58:22 AM MESSAGE:    No Change for Interface controller 1.
INFO: 10/30/2020 12:58:22 AM MESSAGE:    No Change for Interface 3.
INFO: 10/30/2020 12:58:22 AM MESSAGE:    No Change for Spoke HA in Element ION_CANADA.
INFO: 10/30/2020 12:58:22 AM MESSAGE:    No Change for BGP Global Config 16040192085890110.
INFO: 10/30/2020 12:58:22 AM MESSAGE:    No Change for NTP 16040190744270208.
INFO: 10/30/2020 12:58:22 AM MESSAGE:    No Change for Toolkit 16040190905550199.
INFO: 10/30/2020 12:58:22 AM MESSAGE: No Change for Site SITE_Ottawa state (active).
INFO: 10/30/2020 12:58:22 AM MESSAGE: DONE
INFO: 10/30/2020 12:58:32 AM MESSAGE: No Change for Site SITE_Ottawa.
INFO: 10/30/2020 12:58:33 AM MESSAGE:  No Change for Waninterface Circuit to BSNL.
INFO: 10/30/2020 12:58:33 AM MESSAGE:  No Change for Waninterface Circuit to Jio.
INFO: 10/30/2020 12:58:33 AM MESSAGE:  Element: Code is at correct version 5.4.3-a7.
INFO: 10/30/2020 12:58:33 AM MESSAGE:   No Change for Element ION_CANADA.
INFO: 10/30/2020 12:58:33 AM MESSAGE:    No Change for Interface 1.
INFO: 10/30/2020 12:58:33 AM MESSAGE:    No Change for Interface 2.
INFO: 10/30/2020 12:58:33 AM MESSAGE:    No Change for Interface controller 1.
INFO: 10/30/2020 12:58:33 AM MESSAGE:    No Change for Interface 3.
INFO: 10/30/2020 12:58:33 AM MESSAGE:    No Change for Spoke HA in Element ION_CANADA.
INFO: 10/30/2020 12:58:34 AM MESSAGE:    No Change for BGP Global Config 16040192085890110.
INFO: 10/30/2020 12:58:34 AM MESSAGE:    No Change for NTP 16040190744270208.
INFO: 10/30/2020 12:58:34 AM MESSAGE:    No Change for Toolkit 16040190905550199.
INFO: 10/30/2020 12:58:34 AM MESSAGE: No Change for Site SITE_Ottawa state (active).
INFO: 10/30/2020 12:58:34 AM MESSAGE: DONE
INFO: 10/30/2020 12:58:45 AM MESSAGE: No Change for Site SITE_Ottawa.
INFO: 10/30/2020 12:58:45 AM MESSAGE:  No Change for Waninterface Circuit to BSNL.
INFO: 10/30/2020 12:58:45 AM MESSAGE:  No Change for Waninterface Circuit to Jio.
INFO: 10/30/2020 12:58:45 AM MESSAGE:  Element: Code is at correct version 5.4.3-a7.
INFO: 10/30/2020 12:58:46 AM MESSAGE:   No Change for Element ION_CANADA.
INFO: 10/30/2020 12:58:46 AM MESSAGE:    No Change for Interface 1.
INFO: 10/30/2020 12:58:46 AM MESSAGE:    No Change for Interface 2.
INFO: 10/30/2020 12:58:46 AM MESSAGE:    No Change for Interface controller 1.
INFO: 10/30/2020 12:58:46 AM MESSAGE:    No Change for Interface 3.
INFO: 10/30/2020 12:58:46 AM MESSAGE:    No Change for Spoke HA in Element ION_CANADA.
INFO: 10/30/2020 12:58:46 AM MESSAGE:    No Change for BGP Global Config 16040192085890110.
INFO: 10/30/2020 12:58:46 AM MESSAGE:    No Change for NTP 16040190744270208.
INFO: 10/30/2020 12:58:46 AM MESSAGE:    No Change for Toolkit 16040190905550199.
INFO: 10/30/2020 12:58:46 AM MESSAGE: No Change for Site SITE_Ottawa state (active).
INFO: 10/30/2020 12:58:47 AM MESSAGE: DONE
INFO: 10/30/2020 10:16:14 AM MESSAGE: Created Site SITE_Ottawa.
INFO: 10/30/2020 10:16:14 AM MESSAGE:  Created waninterface Circuit to BSNL.
INFO: 10/30/2020 10:16:14 AM MESSAGE:  Created waninterface Circuit to Jio.
INFO: 10/30/2020 10:16:15 AM MESSAGE:  Machine 42104b4e-0494-1acd-04b3-5dd1b0e40bfc is not CLAIMED, attempting to claim..
INFO: 10/30/2020 10:16:15 AM MESSAGE:  Checking Machine 42104b4e-0494-1acd-04b3-5dd1b0e40bfc..
INFO: 10/30/2020 10:16:15 AM MESSAGE:   Unclaimed(allocated). Beginning Claim process..
INFO: 10/30/2020 10:16:15 AM MESSAGE:   Machine 42104b4e-0494-1acd-04b3-5dd1b0e40bfc still claiming, waited so far 0 seconds out of 5.
ERROR: 10/30/2020 10:16:21 AM ERROR: Machine 42104b4e-0494-1acd-04b3-5dd1b0e40bfc Claim took longer than 5 seconds. Exiting.
INFO: 10/30/2020 10:22:23 AM MESSAGE: No Change for Site SITE_Ottawa.
INFO: 10/30/2020 10:22:24 AM MESSAGE:  No Change for Waninterface Circuit to BSNL.
INFO: 10/30/2020 10:22:24 AM MESSAGE:  No Change for Waninterface Circuit to Jio.
INFO: 10/30/2020 10:22:24 AM MESSAGE:  Element: Code is at correct version 5.4.3-a7.
INFO: 10/30/2020 10:22:24 AM MESSAGE:   Assigning Element Serial: 42104b4e-0494-1acd-04b3-5dd1b0e40bfc.
INFO: 10/30/2020 10:22:24 AM MESSAGE:   Element Serial: 42104b4e-0494-1acd-04b3-5dd1b0e40bfc not yet in requested state(s): bound (is bound_in_progress). Waited so far 0 seconds out of 5.
ERROR: 10/30/2020 10:22:30 AM ERROR: Element Serial: 42104b4e-0494-1acd-04b3-5dd1b0e40bfc state transition took longer than 5 seconds. Exiting.
INFO: 10/30/2020 10:22:40 AM MESSAGE: No Change for Site SITE_Ottawa.
INFO: 10/30/2020 10:22:40 AM MESSAGE:  No Change for Waninterface Circuit to BSNL.
INFO: 10/30/2020 10:22:40 AM MESSAGE:  No Change for Waninterface Circuit to Jio.
INFO: 10/30/2020 10:22:41 AM MESSAGE:  Element: Code is at correct version 5.4.3-a7.
INFO: 10/30/2020 10:22:41 AM MESSAGE:   No Change for Element ION_CANADA.
INFO: 10/30/2020 10:22:41 AM MESSAGE:    Updated Interface 1 (Etag 3 -> 4).
INFO: 10/30/2020 10:22:41 AM MESSAGE:    No Change for Interface 2.
INFO: 10/30/2020 10:22:41 AM MESSAGE:    No Change for Interface controller 1.
INFO: 10/30/2020 10:22:41 AM MESSAGE:    No Change for Interface 3.
INFO: 10/30/2020 10:22:41 AM MESSAGE:    No Change for Spoke HA in Element ION_CANADA.
INFO: 10/30/2020 10:22:41 AM MESSAGE:    No Change for BGP Global Config 16040533472270236.
INFO: 10/30/2020 10:22:41 AM MESSAGE:    No Change for NTP 16040529756620249.
INFO: 10/30/2020 10:22:42 AM MESSAGE:    No Change for Toolkit 16040529930000227.
INFO: 10/30/2020 10:22:42 AM MESSAGE: No Change for Site SITE_Ottawa state (active).
INFO: 10/30/2020 10:22:42 AM MESSAGE: DONE
INFO: 10/30/2020 10:22:53 AM MESSAGE: No Change for Site SITE_Ottawa.
INFO: 10/30/2020 10:22:54 AM MESSAGE:  No Change for Waninterface Circuit to BSNL.
INFO: 10/30/2020 10:22:54 AM MESSAGE:  No Change for Waninterface Circuit to Jio.
INFO: 10/30/2020 10:22:54 AM MESSAGE:  Element: Code is at correct version 5.4.3-a7.
INFO: 10/30/2020 10:22:55 AM MESSAGE:   No Change for Element ION_CANADA.
INFO: 10/30/2020 10:22:55 AM MESSAGE:    No Change for Interface 1.
INFO: 10/30/2020 10:22:55 AM MESSAGE:    No Change for Interface 2.
INFO: 10/30/2020 10:22:55 AM MESSAGE:    No Change for Interface controller 1.
INFO: 10/30/2020 10:22:56 AM MESSAGE:    No Change for Interface 3.
INFO: 10/30/2020 10:22:56 AM MESSAGE:    No Change for Spoke HA in Element ION_CANADA.
INFO: 10/30/2020 10:22:56 AM MESSAGE:    No Change for BGP Global Config 16040533472270236.
INFO: 10/30/2020 10:22:57 AM MESSAGE:    No Change for NTP 16040529756620249.
INFO: 10/30/2020 10:22:57 AM MESSAGE:    No Change for Toolkit 16040529930000227.
INFO: 10/30/2020 10:22:58 AM MESSAGE: No Change for Site SITE_Ottawa state (active).
INFO: 10/30/2020 10:22:58 AM MESSAGE: DONE
