WARNING: 10/23/2020 01:57:40 AM WARNING: Site WAN Interface is missing a name. Please correct this in UI. Setting to "Circuit to Airtel" in YAML file, but this may cause issues if configuration is re-applied to site.
WARNING: 10/23/2020 01:57:40 AM WARNING: Site WAN Interface is missing a name. Please correct this in UI. Setting to "Circuit to At&T" in YAML file, but this may cause issues if configuration is re-applied to site.
INFO: 10/23/2020 02:21:30 AM MESSAGE: Created Site SITE_Yakutsk.
INFO: 10/23/2020 02:21:30 AM MESSAGE:  Created waninterface Circuit to Airtel.
INFO: 10/23/2020 02:21:30 AM MESSAGE:  Created waninterface Circuit to At&T.
INFO: 10/23/2020 02:21:30 AM MESSAGE:  Machine 42109602-faf3-0d3f-7a7d-339705c38c6b is not CLAIMED, attempting to claim..
INFO: 10/23/2020 02:21:30 AM MESSAGE:  Checking Machine 42109602-faf3-0d3f-7a7d-339705c38c6b..
INFO: 10/23/2020 02:21:30 AM MESSAGE:   Unclaimed(allocated). Beginning Claim process..
INFO: 10/23/2020 02:21:31 AM MESSAGE:   Machine 42109602-faf3-0d3f-7a7d-339705c38c6b still claiming, waited so far 0 seconds out of 5.
ERROR: 10/23/2020 02:21:37 AM ERROR: Machine 42109602-faf3-0d3f-7a7d-339705c38c6b Claim took longer than 5 seconds. Exiting.
INFO: 10/23/2020 02:23:42 AM MESSAGE: No Change for Site SITE_Yakutsk.
INFO: 10/23/2020 02:23:42 AM MESSAGE:  No Change for Waninterface Circuit to Airtel.
INFO: 10/23/2020 02:23:42 AM MESSAGE:  No Change for Waninterface Circuit to At&T.
INFO: 10/23/2020 02:23:42 AM MESSAGE:  Element: Code is at correct version 5.4.1-b15.
INFO: 10/23/2020 02:23:42 AM MESSAGE:   Assigning Element Serial: 42109602-faf3-0d3f-7a7d-339705c38c6b.
INFO: 10/23/2020 02:23:43 AM MESSAGE:   Element Serial: 42109602-faf3-0d3f-7a7d-339705c38c6b not yet in requested state(s): bound (is bound_in_progress). Waited so far 0 seconds out of 5.
ERROR: 10/23/2020 02:23:49 AM ERROR: Element Serial: 42109602-faf3-0d3f-7a7d-339705c38c6b state transition took longer than 5 seconds. Exiting.
INFO: 10/23/2020 02:24:00 AM MESSAGE: No Change for Site SITE_Yakutsk.
INFO: 10/23/2020 02:24:00 AM MESSAGE:  No Change for Waninterface Circuit to Airtel.
INFO: 10/23/2020 02:24:00 AM MESSAGE:  No Change for Waninterface Circuit to At&T.
INFO: 10/23/2020 02:24:00 AM MESSAGE:  Element: Code is at correct version 5.4.1-b15.
INFO: 10/23/2020 02:24:00 AM MESSAGE:   No Change for Element ION_RUSSIA.
INFO: 10/23/2020 02:24:01 AM MESSAGE:    Updated Interface 1 (Etag 3 -> 4).
INFO: 10/23/2020 02:24:01 AM MESSAGE:    No Change for Interface 2.
INFO: 10/23/2020 02:24:01 AM MESSAGE:    No Change for Interface controller 1.
INFO: 10/23/2020 02:24:01 AM MESSAGE:    No Change for Interface 3.
INFO: 10/23/2020 02:24:01 AM MESSAGE:    No Change for Interface 4.
INFO: 10/23/2020 02:24:01 AM MESSAGE:    No Change for Interface 5.
INFO: 10/23/2020 02:24:01 AM MESSAGE:    No Change for Interface 6.
INFO: 10/23/2020 02:24:01 AM MESSAGE:    No Change for Interface 7.
INFO: 10/23/2020 02:24:01 AM MESSAGE:    No Change for Interface 8.
INFO: 10/23/2020 02:24:01 AM MESSAGE:    No Change for Interface 9.
INFO: 10/23/2020 02:24:02 AM MESSAGE:    No Change for Spoke HA in Element ION_RUSSIA.
INFO: 10/23/2020 02:24:02 AM MESSAGE:    No Change for BGP Global Config 16034198240250097.
INFO: 10/23/2020 02:24:02 AM MESSAGE:    No Change for NTP 16034196910290118.
INFO: 10/23/2020 02:24:02 AM MESSAGE:    No Change for Toolkit 16034197063860179.
INFO: 10/23/2020 02:24:02 AM MESSAGE: No Change for Site SITE_Yakutsk state (active).
INFO: 10/23/2020 02:24:02 AM MESSAGE: DONE
INFO: 10/23/2020 02:24:13 AM MESSAGE: No Change for Site SITE_Yakutsk.
INFO: 10/23/2020 02:24:13 AM MESSAGE:  No Change for Waninterface Circuit to Airtel.
INFO: 10/23/2020 02:24:13 AM MESSAGE:  No Change for Waninterface Circuit to At&T.
INFO: 10/23/2020 02:24:13 AM MESSAGE:  Element: Code is at correct version 5.4.1-b15.
INFO: 10/23/2020 02:24:13 AM MESSAGE:   No Change for Element ION_RUSSIA.
INFO: 10/23/2020 02:24:14 AM MESSAGE:    No Change for Interface 1.
INFO: 10/23/2020 02:24:14 AM MESSAGE:    No Change for Interface 2.
INFO: 10/23/2020 02:24:14 AM MESSAGE:    No Change for Interface controller 1.
INFO: 10/23/2020 02:24:14 AM MESSAGE:    No Change for Interface 3.
INFO: 10/23/2020 02:24:14 AM MESSAGE:    No Change for Interface 4.
INFO: 10/23/2020 02:24:14 AM MESSAGE:    No Change for Interface 5.
INFO: 10/23/2020 02:24:14 AM MESSAGE:    No Change for Interface 6.
INFO: 10/23/2020 02:24:14 AM MESSAGE:    No Change for Interface 7.
INFO: 10/23/2020 02:24:14 AM MESSAGE:    No Change for Interface 8.
INFO: 10/23/2020 02:24:14 AM MESSAGE:    No Change for Interface 9.
INFO: 10/23/2020 02:24:14 AM MESSAGE:    No Change for Spoke HA in Element ION_RUSSIA.
INFO: 10/23/2020 02:24:15 AM MESSAGE:    No Change for BGP Global Config 16034198240250097.
INFO: 10/23/2020 02:24:15 AM MESSAGE:    No Change for NTP 16034196910290118.
INFO: 10/23/2020 02:24:15 AM MESSAGE:    No Change for Toolkit 16034197063860179.
INFO: 10/23/2020 02:24:15 AM MESSAGE: No Change for Site SITE_Yakutsk state (active).
INFO: 10/23/2020 02:24:15 AM MESSAGE: DONE
INFO: 10/23/2020 02:24:25 AM MESSAGE: No Change for Site SITE_Yakutsk.
INFO: 10/23/2020 02:24:25 AM MESSAGE:  No Change for Waninterface Circuit to Airtel.
INFO: 10/23/2020 02:24:25 AM MESSAGE:  No Change for Waninterface Circuit to At&T.
INFO: 10/23/2020 02:24:25 AM MESSAGE:  Element: Code is at correct version 5.4.1-b15.
INFO: 10/23/2020 02:24:25 AM MESSAGE:   No Change for Element ION_RUSSIA.
INFO: 10/23/2020 02:24:25 AM MESSAGE:    No Change for Interface 1.
INFO: 10/23/2020 02:24:26 AM MESSAGE:    No Change for Interface 2.
INFO: 10/23/2020 02:24:26 AM MESSAGE:    No Change for Interface controller 1.
INFO: 10/23/2020 02:24:26 AM MESSAGE:    No Change for Interface 3.
INFO: 10/23/2020 02:24:26 AM MESSAGE:    No Change for Interface 4.
INFO: 10/23/2020 02:24:26 AM MESSAGE:    No Change for Interface 5.
INFO: 10/23/2020 02:24:26 AM MESSAGE:    No Change for Interface 6.
INFO: 10/23/2020 02:24:26 AM MESSAGE:    No Change for Interface 7.
INFO: 10/23/2020 02:24:26 AM MESSAGE:    No Change for Interface 8.
INFO: 10/23/2020 02:24:26 AM MESSAGE:    No Change for Interface 9.
INFO: 10/23/2020 02:24:26 AM MESSAGE:    No Change for Spoke HA in Element ION_RUSSIA.
INFO: 10/23/2020 02:24:26 AM MESSAGE:    No Change for BGP Global Config 16034198240250097.
INFO: 10/23/2020 02:24:26 AM MESSAGE:    No Change for NTP 16034196910290118.
INFO: 10/23/2020 02:24:27 AM MESSAGE:    No Change for Toolkit 16034197063860179.
INFO: 10/23/2020 02:24:27 AM MESSAGE: No Change for Site SITE_Yakutsk state (active).
INFO: 10/23/2020 02:24:27 AM MESSAGE: DONE
INFO: 10/24/2020 02:02:57 AM MESSAGE: Created Site SITE_Yakutsk.
INFO: 10/24/2020 02:02:57 AM MESSAGE:  Created waninterface Circuit to Airtel.
INFO: 10/24/2020 02:02:57 AM MESSAGE:  Created waninterface Circuit to At&T.
INFO: 10/24/2020 02:02:57 AM MESSAGE:  Machine 42109602-faf3-0d3f-7a7d-339705c38c6b is not CLAIMED, attempting to claim..
INFO: 10/24/2020 02:02:57 AM MESSAGE:  Checking Machine 42109602-faf3-0d3f-7a7d-339705c38c6b..
INFO: 10/24/2020 02:02:57 AM MESSAGE:   Unclaimed(allocated). Beginning Claim process..
INFO: 10/24/2020 02:02:57 AM MESSAGE:   Machine 42109602-faf3-0d3f-7a7d-339705c38c6b still claiming, waited so far 0 seconds out of 5.
ERROR: 10/24/2020 02:03:03 AM ERROR: Machine 42109602-faf3-0d3f-7a7d-339705c38c6b Claim took longer than 5 seconds. Exiting.
INFO: 10/24/2020 02:05:01 AM MESSAGE: No Change for Site SITE_Yakutsk.
INFO: 10/24/2020 02:05:01 AM MESSAGE:  No Change for Waninterface Circuit to Airtel.
INFO: 10/24/2020 02:05:01 AM MESSAGE:  No Change for Waninterface Circuit to At&T.
INFO: 10/24/2020 02:05:01 AM MESSAGE:  Element: Code is at correct version 5.4.1-b15.
INFO: 10/24/2020 02:05:02 AM MESSAGE:   Assigning Element Serial: 42109602-faf3-0d3f-7a7d-339705c38c6b.
INFO: 10/24/2020 02:05:02 AM MESSAGE:   Element Serial: 42109602-faf3-0d3f-7a7d-339705c38c6b not yet in requested state(s): bound (is bound_in_progress). Waited so far 0 seconds out of 5.
ERROR: 10/24/2020 02:05:08 AM ERROR: Element Serial: 42109602-faf3-0d3f-7a7d-339705c38c6b state transition took longer than 5 seconds. Exiting.
INFO: 10/24/2020 02:05:21 AM MESSAGE: No Change for Site SITE_Yakutsk.
INFO: 10/24/2020 02:05:21 AM MESSAGE:  No Change for Waninterface Circuit to Airtel.
INFO: 10/24/2020 02:05:21 AM MESSAGE:  No Change for Waninterface Circuit to At&T.
INFO: 10/24/2020 02:05:22 AM MESSAGE:  Element: Code is at correct version 5.4.1-b15.
INFO: 10/24/2020 02:05:22 AM MESSAGE:   No Change for Element ION_RUSSIA.
INFO: 10/24/2020 02:05:23 AM MESSAGE:    Updated Interface 1 (Etag 3 -> 4).
INFO: 10/24/2020 02:05:24 AM MESSAGE:    No Change for Interface 2.
INFO: 10/24/2020 02:05:24 AM MESSAGE:    No Change for Interface controller 1.
INFO: 10/24/2020 02:05:24 AM MESSAGE:    No Change for Interface 3.
INFO: 10/24/2020 02:05:24 AM MESSAGE:    No Change for Interface 4.
INFO: 10/24/2020 02:05:24 AM MESSAGE:    No Change for Interface 5.
INFO: 10/24/2020 02:05:25 AM MESSAGE:    No Change for Interface 6.
INFO: 10/24/2020 02:05:25 AM MESSAGE:    No Change for Interface 7.
INFO: 10/24/2020 02:05:25 AM MESSAGE:    No Change for Interface 8.
INFO: 10/24/2020 02:05:25 AM MESSAGE:    No Change for Interface 9.
INFO: 10/24/2020 02:05:25 AM MESSAGE:    No Change for Spoke HA in Element ION_RUSSIA.
INFO: 10/24/2020 02:05:26 AM MESSAGE:    No Change for BGP Global Config 16035051041280142.
INFO: 10/24/2020 02:05:26 AM MESSAGE:    No Change for NTP 16035049777010122.
INFO: 10/24/2020 02:05:26 AM MESSAGE:    No Change for Toolkit 16035049932310142.
INFO: 10/24/2020 02:05:27 AM MESSAGE: No Change for Site SITE_Yakutsk state (active).
INFO: 10/24/2020 02:05:27 AM MESSAGE: DONE
INFO: 10/24/2020 02:05:39 AM MESSAGE: No Change for Site SITE_Yakutsk.
INFO: 10/24/2020 02:05:40 AM MESSAGE:  No Change for Waninterface Circuit to Airtel.
INFO: 10/24/2020 02:05:40 AM MESSAGE:  No Change for Waninterface Circuit to At&T.
INFO: 10/24/2020 02:05:40 AM MESSAGE:  Element: Code is at correct version 5.4.1-b15.
INFO: 10/24/2020 02:05:40 AM MESSAGE:   No Change for Element ION_RUSSIA.
INFO: 10/24/2020 02:05:40 AM MESSAGE:    No Change for Interface 1.
INFO: 10/24/2020 02:05:40 AM MESSAGE:    No Change for Interface 2.
INFO: 10/24/2020 02:05:40 AM MESSAGE:    No Change for Interface controller 1.
INFO: 10/24/2020 02:05:41 AM MESSAGE:    No Change for Interface 3.
INFO: 10/24/2020 02:05:41 AM MESSAGE:    No Change for Interface 4.
INFO: 10/24/2020 02:05:41 AM MESSAGE:    No Change for Interface 5.
INFO: 10/24/2020 02:05:41 AM MESSAGE:    No Change for Interface 6.
INFO: 10/24/2020 02:05:41 AM MESSAGE:    No Change for Interface 7.
INFO: 10/24/2020 02:05:41 AM MESSAGE:    No Change for Interface 8.
INFO: 10/24/2020 02:05:41 AM MESSAGE:    No Change for Interface 9.
INFO: 10/24/2020 02:05:41 AM MESSAGE:    No Change for Spoke HA in Element ION_RUSSIA.
INFO: 10/24/2020 02:05:41 AM MESSAGE:    No Change for BGP Global Config 16035051041280142.
INFO: 10/24/2020 02:05:41 AM MESSAGE:    No Change for NTP 16035049777010122.
INFO: 10/24/2020 02:05:41 AM MESSAGE:    No Change for Toolkit 16035049932310142.
INFO: 10/24/2020 02:05:41 AM MESSAGE: No Change for Site SITE_Yakutsk state (active).
INFO: 10/24/2020 02:05:41 AM MESSAGE: DONE
INFO: 10/24/2020 02:08:11 AM MESSAGE: No Change for Site SITE_Yakutsk.
INFO: 10/24/2020 02:08:11 AM MESSAGE:  No Change for Waninterface Circuit to Airtel.
INFO: 10/24/2020 02:08:11 AM MESSAGE:  No Change for Waninterface Circuit to At&T.
INFO: 10/24/2020 02:08:12 AM MESSAGE:  Element: Code is at correct version 5.4.1-b15.
INFO: 10/24/2020 02:08:12 AM MESSAGE:   No Change for Element ION_RUSSIA.
INFO: 10/24/2020 02:08:12 AM MESSAGE:    No Change for Interface 1.
INFO: 10/24/2020 02:08:12 AM MESSAGE:    No Change for Interface 2.
INFO: 10/24/2020 02:08:12 AM MESSAGE:    No Change for Interface controller 1.
INFO: 10/24/2020 02:08:12 AM MESSAGE:    No Change for Interface 3.
INFO: 10/24/2020 02:08:12 AM MESSAGE:    No Change for Interface 4.
INFO: 10/24/2020 02:08:12 AM MESSAGE:    No Change for Interface 5.
INFO: 10/24/2020 02:08:12 AM MESSAGE:    No Change for Interface 6.
INFO: 10/24/2020 02:08:12 AM MESSAGE:    No Change for Interface 7.
INFO: 10/24/2020 02:08:12 AM MESSAGE:    No Change for Interface 8.
INFO: 10/24/2020 02:08:13 AM MESSAGE:    No Change for Interface 9.
INFO: 10/24/2020 02:08:13 AM MESSAGE:    No Change for Spoke HA in Element ION_RUSSIA.
INFO: 10/24/2020 02:08:13 AM MESSAGE:    No Change for BGP Global Config 16035051041280142.
INFO: 10/24/2020 02:08:13 AM MESSAGE:    No Change for NTP 16035049777010122.
INFO: 10/24/2020 02:08:13 AM MESSAGE:    No Change for Toolkit 16035049932310142.
INFO: 10/24/2020 02:08:13 AM MESSAGE: No Change for Site SITE_Yakutsk state (active).
INFO: 10/24/2020 02:08:13 AM MESSAGE: DONE
INFO: 10/24/2020 07:19:12 AM MESSAGE: Created Site SITE_Yakutsk.
INFO: 10/24/2020 07:19:12 AM MESSAGE:  Created waninterface Circuit to Airtel.
INFO: 10/24/2020 07:19:12 AM MESSAGE:  Created waninterface Circuit to At&T.
INFO: 10/24/2020 07:19:12 AM MESSAGE:  Machine 42109602-faf3-0d3f-7a7d-339705c38c6b is not CLAIMED, attempting to claim..
INFO: 10/24/2020 07:19:12 AM MESSAGE:  Checking Machine 42109602-faf3-0d3f-7a7d-339705c38c6b..
INFO: 10/24/2020 07:19:12 AM MESSAGE:   Unclaimed(allocated). Beginning Claim process..
INFO: 10/24/2020 07:19:12 AM MESSAGE:   Machine 42109602-faf3-0d3f-7a7d-339705c38c6b still claiming, waited so far 0 seconds out of 5.
ERROR: 10/24/2020 07:19:19 AM ERROR: Machine 42109602-faf3-0d3f-7a7d-339705c38c6b Claim took longer than 5 seconds. Exiting.
INFO: 10/24/2020 07:21:22 AM MESSAGE: No Change for Site SITE_Yakutsk.
INFO: 10/24/2020 07:21:22 AM MESSAGE:  No Change for Waninterface Circuit to Airtel.
INFO: 10/24/2020 07:21:22 AM MESSAGE:  No Change for Waninterface Circuit to At&T.
INFO: 10/24/2020 07:21:22 AM MESSAGE:   Element Serial: 42109602-faf3-0d3f-7a7d-339705c38c6b not yet in requested state(s): ready, bound (is init). Waited so far 0 seconds out of 5.
ERROR: 10/24/2020 07:21:28 AM ERROR: Element Serial: 42109602-faf3-0d3f-7a7d-339705c38c6b state transition took longer than 5 seconds. Exiting.
INFO: 10/24/2020 07:21:39 AM MESSAGE: No Change for Site SITE_Yakutsk.
INFO: 10/24/2020 07:21:39 AM MESSAGE:  No Change for Waninterface Circuit to Airtel.
INFO: 10/24/2020 07:21:39 AM MESSAGE:  No Change for Waninterface Circuit to At&T.
INFO: 10/24/2020 07:21:39 AM MESSAGE:   Element Serial: 42109602-faf3-0d3f-7a7d-339705c38c6b not yet in requested state(s): ready, bound (is init). Waited so far 0 seconds out of 5.
ERROR: 10/24/2020 07:21:45 AM ERROR: Element Serial: 42109602-faf3-0d3f-7a7d-339705c38c6b state transition took longer than 5 seconds. Exiting.
INFO: 10/24/2020 07:21:54 AM MESSAGE: No Change for Site SITE_Yakutsk.
INFO: 10/24/2020 07:21:54 AM MESSAGE:  No Change for Waninterface Circuit to Airtel.
INFO: 10/24/2020 07:21:54 AM MESSAGE:  No Change for Waninterface Circuit to At&T.
INFO: 10/24/2020 07:21:54 AM MESSAGE:   Element Serial: 42109602-faf3-0d3f-7a7d-339705c38c6b not yet in requested state(s): ready, bound (is init). Waited so far 0 seconds out of 5.
ERROR: 10/24/2020 07:22:00 AM ERROR: Element Serial: 42109602-faf3-0d3f-7a7d-339705c38c6b state transition took longer than 5 seconds. Exiting.
INFO: 10/24/2020 07:22:10 AM MESSAGE: No Change for Site SITE_Yakutsk.
INFO: 10/24/2020 07:22:10 AM MESSAGE:  No Change for Waninterface Circuit to Airtel.
INFO: 10/24/2020 07:22:10 AM MESSAGE:  No Change for Waninterface Circuit to At&T.
INFO: 10/24/2020 07:22:11 AM MESSAGE:   Element Serial: 42109602-faf3-0d3f-7a7d-339705c38c6b not yet in requested state(s): ready, bound (is init). Waited so far 0 seconds out of 5.
ERROR: 10/24/2020 07:22:17 AM ERROR: Element Serial: 42109602-faf3-0d3f-7a7d-339705c38c6b state transition took longer than 5 seconds. Exiting.
INFO: 10/24/2020 08:11:04 AM MESSAGE: Created Site SITE_Yakutsk.
INFO: 10/24/2020 08:11:04 AM MESSAGE:  Created waninterface Circuit to Airtel.
INFO: 10/24/2020 08:11:04 AM MESSAGE:  Created waninterface Circuit to At&T.
INFO: 10/24/2020 08:11:04 AM MESSAGE:  Element: Code is at correct version 5.4.1-b15.
INFO: 10/24/2020 08:11:04 AM MESSAGE:   Assigning Element Serial: 42109602-faf3-0d3f-7a7d-339705c38c6b.
INFO: 10/24/2020 08:11:05 AM MESSAGE:   Element Serial: 42109602-faf3-0d3f-7a7d-339705c38c6b not yet in requested state(s): bound (is bound_in_progress). Waited so far 0 seconds out of 5.
ERROR: 10/24/2020 08:11:11 AM ERROR: Element Serial: 42109602-faf3-0d3f-7a7d-339705c38c6b state transition took longer than 5 seconds. Exiting.
INFO: 10/24/2020 08:12:57 AM MESSAGE: No Change for Site SITE_Yakutsk.
INFO: 10/24/2020 08:12:57 AM MESSAGE:  No Change for Waninterface Circuit to Airtel.
INFO: 10/24/2020 08:12:58 AM MESSAGE:  No Change for Waninterface Circuit to At&T.
INFO: 10/24/2020 08:12:58 AM MESSAGE:  Element: Code is at correct version 5.4.1-b15.
INFO: 10/24/2020 08:12:58 AM MESSAGE:   No Change for Element ION_RUSSIA.
INFO: 10/24/2020 08:12:58 AM MESSAGE:    Updated Interface 1 (Etag 3 -> 4).
INFO: 10/24/2020 08:12:58 AM MESSAGE:    No Change for Interface 2.
INFO: 10/24/2020 08:12:58 AM MESSAGE:    No Change for Interface controller 1.
INFO: 10/24/2020 08:12:59 AM MESSAGE:    No Change for Interface 3.
INFO: 10/24/2020 08:12:59 AM MESSAGE:    No Change for Interface 4.
INFO: 10/24/2020 08:12:59 AM MESSAGE:    No Change for Interface 5.
INFO: 10/24/2020 08:12:59 AM MESSAGE:    No Change for Interface 6.
INFO: 10/24/2020 08:12:59 AM MESSAGE:    No Change for Interface 7.
INFO: 10/24/2020 08:12:59 AM MESSAGE:    No Change for Interface 8.
INFO: 10/24/2020 08:12:59 AM MESSAGE:    No Change for Interface 9.
INFO: 10/24/2020 08:12:59 AM MESSAGE:    No Change for Spoke HA in Element ION_RUSSIA.
INFO: 10/24/2020 08:12:59 AM MESSAGE:    No Change for BGP Global Config 16035270657480171.
INFO: 10/24/2020 08:12:59 AM MESSAGE:    No Change for NTP 16035239529310227.
INFO: 10/24/2020 08:12:59 AM MESSAGE:    No Change for Toolkit 16035269161310146.
INFO: 10/24/2020 08:12:59 AM MESSAGE: No Change for Site SITE_Yakutsk state (active).
INFO: 10/24/2020 08:12:59 AM MESSAGE: DONE
INFO: 10/27/2020 07:38:07 AM MESSAGE: Created Site SITE_Yakutsk.
INFO: 10/27/2020 07:38:08 AM MESSAGE:  Created waninterface Circuit to Airtel.
INFO: 10/27/2020 07:38:08 AM MESSAGE:  Created waninterface Circuit to At&T.
INFO: 10/27/2020 07:38:08 AM MESSAGE:  Machine 42109602-faf3-0d3f-7a7d-339705c38c6b is not CLAIMED, attempting to claim..
INFO: 10/27/2020 07:38:08 AM MESSAGE:  Checking Machine 42109602-faf3-0d3f-7a7d-339705c38c6b..
INFO: 10/27/2020 07:38:08 AM MESSAGE:   Unclaimed(allocated). Beginning Claim process..
INFO: 10/27/2020 07:38:08 AM MESSAGE:   Machine 42109602-faf3-0d3f-7a7d-339705c38c6b still claiming, waited so far 0 seconds out of 5.
ERROR: 10/27/2020 07:38:14 AM ERROR: Machine 42109602-faf3-0d3f-7a7d-339705c38c6b Claim took longer than 5 seconds. Exiting.
INFO: 10/27/2020 07:40:42 AM MESSAGE: No Change for Site SITE_Yakutsk.
INFO: 10/27/2020 07:40:42 AM MESSAGE:  No Change for Waninterface Circuit to Airtel.
INFO: 10/27/2020 07:40:42 AM MESSAGE:  No Change for Waninterface Circuit to At&T.
INFO: 10/27/2020 07:40:42 AM MESSAGE:   Element Serial: 42109602-faf3-0d3f-7a7d-339705c38c6b not yet in requested state(s): ready, bound (is inventory_op_failed). Waited so far 0 seconds out of 5.
ERROR: 10/27/2020 07:40:48 AM ERROR: Element Serial: 42109602-faf3-0d3f-7a7d-339705c38c6b state transition took longer than 5 seconds. Exiting.
INFO: 10/27/2020 07:41:02 AM MESSAGE: No Change for Site SITE_Yakutsk.
INFO: 10/27/2020 07:41:02 AM MESSAGE:  No Change for Waninterface Circuit to Airtel.
INFO: 10/27/2020 07:41:02 AM MESSAGE:  No Change for Waninterface Circuit to At&T.
INFO: 10/27/2020 07:41:02 AM MESSAGE:   Element Serial: 42109602-faf3-0d3f-7a7d-339705c38c6b not yet in requested state(s): ready, bound (is inventory_op_failed). Waited so far 0 seconds out of 5.
ERROR: 10/27/2020 07:41:09 AM ERROR: Element Serial: 42109602-faf3-0d3f-7a7d-339705c38c6b state transition took longer than 5 seconds. Exiting.
