WARNING: 10/23/2020 01:57:49 AM WARNING: Site WAN Interface is missing a name. Please correct this in UI. Setting to "Circuit to AT&T" in YAML file, but this may cause issues if configuration is re-applied to site.
WARNING: 10/23/2020 01:57:49 AM WARNING: Site WAN Interface is missing a name. Please correct this in UI. Setting to "Circuit to Vodafone" in YAML file, but this may cause issues if configuration is re-applied to site.
INFO: 10/23/2020 02:22:01 AM MESSAGE: Created Site SITE_Stockholm.
INFO: 10/23/2020 02:22:03 AM MESSAGE:  Created waninterface Circuit to AT&T.
INFO: 10/23/2020 02:22:04 AM MESSAGE:  Created waninterface Circuit to Vodafone.
INFO: 10/23/2020 02:22:04 AM MESSAGE:  Machine 4210c205-332d-3591-47ad-27689e5858ca is not CLAIMED, attempting to claim..
INFO: 10/23/2020 02:22:04 AM MESSAGE:  Checking Machine 4210c205-332d-3591-47ad-27689e5858ca..
INFO: 10/23/2020 02:22:04 AM MESSAGE:   Unclaimed(allocated). Beginning Claim process..
INFO: 10/23/2020 02:22:04 AM MESSAGE:   Machine 4210c205-332d-3591-47ad-27689e5858ca still claiming, waited so far 0 seconds out of 5.
ERROR: 10/23/2020 02:22:10 AM ERROR: Machine 4210c205-332d-3591-47ad-27689e5858ca Claim took longer than 5 seconds. Exiting.
INFO: 10/23/2020 02:26:34 AM MESSAGE: No Change for Site SITE_Stockholm.
INFO: 10/23/2020 02:26:34 AM MESSAGE:  No Change for Waninterface Circuit to AT&T.
INFO: 10/23/2020 02:26:34 AM MESSAGE:  No Change for Waninterface Circuit to Vodafone.
INFO: 10/23/2020 02:26:34 AM MESSAGE:  Element: Code is at correct version 5.4.1-b15.
INFO: 10/23/2020 02:26:34 AM MESSAGE:   Assigning Element Serial: 4210c205-332d-3591-47ad-27689e5858ca.
INFO: 10/23/2020 02:26:35 AM MESSAGE:   Element Serial: 4210c205-332d-3591-47ad-27689e5858ca not yet in requested state(s): bound (is bound_in_progress). Waited so far 0 seconds out of 5.
ERROR: 10/23/2020 02:26:41 AM ERROR: Element Serial: 4210c205-332d-3591-47ad-27689e5858ca state transition took longer than 5 seconds. Exiting.
INFO: 10/23/2020 02:26:50 AM MESSAGE: No Change for Site SITE_Stockholm.
INFO: 10/23/2020 02:26:50 AM MESSAGE:  No Change for Waninterface Circuit to AT&T.
INFO: 10/23/2020 02:26:50 AM MESSAGE:  No Change for Waninterface Circuit to Vodafone.
INFO: 10/23/2020 02:26:50 AM MESSAGE:  Element: Code is at correct version 5.4.1-b15.
INFO: 10/23/2020 02:26:51 AM MESSAGE:   No Change for Element ION_SWEDEN.
INFO: 10/23/2020 02:26:51 AM MESSAGE:    Updated Interface 1 (Etag 3 -> 4).
INFO: 10/23/2020 02:26:51 AM MESSAGE:    No Change for Interface 2.
INFO: 10/23/2020 02:26:51 AM MESSAGE:    No Change for Interface controller 1.
INFO: 10/23/2020 02:26:51 AM MESSAGE:    No Change for Interface 3.
INFO: 10/23/2020 02:26:51 AM MESSAGE:    No Change for Interface 4.
INFO: 10/23/2020 02:26:51 AM MESSAGE:    No Change for Interface 5.
INFO: 10/23/2020 02:26:51 AM MESSAGE:    No Change for Interface 6.
INFO: 10/23/2020 02:26:51 AM MESSAGE:    No Change for Interface 7.
INFO: 10/23/2020 02:26:51 AM MESSAGE:    No Change for Interface 8.
INFO: 10/23/2020 02:26:51 AM MESSAGE:    No Change for Interface 9.
INFO: 10/23/2020 02:26:52 AM MESSAGE:    No Change for Spoke HA in Element ION_SWEDEN.
INFO: 10/23/2020 02:26:52 AM MESSAGE:    No Change for BGP Global Config 16034199973640051.
INFO: 10/23/2020 02:26:52 AM MESSAGE:    No Change for NTP 16034197246200105.
INFO: 10/23/2020 02:26:52 AM MESSAGE:    No Change for Toolkit 16034197388900034.
INFO: 10/23/2020 02:26:52 AM MESSAGE: No Change for Site SITE_Stockholm state (active).
INFO: 10/23/2020 02:26:52 AM MESSAGE: DONE
INFO: 10/23/2020 02:27:04 AM MESSAGE: No Change for Site SITE_Stockholm.
INFO: 10/23/2020 02:27:04 AM MESSAGE:  No Change for Waninterface Circuit to AT&T.
INFO: 10/23/2020 02:27:05 AM MESSAGE:  No Change for Waninterface Circuit to Vodafone.
INFO: 10/23/2020 02:27:05 AM MESSAGE:  Element: Code is at correct version 5.4.1-b15.
INFO: 10/23/2020 02:27:05 AM MESSAGE:   No Change for Element ION_SWEDEN.
INFO: 10/23/2020 02:27:05 AM MESSAGE:    No Change for Interface 1.
INFO: 10/23/2020 02:27:05 AM MESSAGE:    No Change for Interface 2.
INFO: 10/23/2020 02:27:05 AM MESSAGE:    No Change for Interface controller 1.
INFO: 10/23/2020 02:27:05 AM MESSAGE:    No Change for Interface 3.
INFO: 10/23/2020 02:27:05 AM MESSAGE:    No Change for Interface 4.
INFO: 10/23/2020 02:27:05 AM MESSAGE:    No Change for Interface 5.
INFO: 10/23/2020 02:27:05 AM MESSAGE:    No Change for Interface 6.
INFO: 10/23/2020 02:27:05 AM MESSAGE:    No Change for Interface 7.
INFO: 10/23/2020 02:27:06 AM MESSAGE:    No Change for Interface 8.
INFO: 10/23/2020 02:27:06 AM MESSAGE:    No Change for Interface 9.
INFO: 10/23/2020 02:27:06 AM MESSAGE:    No Change for Spoke HA in Element ION_SWEDEN.
INFO: 10/23/2020 02:27:06 AM MESSAGE:    No Change for BGP Global Config 16034199973640051.
INFO: 10/23/2020 02:27:06 AM MESSAGE:    No Change for NTP 16034197246200105.
INFO: 10/23/2020 02:27:06 AM MESSAGE:    No Change for Toolkit 16034197388900034.
INFO: 10/23/2020 02:27:06 AM MESSAGE: No Change for Site SITE_Stockholm state (active).
INFO: 10/23/2020 02:27:06 AM MESSAGE: DONE
INFO: 10/24/2020 02:03:20 AM MESSAGE: Created Site SITE_Stockholm.
INFO: 10/24/2020 02:03:20 AM MESSAGE:  Created waninterface Circuit to AT&T.
INFO: 10/24/2020 02:03:21 AM MESSAGE:  Created waninterface Circuit to Vodafone.
INFO: 10/24/2020 02:03:21 AM MESSAGE:  Machine 4210c205-332d-3591-47ad-27689e5858ca is not CLAIMED, attempting to claim..
INFO: 10/24/2020 02:03:21 AM MESSAGE:  Checking Machine 4210c205-332d-3591-47ad-27689e5858ca..
INFO: 10/24/2020 02:03:21 AM MESSAGE:   Unclaimed(allocated). Beginning Claim process..
INFO: 10/24/2020 02:03:21 AM MESSAGE:   Machine 4210c205-332d-3591-47ad-27689e5858ca still claiming, waited so far 0 seconds out of 5.
ERROR: 10/24/2020 02:03:28 AM ERROR: Machine 4210c205-332d-3591-47ad-27689e5858ca Claim took longer than 5 seconds. Exiting.
INFO: 10/24/2020 02:08:24 AM MESSAGE: No Change for Site SITE_Stockholm.
INFO: 10/24/2020 02:08:24 AM MESSAGE:  No Change for Waninterface Circuit to AT&T.
INFO: 10/24/2020 02:08:24 AM MESSAGE:  No Change for Waninterface Circuit to Vodafone.
INFO: 10/24/2020 02:08:24 AM MESSAGE:  Element: Code is at correct version 5.4.1-b15.
INFO: 10/24/2020 02:08:24 AM MESSAGE:   Assigning Element Serial: 4210c205-332d-3591-47ad-27689e5858ca.
INFO: 10/24/2020 02:08:24 AM MESSAGE:   Element Serial: 4210c205-332d-3591-47ad-27689e5858ca not yet in requested state(s): bound (is bound_in_progress). Waited so far 0 seconds out of 5.
ERROR: 10/24/2020 02:08:30 AM ERROR: Element Serial: 4210c205-332d-3591-47ad-27689e5858ca state transition took longer than 5 seconds. Exiting.
INFO: 10/24/2020 02:08:42 AM MESSAGE: No Change for Site SITE_Stockholm.
INFO: 10/24/2020 02:08:43 AM MESSAGE:  No Change for Waninterface Circuit to AT&T.
INFO: 10/24/2020 02:08:43 AM MESSAGE:  No Change for Waninterface Circuit to Vodafone.
INFO: 10/24/2020 02:08:43 AM MESSAGE:  Element: Code is at correct version 5.4.1-b15.
INFO: 10/24/2020 02:08:43 AM MESSAGE:   No Change for Element ION_SWEDEN.
INFO: 10/24/2020 02:08:43 AM MESSAGE:    Updated Interface 1 (Etag 3 -> 4).
INFO: 10/24/2020 02:08:43 AM MESSAGE:    No Change for Interface 2.
INFO: 10/24/2020 02:08:43 AM MESSAGE:    No Change for Interface controller 1.
INFO: 10/24/2020 02:08:43 AM MESSAGE:    No Change for Interface 3.
INFO: 10/24/2020 02:08:43 AM MESSAGE:    No Change for Interface 4.
INFO: 10/24/2020 02:08:43 AM MESSAGE:    No Change for Interface 5.
INFO: 10/24/2020 02:08:44 AM MESSAGE:    No Change for Interface 6.
INFO: 10/24/2020 02:08:44 AM MESSAGE:    No Change for Interface 7.
INFO: 10/24/2020 02:08:44 AM MESSAGE:    No Change for Interface 8.
INFO: 10/24/2020 02:08:44 AM MESSAGE:    No Change for Interface 9.
INFO: 10/24/2020 02:08:44 AM MESSAGE:    No Change for Spoke HA in Element ION_SWEDEN.
INFO: 10/24/2020 02:08:44 AM MESSAGE:    No Change for BGP Global Config 16035053072270116.
INFO: 10/24/2020 02:08:44 AM MESSAGE:    No Change for NTP 16035050017870192.
INFO: 10/24/2020 02:08:44 AM MESSAGE:    No Change for Toolkit 16035050175040059.
INFO: 10/24/2020 02:08:44 AM MESSAGE: No Change for Site SITE_Stockholm state (active).
INFO: 10/24/2020 02:08:44 AM MESSAGE: DONE
